#
# A fatal error has been detected by the Java Runtime Environment:
#
#  SIGSEGV (0xb) at pc=0x000000010d049a54, pid=72208, tid=259
#
# JRE version: OpenJDK Runtime Environment Temurin-11.0.12+7 (11.0.12+7) (build 11.0.12+7)
# Java VM: OpenJDK 64-Bit Server VM Temurin-11.0.12+7 (11.0.12+7, mixed mode, tiered, compressed oops, g1 gc, bsd-amd64)
# Problematic frame:
# V  [libjvm.dylib+0x1d0a54]  AccessInternal::PostRuntimeDispatch<G1BarrierSet::AccessBarrier<1097844ull, G1BarrierSet>, (AccessInternal::BarrierType)2, 1097844ull>::oop_access_barrier(void*)+0x4
#
# No core dump will be written. Core dumps have been disabled. To enable core dumping, try "ulimit -c unlimited" before starting Java again
#
# If you would like to submit a bug report, please visit:
#   https://github.com/adoptium/adoptium-support/issues
#

---------------  S U M M A R Y ------------

Command Line: -javaagent:/Applications/IntelliJ IDEA CE Apple Silicon M1.app/Contents/lib/idea_rt.jar=64114:/Applications/IntelliJ IDEA CE Apple Silicon M1.app/Contents/bin -Dfile.encoding=UTF-8 --module-path=/Users/chenweilin/Desktop/java/javafx-sdk-11.0.2/lib/javafx.fxml.jar:/Users/chenweilin/Desktop/java/javafx-sdk-11.0.2/lib/javafx.media.jar:/Users/chenweilin/Desktop/java/javafx-sdk-11.0.2/lib/javafx.base.jar:/Users/chenweilin/Desktop/java/javafx-sdk-11.0.2/lib/javafx.web.jar:/Users/chenweilin/Desktop/java/javafx-sdk-11.0.2/lib/javafx.graphics.jar:/Users/chenweilin/Desktop/java/javafx-sdk-11.0.2/lib/javafx.controls.jar:/Users/chenweilin/Desktop/java/13/CSS/target/classes -Djdk.module.main=com.example.css com.example.css/com.example.css.Main

Host: iMac21,2 x86_64 2400 MHz, 8 cores, 8G, Darwin 20.5.0
Time: Sat Sep 18 00:31:57 2021 CST elapsed time: 18.505391 seconds (0d 0h 0m 18s)

---------------  T H R E A D  ---------------

Current thread (0x00007fa83f2b2800):  JavaThread "JavaFX Application Thread" [_thread_in_vm, id=259, stack(0x000000030d251000,0x000000030da51000)]

Stack: [0x000000030d251000,0x000000030da51000],  sp=0x000000030da4a9b0,  free space=8166k
Native frames: (J=compiled Java code, A=aot compiled Java code, j=interpreted, Vv=VM code, C=native code)
V  [libjvm.dylib+0x1d0a54]  AccessInternal::PostRuntimeDispatch<G1BarrierSet::AccessBarrier<1097844ull, G1BarrierSet>, (AccessInternal::BarrierType)2, 1097844ull>::oop_access_barrier(void*)+0x4
V  [libjvm.dylib+0x4067cf]  jni_GetArrayLength+0xb7
C  [libjfxwebkit.dylib+0x1648ad0]  WebCore::MediaPlayerPrivate::GetSupportedTypes()+0x180
C  [libjfxwebkit.dylib+0x1648803]  WebCore::MediaPlayerPrivate::MediaEngineSupportsType(WebCore::MediaEngineSupportParameters const&)+0xc3
C  [libjfxwebkit.dylib+0x1606be7]  WebCore::bestMediaEngineForSupportParameters(WebCore::MediaEngineSupportParameters const&, WebCore::MediaPlayerFactory const*)+0x237
C  [libjfxwebkit.dylib+0x16073e1]  WebCore::MediaPlayer::supportsType(WebCore::MediaEngineSupportParameters const&)+0xe1
C  [libjfxwebkit.dylib+0x10c8f66]  WebCore::DOMImplementation::createDocument(WTF::String const&, WebCore::Frame*, WebCore::URL const&)+0x316
C  [libjfxwebkit.dylib+0x1411fb6]  WebCore::DocumentWriter::createDocument(WebCore::URL const&)+0x96
C  [libjfxwebkit.dylib+0x140abe1]  WebCore::DocumentWriter::begin(WebCore::URL const&, bool, WebCore::Document*)+0x61
C  [libjfxwebkit.dylib+0x1a0120a]  WebCore::SVGImage::dataChanged(bool)+0x35a
C  [libjfxwebkit.dylib+0x14805ab]  WebCore::CachedImage::updateImageData(bool)+0x4b
C  [libjfxwebkit.dylib+0x1480933]  WebCore::CachedImage::finishLoading(WebCore::SharedBuffer*)+0x93
C  [libjfxwebkit.dylib+0x1455673]  WebCore::SubresourceLoader::didFinishLoading(WebCore::NetworkLoadMetrics const&)+0x1e3
C  [libjfxwebkit.dylib+0x144dea0]  WebCore::ResourceLoader::didFinishLoading(WebCore::ResourceHandle*)+0xc0
j  com.sun.webkit.network.URLLoader.twkDidFinishLoading(J)V+0 javafx.web
j  com.sun.webkit.network.URLLoader.notifyDidFinishLoading()V+41 javafx.web
j  com.sun.webkit.network.URLLoader.lambda$didFinishLoading$5()V+8 javafx.web
j  com.sun.webkit.network.URLLoader$$Lambda$426.run()V+4 javafx.web
j  com.sun.javafx.application.PlatformImpl.lambda$runLater$10(Ljava/lang/Runnable;)Ljava/lang/Void;+1 javafx.graphics
j  com.sun.javafx.application.PlatformImpl$$Lambda$89.run()Ljava/lang/Object;+4 javafx.graphics
v  ~StubRoutines::call_stub
V  [libjvm.dylib+0x3b910e]  JavaCalls::call_helper(JavaValue*, methodHandle const&, JavaCallArguments*, Thread*)+0x21a
V  [libjvm.dylib+0x43676b]  JVM_DoPrivileged+0x6df
J 1997  java.security.AccessController.doPrivileged(Ljava/security/PrivilegedAction;Ljava/security/AccessControlContext;)Ljava/lang/Object; java.base@11.0.12 (0 bytes) @ 0x0000000123aa0aa5 [0x0000000123aa09c0+0x00000000000000e5]
J 3425 c1 com.sun.javafx.application.PlatformImpl.lambda$runLater$11(Ljava/lang/Runnable;Ljava/security/AccessControlContext;)V javafx.graphics (38 bytes) @ 0x000000011cb37264 [0x000000011cb36ec0+0x00000000000003a4]
J 3424 c1 com.sun.javafx.application.PlatformImpl$$Lambda$88.run()V javafx.graphics (12 bytes) @ 0x000000011cb36b44 [0x000000011cb36ac0+0x0000000000000084]
J 3472 c1 com.sun.glass.ui.InvokeLaterDispatcher$Future.run()V javafx.graphics (91 bytes) @ 0x000000011cb50ab4 [0x000000011cb509a0+0x0000000000000114]
v  ~StubRoutines::call_stub
V  [libjvm.dylib+0x3b910e]  JavaCalls::call_helper(JavaValue*, methodHandle const&, JavaCallArguments*, Thread*)+0x21a
V  [libjvm.dylib+0x3f5591]  jni_invoke_nonstatic(JNIEnv_*, JavaValue*, _jobject*, JNICallType, _jmethodID*, JNI_ArgumentPusher*, Thread*)+0x262
V  [libjvm.dylib+0x3f9c76]  jni_CallVoidMethod+0x1d6
C  [libglass.dylib+0x879c]  -[GlassRunnable run]+0x6c
C  [Foundation+0x80bc1]  __NSThreadPerformPerform+0xcc
C  [CoreFoundation+0x816dc]  __CFRUNLOOP_IS_CALLING_OUT_TO_A_SOURCE0_PERFORM_FUNCTION__+0x11
C  [CoreFoundation+0x81644]  __CFRunLoopDoSource0+0xb4
C  [CoreFoundation+0x813ba]  __CFRunLoopDoSources0+0xf2
C  [CoreFoundation+0x7fdc8]  __CFRunLoopRun+0x381
C  [CoreFoundation+0x7f380]  CFRunLoopRunSpecific+0x237
C  [HIToolbox+0x30ab3]  RunCurrentEventLoopInMode+0x124
C  [HIToolbox+0x30815]  ReceiveNextEventCommon+0x24b
C  [HIToolbox+0x305b3]  _BlockUntilNextEventMatchingListInModeWithFilter+0x46
C  [AppKit+0x3e6f2]  _DPSNextEvent+0x360
C  [AppKit+0x3cec5]  -[NSApplication(NSEvent) _nextEventMatchingEventMask:untilDate:inMode:dequeue:]+0x554
C  [AppKit+0x2f239]  -[NSApplication run]+0x24a
C  [libglass.dylib+0xa80c]  -[GlassApplication runLoop:]+0x78c
C  [Foundation+0x80bc1]  __NSThreadPerformPerform+0xcc
C  [CoreFoundation+0x816dc]  __CFRUNLOOP_IS_CALLING_OUT_TO_A_SOURCE0_PERFORM_FUNCTION__+0x11
C  [CoreFoundation+0x81644]  __CFRunLoopDoSource0+0xb4
C  [CoreFoundation+0x813ba]  __CFRunLoopDoSources0+0xf2
C  [CoreFoundation+0x7fdc8]  __CFRunLoopRun+0x381
C  [CoreFoundation+0x7f380]  CFRunLoopRunSpecific+0x237
C  [libjli.dylib+0x664e]  CreateExecutionEnvironment+0x18e
C  [libjli.dylib+0x285e]  JLI_Launch+0x52a
C  [java+0x1807]  main+0x177
C  [libdyld.dylib+0x15f5d]  start+0x1

Java frames: (J=compiled Java code, j=interpreted, Vv=VM code)
j  com.sun.webkit.network.URLLoader.twkDidFinishLoading(J)V+0 javafx.web
j  com.sun.webkit.network.URLLoader.notifyDidFinishLoading()V+41 javafx.web
j  com.sun.webkit.network.URLLoader.lambda$didFinishLoading$5()V+8 javafx.web
j  com.sun.webkit.network.URLLoader$$Lambda$426.run()V+4 javafx.web
j  com.sun.javafx.application.PlatformImpl.lambda$runLater$10(Ljava/lang/Runnable;)Ljava/lang/Void;+1 javafx.graphics
j  com.sun.javafx.application.PlatformImpl$$Lambda$89.run()Ljava/lang/Object;+4 javafx.graphics
v  ~StubRoutines::call_stub
J 1997  java.security.AccessController.doPrivileged(Ljava/security/PrivilegedAction;Ljava/security/AccessControlContext;)Ljava/lang/Object; java.base@11.0.12 (0 bytes) @ 0x0000000123aa0a33 [0x0000000123aa09c0+0x0000000000000073]
J 3425 c1 com.sun.javafx.application.PlatformImpl.lambda$runLater$11(Ljava/lang/Runnable;Ljava/security/AccessControlContext;)V javafx.graphics (38 bytes) @ 0x000000011cb37264 [0x000000011cb36ec0+0x00000000000003a4]
J 3424 c1 com.sun.javafx.application.PlatformImpl$$Lambda$88.run()V javafx.graphics (12 bytes) @ 0x000000011cb36b44 [0x000000011cb36ac0+0x0000000000000084]
J 3472 c1 com.sun.glass.ui.InvokeLaterDispatcher$Future.run()V javafx.graphics (91 bytes) @ 0x000000011cb50ab4 [0x000000011cb509a0+0x0000000000000114]
v  ~StubRoutines::call_stub

siginfo: si_signo: 11 (SIGSEGV), si_code: 1 (SEGV_MAPERR), si_addr: 0x0000000000000000

Register to memory mapping:

RAX=0x0 is NULL
RBX=0x00007fa83f2b2800 is a thread
RCX=0x0000000000000002 is an unknown value
RDX=0x0000000000000002 is an unknown value
RSP=0x000000030da4a9b0 is pointing into the stack for thread: 0x00007fa83f2b2800
RBP=0x000000030da4a9b0 is pointing into the stack for thread: 0x00007fa83f2b2800
RSI=0x0 is NULL
RDI=0x0 is NULL
R8 =0x0 is NULL
R9 =0x0000000000000001 is an unknown value
R10=0x000000010d8627e0: _ZN19TemplateInterpreter13_active_tableE+0x4800 in /Library/Java/JavaVirtualMachines/temurin-11.jdk/Contents/Home/lib/server/libjvm.dylib at 0x000000010ce79000
R11=0x0000000131b2be00 is pointing into metadata
R12=0x00007fa83f2b2b48 points into unknown readable memory: 0x000000010d804d58 | 58 4d 80 0d 01 00 00 00
R13=0x0 is NULL
R14=0x00007fa83f2b2b48 points into unknown readable memory: 0x000000010d804d58 | 58 4d 80 0d 01 00 00 00
R15=0x0 is NULL


Registers:
RAX=0x0000000000000000, RBX=0x00007fa83f2b2800, RCX=0x0000000000000002, RDX=0x0000000000000002
RSP=0x000000030da4a9b0, RBP=0x000000030da4a9b0, RSI=0x0000000000000000, RDI=0x0000000000000000
R8 =0x0000000000000000, R9 =0x0000000000000001, R10=0x000000010d8627e0, R11=0x0000000131b2be00
R12=0x00007fa83f2b2b48, R13=0x0000000000000000, R14=0x00007fa83f2b2b48, R15=0x0000000000000000
RIP=0x000000010d049a54, EFLAGS=0x0000000000000246, ERR=0x0000000000000004
  TRAPNO=0x000000000000000e

Top of Stack: (sp=0x000000030da4a9b0)
0x000000030da4a9b0:   000000030da4a9e0 000000010d27f7cf
0x000000030da4a9c0:   00007fa83f2b2800 000000010d804d58
0x000000030da4a9d0:   0000000000000000 000000030da4ab60
0x000000030da4a9e0:   000000030da4aa50 000000013bf8bad0
0x000000030da4a9f0:   00007fa83f2b2b48 000000013bea9140
0x000000030da4aa00:   0000000000000000 0000000000000000
0x000000030da4aa10:   0000000000000000 0000000000000000
0x000000030da4aa20:   0000000000000000 0000000000000000
0x000000030da4aa30:   0000000000000000 0000000000000000
0x000000030da4aa40:   0000000000000000 000000030da4ab60
0x000000030da4aa50:   000000030da4aab0 000000013bf8b803
0x000000030da4aa60:   000000030da4aa80 000000013c4eacca
0x000000030da4aa70:   0000000000000000 0000000000000000
0x000000030da4aa80:   0000000300000000 0000000142d3e380
0x000000030da4aa90:   0000000000000000 0000000000000000
0x000000030da4aaa0:   0000000000000038 0000000000000000
0x000000030da4aab0:   000000030da4ab10 000000013bf49be7
0x000000030da4aac0:   000000030da4ab60 00007fff20315239
0x000000030da4aad0:   0000000000000000 000000013e4288c8
0x000000030da4aae0:   0000000000000000 0000000147b9ba48
0x000000030da4aaf0:   00000001482d5220 0000000147b9e2d0
0x000000030da4ab00:   000000030da4ab60 0000000000000000
0x000000030da4ab10:   000000030da4ab50 000000013bf4a3e1
0x000000030da4ab20:   0000000000000000 0000000147b349c0
0x000000030da4ab30:   0000000000000000 00000001430cb490
0x000000030da4ab40:   000000030da4ac90 000000030da4ac40
0x000000030da4ab50:   000000030da4ac00 000000013ba0bf66
0x000000030da4ab60:   0000000147b9e2a8 0000000000000000
0x000000030da4ab70:   0000000000000e00 0000000000000000
0x000000030da4ab80:   0000000000000000 0000000000000000
0x000000030da4ab90:   0000000000000000 0000000000000000
0x000000030da4aba0:   0000000000000000 0000000000000000 

Instructions: (pc=0x000000010d049a54)
0x000000010d049954:   ff 17 48 8b 18 48 8b 03 48 89 df ff 50 28 84 c0
0x000000010d049964:   74 14 48 83 c3 28 48 89 df eb 4a 45 31 f6 4c 89
0x000000010d049974:   f0 5b 41 5e 5d c3 48 8d 05 d7 c5 80 00 48 8b 18
0x000000010d049984:   48 85 db 74 25 48 89 df e8 b1 20 43 00 48 8d 3d
0x000000010d049994:   e0 de 80 00 48 83 c7 68 4c 89 f6 e8 56 f9 4a 00
0x000000010d0499a4:   48 89 df e8 30 21 43 00 eb c4 48 8d 3d c3 de 80
0x000000010d0499b4:   00 48 83 c7 68 4c 89 f6 e8 39 f9 4a 00 eb af 90
0x000000010d0499c4:   55 48 89 e5 53 50 48 89 fb 48 8d 05 c4 b1 7f 00
0x000000010d0499d4:   80 38 00 74 07 e8 1a 00 00 00 eb 05 e8 3b 5d 00
0x000000010d0499e4:   00 48 89 05 b4 7e 7b 00 48 89 df 48 83 c4 08 5b
0x000000010d0499f4:   5d ff e0 90 48 8d 05 31 44 7f 00 48 8b 00 8b 40
0x000000010d049a04:   10 ff c8 83 f8 04 73 0e 48 98 48 8d 0d ab 9b 77
0x000000010d049a14:   00 48 8b 04 c1 c3 55 48 89 e5 48 8d 3d e2 27 62
0x000000010d049a24:   00 48 8d 15 06 28 62 00 be ef 00 00 00 31 c0 e8
0x000000010d049a34:   a5 9a 0a 00 e8 a3 94 45 00 31 c0 5d c3 90 90 90
0x000000010d049a44:   55 48 89 e5 48 8b 07 5d c3 90 90 90 55 48 89 e5
0x000000010d049a54:   48 8b 07 5d c3 90 90 90 55 48 89 e5 48 8b 07 5d
0x000000010d049a64:   c3 90 90 90 55 48 89 e5 48 8b 37 48 85 f6 74 10
0x000000010d049a74:   48 8d 05 b5 43 7f 00 48 8b 38 5d e9 be 9c 4e 00
0x000000010d049a84:   31 c0 5d c3 55 48 89 e5 41 56 53 49 89 f6 48 89
0x000000010d049a94:   fb 48 8d 05 fc b0 7f 00 80 38 00 74 07 e8 1a 00
0x000000010d049aa4:   00 00 eb 05 e8 ab ab ff ff 48 89 05 ec ac 7b 00
0x000000010d049ab4:   48 89 df 4c 89 f6 5b 41 5e 5d ff e0 48 8d 05 69
0x000000010d049ac4:   43 7f 00 48 8b 00 8b 40 10 ff c8 83 f8 04 73 0e
0x000000010d049ad4:   48 98 48 8d 0d 23 9b 77 00 48 8b 04 c1 c3 55 48
0x000000010d049ae4:   89 e5 48 8d 3d 1a 27 62 00 48 8d 15 3e 27 62 00
0x000000010d049af4:   be ef 00 00 00 31 c0 e8 dd 99 0a 00 e8 db 93 45
0x000000010d049b04:   00 31 c0 5d c3 90 90 90 55 48 89 e5 8b 04 37 48
0x000000010d049b14:   85 c0 74 12 48 8d 15 e1 76 7d 00 8a 4a 08 48 d3
0x000000010d049b24:   e0 48 03 02 eb 02 31 c0 5d c3 90 90 55 48 89 e5
0x000000010d049b34:   8b 04 37 48 85 c0 74 12 48 8d 15 bd 76 7d 00 8a
0x000000010d049b44:   4a 08 48 d3 e0 48 03 02 eb 02 31 c0 5d c3 90 90 


Stack slot to memory mapping:
stack at sp + 0 slots: 0x000000030da4a9e0 is pointing into the stack for thread: 0x00007fa83f2b2800
stack at sp + 1 slots: 0x000000010d27f7cf: jni_GetArrayLength+0xb7 in /Library/Java/JavaVirtualMachines/temurin-11.jdk/Contents/Home/lib/server/libjvm.dylib at 0x000000010ce79000
stack at sp + 2 slots: 0x00007fa83f2b2800 is a thread
stack at sp + 3 slots: 0x000000010d804d58: jni_NativeInterface+0 in /Library/Java/JavaVirtualMachines/temurin-11.jdk/Contents/Home/lib/server/libjvm.dylib at 0x000000010ce79000
stack at sp + 4 slots: 0x0 is NULL
stack at sp + 5 slots: 0x000000030da4ab60 is pointing into the stack for thread: 0x00007fa83f2b2800
stack at sp + 6 slots: 0x000000030da4aa50 is pointing into the stack for thread: 0x00007fa83f2b2800
stack at sp + 7 slots: 0x000000013bf8bad0: _ZN7WebCore18MediaPlayerPrivate17GetSupportedTypesEv+0x180 in /Users/chenweilin/Desktop/java/javafx-sdk-11.0.2/lib/libjfxwebkit.dylib at 0x000000013a943000


---------------  P R O C E S S  ---------------

Threads class SMR info:
_java_thread_list=0x00007fa81ec06460, length=23, elements={
0x00007fa84f011000, 0x00007fa84f0a8000, 0x00007fa850058800, 0x00007fa84f0b4800,
0x00007fa850061000, 0x00007fa850064000, 0x00007fa84f815800, 0x00007fa84f816000,
0x00007fa8500a2000, 0x00007fa84f818800, 0x00007fa83f457000, 0x00007fa83f457800,
0x00007fa83f2b2800, 0x00007fa84fef3000, 0x00007fa850316000, 0x00007fa83f602000,
0x00007fa84ff1f000, 0x00007fa7ef880800, 0x00007fa850401800, 0x00007fa7ef0a3800,
0x00007fa7efa61000, 0x00007fa7ef886000, 0x00007fa85025c800
}

Java Threads: ( => current thread )
  0x00007fa84f011000 JavaThread "main" [_thread_blocked, id=7683, stack(0x000000030dad4000,0x000000030dbd4000)]
  0x00007fa84f0a8000 JavaThread "Reference Handler" daemon [_thread_blocked, id=16131, stack(0x000000030e1e9000,0x000000030e2e9000)]
  0x00007fa850058800 JavaThread "Finalizer" daemon [_thread_blocked, id=21763, stack(0x000000030e2ec000,0x000000030e3ec000)]
  0x00007fa84f0b4800 JavaThread "Signal Dispatcher" daemon [_thread_blocked, id=41219, stack(0x000000030e587000,0x000000030e687000)]
  0x00007fa850061000 JavaThread "Service Thread" daemon [_thread_blocked, id=40963, stack(0x000000030e68a000,0x000000030e78a000)]
  0x00007fa850064000 JavaThread "C2 CompilerThread0" daemon [_thread_blocked, id=40451, stack(0x000000030e78d000,0x000000030e88d000)]
  0x00007fa84f815800 JavaThread "C1 CompilerThread0" daemon [_thread_blocked, id=24835, stack(0x000000030e890000,0x000000030e990000)]
  0x00007fa84f816000 JavaThread "Sweeper thread" daemon [_thread_blocked, id=25091, stack(0x000000030e993000,0x000000030ea93000)]
  0x00007fa8500a2000 JavaThread "Common-Cleaner" daemon [_thread_blocked, id=39171, stack(0x000000030ea96000,0x000000030eb96000)]
  0x00007fa84f818800 JavaThread "Monitor Ctrl-Break" daemon [_thread_in_native, id=26627, stack(0x000000030eb99000,0x000000030ec99000)]
  0x00007fa83f457000 JavaThread "QuantumRenderer-0" daemon [_thread_blocked, id=37379, stack(0x000000030ed9f000,0x000000030ee9f000)]
  0x00007fa83f457800 JavaThread "InvokeLaterDispatcher" daemon [_thread_blocked, id=86279, stack(0x000000030f03b000,0x000000030f13b000)]
=>0x00007fa83f2b2800 JavaThread "JavaFX Application Thread" [_thread_in_vm, id=259, stack(0x000000030d251000,0x000000030da51000)]
  0x00007fa84fef3000 JavaThread "Thread-2" daemon [_thread_in_native, id=51971, stack(0x000000030f13e000,0x000000030f1be000)]
  0x00007fa850316000 JavaThread "JavaFX-Launcher" [_thread_blocked, id=60419, stack(0x000000030f244000,0x000000030f344000)]
  0x00007fa83f602000 JavaThread "Attach Listener" daemon [_thread_blocked, id=70919, stack(0x000000030f347000,0x000000030f447000)]
  0x00007fa84ff1f000 JavaThread "Prism Font Disposer" daemon [_thread_blocked, id=62979, stack(0x000000030f9dc000,0x000000030fadc000)]
  0x00007fa7ef880800 JavaThread "Disposer" daemon [_thread_blocked, id=66563, stack(0x000000030fadf000,0x000000030fbdf000)]
  0x00007fa850401800 JavaThread "Cleaner-0" daemon [_thread_blocked, id=92163, stack(0x000000031007a000,0x000000031017a000)]
  0x00007fa7ef0a3800 JavaThread "URL-Loader-3" daemon [_thread_blocked, id=165123, stack(0x0000000310486000,0x0000000310586000)]
  0x00007fa7efa61000 JavaThread "URL-Loader-4" daemon [_thread_blocked, id=164355, stack(0x0000000310589000,0x0000000310689000)]
  0x00007fa7ef886000 JavaThread "URL-Loader-5" daemon [_thread_blocked, id=96259, stack(0x000000031068c000,0x000000031078c000)]
  0x00007fa85025c800 JavaThread "URL-Loader-7" daemon [_thread_blocked, id=97539, stack(0x0000000310892000,0x0000000310992000)]

Other Threads:
  0x00007fa84f0a7000 VMThread "VM Thread" [stack: 0x000000030e0e6000,0x000000030e1e6000] [id=15107]
  0x00007fa84fafc000 WatcherThread [stack: 0x000000030ec9c000,0x000000030ed9c000] [id=38031]
  0x00007fa83f00f000 GCTaskThread "GC Thread#0" [stack: 0x000000030dbd7000,0x000000030dcd7000] [id=19459]
  0x00007fa850318800 GCTaskThread "GC Thread#1" [stack: 0x000000030f44a000,0x000000030f54a000] [id=61435]
  0x00007fa84f536800 GCTaskThread "GC Thread#2" [stack: 0x000000030f54d000,0x000000030f64d000] [id=69379]
  0x00007fa850319800 GCTaskThread "GC Thread#3" [stack: 0x000000030f650000,0x000000030f750000] [id=61443]
  0x00007fa850352000 GCTaskThread "GC Thread#4" [stack: 0x000000030f753000,0x000000030f853000] [id=61699]
  0x00007fa84f537000 GCTaskThread "GC Thread#5" [stack: 0x000000030f856000,0x000000030f956000] [id=61955]
  0x00007fa85002c800 ConcurrentGCThread "G1 Main Marker" [stack: 0x000000030dcda000,0x000000030ddda000] [id=13059]
  0x00007fa85002d000 ConcurrentGCThread "G1 Conc#0" [stack: 0x000000030dddd000,0x000000030dedd000] [id=18947]
  0x00007fa850353800 ConcurrentGCThread "G1 Conc#1" [stack: 0x000000030fbe2000,0x000000030fce2000] [id=174415]
  0x00007fa85002e000 ConcurrentGCThread "G1 Refine#0" [stack: 0x000000030dee0000,0x000000030dfe0000] [id=14083]
  0x00007fa84f814800 ConcurrentGCThread "G1 Young RemSet Sampling" [stack: 0x000000030dfe3000,0x000000030e0e3000] [id=18179]

Threads with active compile tasks:

VM state:not at safepoint (normal execution)

VM Mutex/Monitor currently owned by a thread: None

Heap address: 0x0000000780000000, size: 2048 MB, Compressed Oops mode: Zero based, Oop shift amount: 3
Narrow klass base: 0x0000000800000000, Narrow klass shift: 0
Compressed class space size: 1073741824 Address: 0x0000000800000000

Heap:
 garbage-first heap   total 131072K, used 53838K [0x0000000780000000, 0x0000000800000000)
  region size 1024K, 47 young (48128K), 5 survivors (5120K)
 Metaspace       used 31935K, capacity 33148K, committed 33404K, reserved 1079296K
  class space    used 3914K, capacity 4439K, committed 4476K, reserved 1048576K
Heap Regions: E=young(eden), S=young(survivor), O=old, HS=humongous(starts), HC=humongous(continues), CS=collection set, F=free, A=archive, TAMS=top-at-mark-start (previous, next)
|   0|0x0000000780000000, 0x0000000780100000, 0x0000000780100000|100%| O|  |TAMS 0x0000000780084e00, 0x0000000780000000| Untracked 
|   1|0x0000000780100000, 0x0000000780200000, 0x0000000780200000|100%|HS|  |TAMS 0x0000000780100000, 0x0000000780100000| Complete 
|   2|0x0000000780200000, 0x0000000780300000, 0x0000000780300000|100%|HC|  |TAMS 0x0000000780200000, 0x0000000780200000| Complete 
|   3|0x0000000780300000, 0x0000000780400000, 0x0000000780400000|100%| O|  |TAMS 0x0000000780300000, 0x0000000780300000| Untracked 
|   4|0x0000000780400000, 0x0000000780500000, 0x0000000780500000|100%| O|  |TAMS 0x0000000780400000, 0x0000000780400000| Untracked 
|   5|0x0000000780500000, 0x0000000780600000, 0x0000000780600000|100%| O|  |TAMS 0x0000000780500000, 0x0000000780500000| Untracked 
|   6|0x0000000780600000, 0x0000000780700000, 0x0000000780700000|100%| O|  |TAMS 0x0000000780600000, 0x0000000780600000| Untracked 
|   7|0x0000000780700000, 0x0000000780800000, 0x0000000780800000|100%| O|  |TAMS 0x0000000780700000, 0x0000000780700000| Untracked 
|   8|0x0000000780800000, 0x000000078086b800, 0x0000000780900000| 41%| O|  |TAMS 0x0000000780800000, 0x0000000780800000| Untracked 
|   9|0x0000000780900000, 0x0000000780900000, 0x0000000780a00000|  0%| F|  |TAMS 0x0000000780900000, 0x0000000780900000| Untracked 
|  10|0x0000000780a00000, 0x0000000780a00000, 0x0000000780b00000|  0%| F|  |TAMS 0x0000000780a00000, 0x0000000780a00000| Untracked 
|  11|0x0000000780b00000, 0x0000000780b00000, 0x0000000780c00000|  0%| F|  |TAMS 0x0000000780b00000, 0x0000000780b00000| Untracked 
|  12|0x0000000780c00000, 0x0000000780c00000, 0x0000000780d00000|  0%| F|  |TAMS 0x0000000780c00000, 0x0000000780c00000| Untracked 
|  13|0x0000000780d00000, 0x0000000780d00000, 0x0000000780e00000|  0%| F|  |TAMS 0x0000000780d00000, 0x0000000780d00000| Untracked 
|  14|0x0000000780e00000, 0x0000000780e00000, 0x0000000780f00000|  0%| F|  |TAMS 0x0000000780e00000, 0x0000000780e00000| Untracked 
|  15|0x0000000780f00000, 0x0000000780f00000, 0x0000000781000000|  0%| F|  |TAMS 0x0000000780f00000, 0x0000000780f00000| Untracked 
|  16|0x0000000781000000, 0x0000000781000000, 0x0000000781100000|  0%| F|  |TAMS 0x0000000781000000, 0x0000000781000000| Untracked 
|  17|0x0000000781100000, 0x0000000781100000, 0x0000000781200000|  0%| F|  |TAMS 0x0000000781100000, 0x0000000781100000| Untracked 
|  18|0x0000000781200000, 0x0000000781200000, 0x0000000781300000|  0%| F|  |TAMS 0x0000000781200000, 0x0000000781200000| Untracked 
|  19|0x0000000781300000, 0x0000000781300000, 0x0000000781400000|  0%| F|  |TAMS 0x0000000781300000, 0x0000000781300000| Untracked 
|  20|0x0000000781400000, 0x0000000781400000, 0x0000000781500000|  0%| F|  |TAMS 0x0000000781400000, 0x0000000781400000| Untracked 
|  21|0x0000000781500000, 0x0000000781500000, 0x0000000781600000|  0%| F|  |TAMS 0x0000000781500000, 0x0000000781500000| Untracked 
|  22|0x0000000781600000, 0x0000000781600000, 0x0000000781700000|  0%| F|  |TAMS 0x0000000781600000, 0x0000000781600000| Untracked 
|  23|0x0000000781700000, 0x0000000781700000, 0x0000000781800000|  0%| F|  |TAMS 0x0000000781700000, 0x0000000781700000| Untracked 
|  24|0x0000000781800000, 0x0000000781800000, 0x0000000781900000|  0%| F|  |TAMS 0x0000000781800000, 0x0000000781800000| Untracked 
|  25|0x0000000781900000, 0x0000000781900000, 0x0000000781a00000|  0%| F|  |TAMS 0x0000000781900000, 0x0000000781900000| Untracked 
|  26|0x0000000781a00000, 0x0000000781a00000, 0x0000000781b00000|  0%| F|  |TAMS 0x0000000781a00000, 0x0000000781a00000| Untracked 
|  27|0x0000000781b00000, 0x0000000781b00000, 0x0000000781c00000|  0%| F|  |TAMS 0x0000000781b00000, 0x0000000781b00000| Untracked 
|  28|0x0000000781c00000, 0x0000000781c00000, 0x0000000781d00000|  0%| F|  |TAMS 0x0000000781c00000, 0x0000000781c00000| Untracked 
|  29|0x0000000781d00000, 0x0000000781d00000, 0x0000000781e00000|  0%| F|  |TAMS 0x0000000781d00000, 0x0000000781d00000| Untracked 
|  30|0x0000000781e00000, 0x0000000781e00000, 0x0000000781f00000|  0%| F|  |TAMS 0x0000000781e00000, 0x0000000781e00000| Untracked 
|  31|0x0000000781f00000, 0x0000000781f00000, 0x0000000782000000|  0%| F|  |TAMS 0x0000000781f00000, 0x0000000781f00000| Untracked 
|  32|0x0000000782000000, 0x0000000782000000, 0x0000000782100000|  0%| F|  |TAMS 0x0000000782000000, 0x0000000782000000| Untracked 
|  33|0x0000000782100000, 0x0000000782100000, 0x0000000782200000|  0%| F|  |TAMS 0x0000000782100000, 0x0000000782100000| Untracked 
|  34|0x0000000782200000, 0x0000000782200000, 0x0000000782300000|  0%| F|  |TAMS 0x0000000782200000, 0x0000000782200000| Untracked 
|  35|0x0000000782300000, 0x0000000782300000, 0x0000000782400000|  0%| F|  |TAMS 0x0000000782300000, 0x0000000782300000| Untracked 
|  36|0x0000000782400000, 0x0000000782400000, 0x0000000782500000|  0%| F|  |TAMS 0x0000000782400000, 0x0000000782400000| Untracked 
|  37|0x0000000782500000, 0x0000000782500000, 0x0000000782600000|  0%| F|  |TAMS 0x0000000782500000, 0x0000000782500000| Untracked 
|  38|0x0000000782600000, 0x0000000782600000, 0x0000000782700000|  0%| F|  |TAMS 0x0000000782600000, 0x0000000782600000| Untracked 
|  39|0x0000000782700000, 0x0000000782700000, 0x0000000782800000|  0%| F|  |TAMS 0x0000000782700000, 0x0000000782700000| Untracked 
|  40|0x0000000782800000, 0x0000000782800000, 0x0000000782900000|  0%| F|  |TAMS 0x0000000782800000, 0x0000000782800000| Untracked 
|  41|0x0000000782900000, 0x0000000782900000, 0x0000000782a00000|  0%| F|  |TAMS 0x0000000782900000, 0x0000000782900000| Untracked 
|  42|0x0000000782a00000, 0x0000000782a00000, 0x0000000782b00000|  0%| F|  |TAMS 0x0000000782a00000, 0x0000000782a00000| Untracked 
|  43|0x0000000782b00000, 0x0000000782b00000, 0x0000000782c00000|  0%| F|  |TAMS 0x0000000782b00000, 0x0000000782b00000| Untracked 
|  44|0x0000000782c00000, 0x0000000782c00000, 0x0000000782d00000|  0%| F|  |TAMS 0x0000000782c00000, 0x0000000782c00000| Untracked 
|  45|0x0000000782d00000, 0x0000000782d00000, 0x0000000782e00000|  0%| F|  |TAMS 0x0000000782d00000, 0x0000000782d00000| Untracked 
|  46|0x0000000782e00000, 0x0000000782e00000, 0x0000000782f00000|  0%| F|  |TAMS 0x0000000782e00000, 0x0000000782e00000| Untracked 
|  47|0x0000000782f00000, 0x0000000782f00000, 0x0000000783000000|  0%| F|  |TAMS 0x0000000782f00000, 0x0000000782f00000| Untracked 
|  48|0x0000000783000000, 0x0000000783000000, 0x0000000783100000|  0%| F|  |TAMS 0x0000000783000000, 0x0000000783000000| Untracked 
|  49|0x0000000783100000, 0x0000000783100000, 0x0000000783200000|  0%| F|  |TAMS 0x0000000783100000, 0x0000000783100000| Untracked 
|  50|0x0000000783200000, 0x0000000783200000, 0x0000000783300000|  0%| F|  |TAMS 0x0000000783200000, 0x0000000783200000| Untracked 
|  51|0x0000000783300000, 0x0000000783300000, 0x0000000783400000|  0%| F|  |TAMS 0x0000000783300000, 0x0000000783300000| Untracked 
|  52|0x0000000783400000, 0x0000000783400000, 0x0000000783500000|  0%| F|  |TAMS 0x0000000783400000, 0x0000000783400000| Untracked 
|  53|0x0000000783500000, 0x0000000783500000, 0x0000000783600000|  0%| F|  |TAMS 0x0000000783500000, 0x0000000783500000| Untracked 
|  54|0x0000000783600000, 0x0000000783600000, 0x0000000783700000|  0%| F|  |TAMS 0x0000000783600000, 0x0000000783600000| Untracked 
|  55|0x0000000783700000, 0x0000000783700000, 0x0000000783800000|  0%| F|  |TAMS 0x0000000783700000, 0x0000000783700000| Untracked 
|  56|0x0000000783800000, 0x0000000783800000, 0x0000000783900000|  0%| F|  |TAMS 0x0000000783800000, 0x0000000783800000| Untracked 
|  57|0x0000000783900000, 0x0000000783900000, 0x0000000783a00000|  0%| F|  |TAMS 0x0000000783900000, 0x0000000783900000| Untracked 
|  58|0x0000000783a00000, 0x0000000783a00000, 0x0000000783b00000|  0%| F|  |TAMS 0x0000000783a00000, 0x0000000783a00000| Untracked 
|  59|0x0000000783b00000, 0x0000000783b00000, 0x0000000783c00000|  0%| F|  |TAMS 0x0000000783b00000, 0x0000000783b00000| Untracked 
|  60|0x0000000783c00000, 0x0000000783c00000, 0x0000000783d00000|  0%| F|  |TAMS 0x0000000783c00000, 0x0000000783c00000| Untracked 
|  61|0x0000000783d00000, 0x0000000783d00000, 0x0000000783e00000|  0%| F|  |TAMS 0x0000000783d00000, 0x0000000783d00000| Untracked 
|  62|0x0000000783e00000, 0x0000000783e00000, 0x0000000783f00000|  0%| F|  |TAMS 0x0000000783e00000, 0x0000000783e00000| Untracked 
|  63|0x0000000783f00000, 0x0000000783f00000, 0x0000000784000000|  0%| F|  |TAMS 0x0000000783f00000, 0x0000000783f00000| Untracked 
|  64|0x0000000784000000, 0x0000000784000000, 0x0000000784100000|  0%| F|  |TAMS 0x0000000784000000, 0x0000000784000000| Untracked 
|  65|0x0000000784100000, 0x0000000784100000, 0x0000000784200000|  0%| F|  |TAMS 0x0000000784100000, 0x0000000784100000| Untracked 
|  66|0x0000000784200000, 0x0000000784200000, 0x0000000784300000|  0%| F|  |TAMS 0x0000000784200000, 0x0000000784200000| Untracked 
|  67|0x0000000784300000, 0x0000000784300000, 0x0000000784400000|  0%| F|  |TAMS 0x0000000784300000, 0x0000000784300000| Untracked 
|  68|0x0000000784400000, 0x0000000784400000, 0x0000000784500000|  0%| F|  |TAMS 0x0000000784400000, 0x0000000784400000| Untracked 
|  69|0x0000000784500000, 0x0000000784500000, 0x0000000784600000|  0%| F|  |TAMS 0x0000000784500000, 0x0000000784500000| Untracked 
|  70|0x0000000784600000, 0x0000000784600000, 0x0000000784700000|  0%| F|  |TAMS 0x0000000784600000, 0x0000000784600000| Untracked 
|  71|0x0000000784700000, 0x0000000784700000, 0x0000000784800000|  0%| F|  |TAMS 0x0000000784700000, 0x0000000784700000| Untracked 
|  72|0x0000000784800000, 0x0000000784800000, 0x0000000784900000|  0%| F|  |TAMS 0x0000000784800000, 0x0000000784800000| Untracked 
|  73|0x0000000784900000, 0x0000000784900000, 0x0000000784a00000|  0%| F|  |TAMS 0x0000000784900000, 0x0000000784900000| Untracked 
|  74|0x0000000784a00000, 0x0000000784a00000, 0x0000000784b00000|  0%| F|  |TAMS 0x0000000784a00000, 0x0000000784a00000| Untracked 
|  75|0x0000000784b00000, 0x0000000784b00000, 0x0000000784c00000|  0%| F|  |TAMS 0x0000000784b00000, 0x0000000784b00000| Untracked 
|  76|0x0000000784c00000, 0x0000000784c00000, 0x0000000784d00000|  0%| F|  |TAMS 0x0000000784c00000, 0x0000000784c00000| Untracked 
|  77|0x0000000784d00000, 0x0000000784d00000, 0x0000000784e00000|  0%| F|  |TAMS 0x0000000784d00000, 0x0000000784d00000| Untracked 
|  78|0x0000000784e00000, 0x0000000784e00000, 0x0000000784f00000|  0%| F|  |TAMS 0x0000000784e00000, 0x0000000784e00000| Untracked 
|  79|0x0000000784f00000, 0x0000000784f281e0, 0x0000000785000000| 15%| S|CS|TAMS 0x0000000784f00000, 0x0000000784f00000| Complete 
|  80|0x0000000785000000, 0x0000000785100000, 0x0000000785100000|100%| S|CS|TAMS 0x0000000785000000, 0x0000000785000000| Complete 
|  81|0x0000000785100000, 0x0000000785200000, 0x0000000785200000|100%| S|CS|TAMS 0x0000000785100000, 0x0000000785100000| Complete 
|  82|0x0000000785200000, 0x0000000785300000, 0x0000000785300000|100%| S|CS|TAMS 0x0000000785200000, 0x0000000785200000| Complete 
|  83|0x0000000785300000, 0x0000000785400000, 0x0000000785400000|100%| S|CS|TAMS 0x0000000785300000, 0x0000000785300000| Complete 
|  84|0x0000000785400000, 0x0000000785400000, 0x0000000785500000|  0%| F|  |TAMS 0x0000000785400000, 0x0000000785400000| Untracked 
|  85|0x0000000785500000, 0x0000000785500000, 0x0000000785600000|  0%| F|  |TAMS 0x0000000785500000, 0x0000000785500000| Untracked 
|  86|0x0000000785600000, 0x00000007856dff78, 0x0000000785700000| 87%| E|  |TAMS 0x0000000785600000, 0x0000000785600000| Complete 
|  87|0x0000000785700000, 0x0000000785800000, 0x0000000785800000|100%| E|CS|TAMS 0x0000000785700000, 0x0000000785700000| Complete 
|  88|0x0000000785800000, 0x0000000785900000, 0x0000000785900000|100%| E|CS|TAMS 0x0000000785800000, 0x0000000785800000| Complete 
|  89|0x0000000785900000, 0x0000000785a00000, 0x0000000785a00000|100%| E|CS|TAMS 0x0000000785900000, 0x0000000785900000| Complete 
|  90|0x0000000785a00000, 0x0000000785b00000, 0x0000000785b00000|100%| E|CS|TAMS 0x0000000785a00000, 0x0000000785a00000| Complete 
|  91|0x0000000785b00000, 0x0000000785c00000, 0x0000000785c00000|100%| E|CS|TAMS 0x0000000785b00000, 0x0000000785b00000| Complete 
|  92|0x0000000785c00000, 0x0000000785d00000, 0x0000000785d00000|100%| E|CS|TAMS 0x0000000785c00000, 0x0000000785c00000| Complete 
|  93|0x0000000785d00000, 0x0000000785e00000, 0x0000000785e00000|100%| E|CS|TAMS 0x0000000785d00000, 0x0000000785d00000| Complete 
|  94|0x0000000785e00000, 0x0000000785f00000, 0x0000000785f00000|100%| E|CS|TAMS 0x0000000785e00000, 0x0000000785e00000| Complete 
|  95|0x0000000785f00000, 0x0000000786000000, 0x0000000786000000|100%| E|CS|TAMS 0x0000000785f00000, 0x0000000785f00000| Complete 
|  96|0x0000000786000000, 0x0000000786100000, 0x0000000786100000|100%| E|CS|TAMS 0x0000000786000000, 0x0000000786000000| Complete 
|  97|0x0000000786100000, 0x0000000786200000, 0x0000000786200000|100%| E|CS|TAMS 0x0000000786100000, 0x0000000786100000| Complete 
|  98|0x0000000786200000, 0x0000000786300000, 0x0000000786300000|100%| E|CS|TAMS 0x0000000786200000, 0x0000000786200000| Complete 
|  99|0x0000000786300000, 0x0000000786400000, 0x0000000786400000|100%| E|CS|TAMS 0x0000000786300000, 0x0000000786300000| Complete 
| 100|0x0000000786400000, 0x0000000786500000, 0x0000000786500000|100%| E|CS|TAMS 0x0000000786400000, 0x0000000786400000| Complete 
| 101|0x0000000786500000, 0x0000000786600000, 0x0000000786600000|100%| E|CS|TAMS 0x0000000786500000, 0x0000000786500000| Complete 
| 102|0x0000000786600000, 0x0000000786700000, 0x0000000786700000|100%| E|CS|TAMS 0x0000000786600000, 0x0000000786600000| Complete 
| 103|0x0000000786700000, 0x0000000786800000, 0x0000000786800000|100%| E|CS|TAMS 0x0000000786700000, 0x0000000786700000| Complete 
| 104|0x0000000786800000, 0x0000000786900000, 0x0000000786900000|100%| E|CS|TAMS 0x0000000786800000, 0x0000000786800000| Complete 
| 105|0x0000000786900000, 0x0000000786a00000, 0x0000000786a00000|100%| E|CS|TAMS 0x0000000786900000, 0x0000000786900000| Complete 
| 106|0x0000000786a00000, 0x0000000786b00000, 0x0000000786b00000|100%| E|CS|TAMS 0x0000000786a00000, 0x0000000786a00000| Complete 
| 107|0x0000000786b00000, 0x0000000786c00000, 0x0000000786c00000|100%| E|CS|TAMS 0x0000000786b00000, 0x0000000786b00000| Complete 
| 108|0x0000000786c00000, 0x0000000786d00000, 0x0000000786d00000|100%| E|CS|TAMS 0x0000000786c00000, 0x0000000786c00000| Complete 
| 109|0x0000000786d00000, 0x0000000786e00000, 0x0000000786e00000|100%| E|CS|TAMS 0x0000000786d00000, 0x0000000786d00000| Complete 
| 110|0x0000000786e00000, 0x0000000786f00000, 0x0000000786f00000|100%| E|CS|TAMS 0x0000000786e00000, 0x0000000786e00000| Complete 
| 111|0x0000000786f00000, 0x0000000787000000, 0x0000000787000000|100%| E|CS|TAMS 0x0000000786f00000, 0x0000000786f00000| Complete 
| 112|0x0000000787000000, 0x0000000787100000, 0x0000000787100000|100%| E|CS|TAMS 0x0000000787000000, 0x0000000787000000| Complete 
| 113|0x0000000787100000, 0x0000000787200000, 0x0000000787200000|100%| E|CS|TAMS 0x0000000787100000, 0x0000000787100000| Complete 
| 114|0x0000000787200000, 0x0000000787300000, 0x0000000787300000|100%| E|CS|TAMS 0x0000000787200000, 0x0000000787200000| Complete 
| 115|0x0000000787300000, 0x0000000787400000, 0x0000000787400000|100%| E|CS|TAMS 0x0000000787300000, 0x0000000787300000| Complete 
| 116|0x0000000787400000, 0x0000000787500000, 0x0000000787500000|100%| E|CS|TAMS 0x0000000787400000, 0x0000000787400000| Complete 
| 117|0x0000000787500000, 0x0000000787600000, 0x0000000787600000|100%| E|CS|TAMS 0x0000000787500000, 0x0000000787500000| Complete 
| 118|0x0000000787600000, 0x0000000787700000, 0x0000000787700000|100%| E|CS|TAMS 0x0000000787600000, 0x0000000787600000| Complete 
| 119|0x0000000787700000, 0x0000000787800000, 0x0000000787800000|100%| E|CS|TAMS 0x0000000787700000, 0x0000000787700000| Complete 
| 120|0x0000000787800000, 0x0000000787900000, 0x0000000787900000|100%| E|CS|TAMS 0x0000000787800000, 0x0000000787800000| Complete 
| 121|0x0000000787900000, 0x0000000787a00000, 0x0000000787a00000|100%| E|  |TAMS 0x0000000787900000, 0x0000000787900000| Complete 
| 122|0x0000000787a00000, 0x0000000787b00000, 0x0000000787b00000|100%| E|CS|TAMS 0x0000000787a00000, 0x0000000787a00000| Complete 
| 123|0x0000000787b00000, 0x0000000787c00000, 0x0000000787c00000|100%| E|CS|TAMS 0x0000000787b00000, 0x0000000787b00000| Complete 
| 124|0x0000000787c00000, 0x0000000787d00000, 0x0000000787d00000|100%| E|CS|TAMS 0x0000000787c00000, 0x0000000787c00000| Complete 
| 125|0x0000000787d00000, 0x0000000787e00000, 0x0000000787e00000|100%| E|CS|TAMS 0x0000000787d00000, 0x0000000787d00000| Complete 
| 126|0x0000000787e00000, 0x0000000787f00000, 0x0000000787f00000|100%| E|CS|TAMS 0x0000000787e00000, 0x0000000787e00000| Complete 
| 127|0x0000000787f00000, 0x0000000788000000, 0x0000000788000000|100%| E|CS|TAMS 0x0000000787f00000, 0x0000000787f00000| Complete 

Card table byte_map: [0x000000012b307000,0x000000012b707000] _byte_map_base: 0x0000000127707000

Marking Bits (Prev, Next): (CMBitMap*) 0x00007fa850023c50, (CMBitMap*) 0x00007fa850023c18
 Prev Bits: [0x000000012db07000, 0x000000012fb07000)
 Next Bits: [0x000000012bb07000, 0x000000012db07000)

Polling page: 0x0000000104b68000

Metaspace:

Usage:
  Non-class:     28.04 MB capacity,    27.36 MB ( 98%) used,   552.30 KB (  2%) free+waste,   135.12 KB ( <1%) overhead. 
      Class:      4.33 MB capacity,     3.82 MB ( 88%) used,   456.21 KB ( 10%) free+waste,    68.62 KB (  2%) overhead. 
       Both:     32.37 MB capacity,    31.19 MB ( 96%) used,  1008.51 KB (  3%) free+waste,   203.75 KB ( <1%) overhead. 

Virtual space:
  Non-class space:       30.00 MB reserved,      28.25 MB ( 94%) committed 
      Class space:        1.00 GB reserved,       4.37 MB ( <1%) committed 
             Both:        1.03 GB reserved,      32.62 MB (  3%) committed 

Chunk freelists:
   Non-Class:  71.00 KB
       Class:  9.00 KB
        Both:  80.00 KB

MaxMetaspaceSize: unlimited
CompressedClassSpaceSize: 1.00 GB
Initial GC threshold: 20.80 MB
Current GC threshold: 35.20 MB
CDS: off

CodeHeap 'non-profiled nmethods': size=120032Kb used=1742Kb max_used=1742Kb free=118289Kb
 bounds [0x00000001239cf000, 0x0000000123c3f000, 0x000000012af07000]
CodeHeap 'profiled nmethods': size=120028Kb used=7522Kb max_used=7522Kb free=112505Kb
 bounds [0x000000011c498000, 0x000000011cbf8000, 0x00000001239cf000]
CodeHeap 'non-nmethods': size=5700Kb used=1531Kb max_used=1555Kb free=4168Kb
 bounds [0x000000011bf07000, 0x000000011c177000, 0x000000011c498000]
 total_blobs=4658 nmethods=3762 adapters=810
 compilation: enabled
              stopped_count=0, restarted_count=0
 full_count=0

Compilation events (20 events):
Event: 15.836 Thread 0x00007fa84f815800 3757       3       com.sun.crypto.provider.GHASH::putLong (37 bytes)
Event: 15.838 Thread 0x00007fa84f815800 nmethod 3757 0x000000011cbea490 code [0x000000011cbea640, 0x000000011cbea7f0]
Event: 15.838 Thread 0x00007fa84f815800 3758       3       com.sun.crypto.provider.GHASH::reset (15 bytes)
Event: 15.838 Thread 0x00007fa84f815800 nmethod 3758 0x000000011cbea910 code [0x000000011cbeaac0, 0x000000011cbeac30]
Event: 15.838 Thread 0x00007fa84f815800 3756       1       com.sun.crypto.provider.CipherCore::getMode (5 bytes)
Event: 15.838 Thread 0x00007fa84f815800 nmethod 3756 0x0000000123b80990 code [0x0000000123b80b40, 0x0000000123b80bf0]
Event: 15.838 Thread 0x00007fa84f815800 3759       1       javax.crypto.spec.SecretKeySpec::getAlgorithm (5 bytes)
Event: 15.839 Thread 0x00007fa84f815800 nmethod 3759 0x0000000123b80c90 code [0x0000000123b80e40, 0x0000000123b80ef0]
Event: 15.852 Thread 0x00007fa84f815800 3760       1       sun.security.ssl.SSLSocketImpl::isClosed (5 bytes)
Event: 15.852 Thread 0x00007fa84f815800 nmethod 3760 0x0000000123b80f90 code [0x0000000123b81140, 0x0000000123b811f0]
Event: 18.486 Thread 0x00007fa850064000 3761       4       java.lang.StringLatin1::indexOf (121 bytes)
Event: 18.492 Thread 0x00007fa84f815800 3762       3       java.lang.invoke.DelegatingMethodHandle::makeReinvokerForm (10 bytes)
Event: 18.492 Thread 0x00007fa84f815800 nmethod 3762 0x000000011cbead10 code [0x000000011cbeaec0, 0x000000011cbeafe0]
Event: 18.492 Thread 0x00007fa84f815800 3763       3       java.lang.invoke.DelegatingMethodHandle::makeReinvokerForm (344 bytes)
Event: 18.496 Thread 0x00007fa84f815800 nmethod 3763 0x000000011cbeb090 code [0x000000011cbeb460, 0x000000011cbed5f0]
Event: 18.497 Thread 0x00007fa84f815800 3766       3       java.nio.CharBuffer::<init> (22 bytes)
Event: 18.498 Thread 0x00007fa84f815800 nmethod 3766 0x000000011cbee410 code [0x000000011cbee5c0, 0x000000011cbee760]
Event: 18.498 Thread 0x00007fa84f815800 3768   !   3       java.io.BufferedWriter::write (117 bytes)
Event: 18.499 Thread 0x00007fa84f815800 nmethod 3768 0x000000011cbee810 code [0x000000011cbeea20, 0x000000011cbef100]
Event: 18.499 Thread 0x00007fa84f815800 3764   !   3       java.nio.CharBuffer::wrap (20 bytes)

GC Heap History (6 events):
Event: 1.129 GC heap before
{Heap before GC invocations=0 (full 0):
 garbage-first heap   total 131072K, used 23552K [0x0000000780000000, 0x0000000800000000)
  region size 1024K, 24 young (24576K), 0 survivors (0K)
 Metaspace       used 12822K, capacity 13199K, committed 13312K, reserved 1060864K
  class space    used 1379K, capacity 1513K, committed 1536K, reserved 1048576K
}
Event: 1.142 GC heap after
{Heap after GC invocations=1 (full 0):
 garbage-first heap   total 131072K, used 3603K [0x0000000780000000, 0x0000000800000000)
  region size 1024K, 3 young (3072K), 3 survivors (3072K)
 Metaspace       used 12822K, capacity 13199K, committed 13312K, reserved 1060864K
  class space    used 1379K, capacity 1513K, committed 1536K, reserved 1048576K
}
Event: 2.181 GC heap before
{Heap before GC invocations=1 (full 0):
 garbage-first heap   total 131072K, used 29203K [0x0000000780000000, 0x0000000800000000)
  region size 1024K, 29 young (29696K), 3 survivors (3072K)
 Metaspace       used 20674K, capacity 21201K, committed 21248K, reserved 1067008K
  class space    used 2548K, capacity 2789K, committed 2816K, reserved 1048576K
}
Event: 2.190 GC heap after
{Heap after GC invocations=2 (full 0):
 garbage-first heap   total 131072K, used 7047K [0x0000000780000000, 0x0000000800000000)
  region size 1024K, 7 young (7168K), 7 survivors (7168K)
 Metaspace       used 20674K, capacity 21201K, committed 21248K, reserved 1067008K
  class space    used 2548K, capacity 2789K, committed 2816K, reserved 1048576K
}
Event: 5.960 GC heap before
{Heap before GC invocations=3 (full 0):
 garbage-first heap   total 131072K, used 45959K [0x0000000780000000, 0x0000000800000000)
  region size 1024K, 44 young (45056K), 7 survivors (7168K)
 Metaspace       used 27747K, capacity 28804K, committed 29052K, reserved 1075200K
  class space    used 3438K, capacity 3916K, committed 3964K, reserved 1048576K
}
Event: 5.981 GC heap after
{Heap after GC invocations=4 (full 0):
 garbage-first heap   total 131072K, used 12878K [0x0000000780000000, 0x0000000800000000)
  region size 1024K, 5 young (5120K), 5 survivors (5120K)
 Metaspace       used 27747K, capacity 28804K, committed 29052K, reserved 1075200K
  class space    used 3438K, capacity 3916K, committed 3964K, reserved 1048576K
}

Deoptimization events (20 events):
Event: 7.165 Thread 0x00007fa7efaaf800 DEOPT PACKING pc=0x000000011cb37f5b sp=0x0000000310d9b0b0
Event: 7.165 Thread 0x00007fa7efaaf800 DEOPT UNPACKING pc=0x000000011bf5162b sp=0x0000000310d9a5e0 mode 0
Event: 7.170 Thread 0x00007fa85025c800 DEOPT PACKING pc=0x000000011cb37f5b sp=0x000000031098f0b0
Event: 7.170 Thread 0x00007fa85025c800 DEOPT UNPACKING pc=0x000000011bf5162b sp=0x000000031098e5e0 mode 0
Event: 7.186 Thread 0x00007fa85012f000 DEOPT PACKING pc=0x000000011cabe592 sp=0x0000000310b950f0
Event: 7.186 Thread 0x00007fa85012f000 DEOPT UNPACKING pc=0x000000011bf5162b sp=0x0000000310b945a8 mode 0
Event: 7.188 Thread 0x00007fa85025c800 DEOPT PACKING pc=0x000000011caa334f sp=0x000000031098e830
Event: 7.188 Thread 0x00007fa85025c800 DEOPT UNPACKING pc=0x000000011bf5162b sp=0x000000031098dcf0 mode 0
Event: 7.235 Thread 0x00007fa7ef0b3000 Uncommon trap: trap_request=0xffffffcc fr.pc=0x0000000123b6ace0 relative=0x0000000000001f80
Event: 7.235 Thread 0x00007fa7ef0b3000 Uncommon trap: reason=intrinsic_or_type_checked_inlining action=make_not_entrant pc=0x0000000123b6ace0 method=java.util.ArrayList$SubList.toArray([Ljava/lang/Object;)[Ljava/lang/Object; @ 58 c2
Event: 7.235 Thread 0x00007fa7ef0b3000 DEOPT PACKING pc=0x0000000123b6ace0 sp=0x0000000310a923d0
Event: 7.235 Thread 0x00007fa7ef0b3000 DEOPT UNPACKING pc=0x000000011bf50e9f sp=0x0000000310a92338 mode 2
Event: 7.292 Thread 0x00007fa7efa90800 DEOPT PACKING pc=0x000000011cab57ce sp=0x000000031088c220
Event: 7.292 Thread 0x00007fa7efa90800 DEOPT UNPACKING pc=0x000000011bf5162b sp=0x000000031088b698 mode 0
Event: 7.292 Thread 0x00007fa7efa90800 DEOPT PACKING pc=0x000000011cab57ce sp=0x000000031088c220
Event: 7.292 Thread 0x00007fa7efa90800 DEOPT UNPACKING pc=0x000000011bf5162b sp=0x000000031088b698 mode 0
Event: 18.496 Thread 0x00007fa83f2b2800 Uncommon trap: trap_request=0xffffff4d fr.pc=0x0000000123a9835c relative=0x000000000000057c
Event: 18.496 Thread 0x00007fa83f2b2800 Uncommon trap: reason=unstable_if action=reinterpret pc=0x0000000123a9835c method=jdk.internal.module.Checks.isJavaIdentifier(Ljava/lang/String;)Z @ 4 c2
Event: 18.496 Thread 0x00007fa83f2b2800 DEOPT PACKING pc=0x0000000123a9835c sp=0x000000030da48310
Event: 18.496 Thread 0x00007fa83f2b2800 DEOPT UNPACKING pc=0x000000011bf50e9f sp=0x000000030da482d0 mode 2

Classes redefined (0 events):
No events

Internal exceptions (20 events):
Event: 4.928 Thread 0x00007fa83f2b2800 Exception <a 'sun/nio/fs/UnixException'{0x00000007871ccfe0}> (0x00000007871ccfe0) thrown at [./src/hotspot/share/prims/jni.cpp, line 615]
Event: 4.944 Thread 0x00007fa83f2b2800 Exception <a 'java/lang/NoSuchMethodError'{0x000000078705aeb0}: 'java.lang.Object java.lang.invoke.DirectMethodHandle$Holder.invokeStatic(java.lang.Object, java.lang.Object, java.lang.Object, java.lang.Object, java.lang.Object, java.lang.Object, java.lang.Object, java.lang.Object, java.lang.Object, java.lang.Object, java.lang.Object, java.lang.Object, java.lang.Object, int, int, java.lang.Object)'> (0x000000078705aeb0) thrown at [./src/hotspot/share/interpreter/linkResolver.cpp, line 773]
Event: 4.947 Thread 0x00007fa83f2b2800 Exception <a 'java/lang/NoSuchMethodError'{0x000000078706aec8}: 'java.lang.Object java.lang.invoke.DelegatingMethodHandle$Holder.reinvoke_L(java.lang.Object, long, java.lang.Object)'> (0x000000078706aec8) thrown at [./src/hotspot/share/interpreter/linkResolver.cpp, line 773]
Event: 4.955 Thread 0x00007fa83f2b2800 Exception <a 'java/lang/NoSuchMethodError'{0x00000007870ea838}: 'java.lang.Object java.lang.invoke.DelegatingMethodHandle$Holder.reinvoke_L(java.lang.Object, java.lang.Object, int, int, long, int, java.lang.Object, java.lang.Object, java.lang.Object, int)'> (0x00000007870ea838) thrown at [./src/hotspot/share/interpreter/linkResolver.cpp, line 773]
Event: 4.960 Thread 0x00007fa83f2b2800 Exception <a 'java/lang/NoSuchMethodError'{0x0000000786f49eb0}: 'java.lang.Object java.lang.invoke.DirectMethodHandle$Holder.invokeSpecial(java.lang.Object, java.lang.Object, int, int, int, long, int, java.lang.Object, java.lang.Object, java.lang.Object, int)'> (0x0000000786f49eb0) thrown at [./src/hotspot/share/interpreter/linkResolver.cpp, line 773]
Event: 4.961 Thread 0x00007fa83f2b2800 Exception <a 'java/lang/NoSuchMethodError'{0x0000000786f4da00}: 'java.lang.Object java.lang.invoke.DelegatingMethodHandle$Holder.reinvoke_L(java.lang.Object, int, int, int, long, int, java.lang.Object, java.lang.Object, java.lang.Object, int)'> (0x0000000786f4da00) thrown at [./src/hotspot/share/interpreter/linkResolver.cpp, line 773]
Event: 5.442 Thread 0x00007fa7ef0b5000 Implicit null exception at 0x0000000123a56195 to 0x0000000123a56390
Event: 5.442 Thread 0x00007fa7ef0b5000 Implicit null exception at 0x0000000123a1c378 to 0x0000000123a1c406
Event: 5.442 Thread 0x00007fa7ef0b5000 Implicit null exception at 0x0000000123a0b12f to 0x0000000123a0b1a9
Event: 5.799 Thread 0x00007fa7ef0b5000 Exception <a 'java/lang/NoSuchMethodError'{0x0000000785beb1e0}: 'int java.lang.invoke.DirectMethodHandle$Holder.invokeSpecialIFC(java.lang.Object, java.lang.Object, int)'> (0x0000000785beb1e0) thrown at [./src/hotspot/share/interpreter/linkResolver.cpp, line 773]
Event: 5.812 Thread 0x00007fa7ef0b5000 Exception <a 'java/lang/NoSuchMethodError'{0x0000000785a0cc50}: 'int java.lang.invoke.DirectMethodHandle$Holder.invokeStaticInit(java.lang.Object, java.lang.Object, java.lang.Object, java.lang.Object)'> (0x0000000785a0cc50) thrown at [./src/hotspot/share/interpreter/linkResolver.cpp, line 773]
Event: 5.814 Thread 0x00007fa7ef0b5000 Exception <a 'java/lang/IncompatibleClassChangeError'{0x0000000785a15b68}: Found class java.lang.Object, but interface was expected> (0x0000000785a15b68) thrown at [./src/hotspot/share/interpreter/linkResolver.cpp, line 839]
Event: 6.201 Thread 0x00007fa7ef0b5000 Implicit null exception at 0x0000000123b17d2c to 0x0000000123b17e5a
Event: 6.769 Thread 0x00007fa83f2b2800 Exception <a 'java/lang/NoSuchMethodError'{0x00000007875617b8}: 'java.lang.Object java.lang.invoke.DelegatingMethodHandle$Holder.reinvoke_L(java.lang.Object, java.lang.Object, int, int, long, int, int, java.lang.Object, java.lang.Object, int)'> (0x00000007875617b8) thrown at [./src/hotspot/share/interpreter/linkResolver.cpp, line 773]
Event: 6.774 Thread 0x00007fa83f2b2800 Exception <a 'java/lang/NoSuchMethodError'{0x00000007875c1af8}: 'java.lang.Object java.lang.invoke.DirectMethodHandle$Holder.invokeSpecial(java.lang.Object, java.lang.Object, int, int, int, long, int, int, java.lang.Object, java.lang.Object, int)'> (0x00000007875c1af8) thrown at [./src/hotspot/share/interpreter/linkResolver.cpp, line 773]
Event: 6.774 Thread 0x00007fa83f2b2800 Exception <a 'java/lang/NoSuchMethodError'{0x00000007875c5298}: 'java.lang.Object java.lang.invoke.DelegatingMethodHandle$Holder.reinvoke_L(java.lang.Object, int, int, int, long, int, int, java.lang.Object, java.lang.Object, int)'> (0x00000007875c5298) thrown at [./src/hotspot/share/interpreter/linkResolver.cpp, line 773]
Event: 18.486 Thread 0x00007fa83f2b2800 Exception <a 'java/lang/UnsatisfiedLinkError'{0x000000078561d3c8}> (0x000000078561d3c8) thrown at [./src/hotspot/share/prims/jvm.cpp, line 3466]
Event: 18.486 Thread 0x00007fa83f2b2800 Exception <a 'java/lang/UnsatisfiedLinkError'{0x000000078561d3c8}> (0x000000078561d3c8) thrown at [./src/hotspot/share/prims/jni.cpp, line 615]
Event: 18.496 Thread 0x00007fa83f2b2800 Exception <a 'java/lang/UnsatisfiedLinkError'{0x0000000785625720}> (0x0000000785625720) thrown at [./src/hotspot/share/prims/jvm.cpp, line 1310]
Event: 18.496 Thread 0x00007fa83f2b2800 Exception <a 'java/lang/UnsatisfiedLinkError'{0x0000000785625720}> (0x0000000785625720) thrown at [./src/hotspot/share/oops/instanceKlass.cpp, line 1029]

Events (20 events):
Event: 17.326 Thread 0x00007fa7efaaf800 Thread exited: 0x00007fa7efaaf800
Event: 17.343 Executing VM operation: RevokeBias
Event: 17.343 Executing VM operation: RevokeBias done
Event: 17.343 Protecting memory [0x0000000310da1000,0x0000000310da5000] with protection modes 3
Event: 17.343 Thread 0x00007fa7efaac800 Thread exited: 0x00007fa7efaac800
Event: 17.349 Executing VM operation: RevokeBias
Event: 17.349 Executing VM operation: RevokeBias done
Event: 17.349 Protecting memory [0x000000031078f000,0x0000000310793000] with protection modes 3
Event: 17.349 Thread 0x00007fa7efa90800 Thread exited: 0x00007fa7efa90800
Event: 17.462 Protecting memory [0x000000030e3f1000,0x000000030e3f5000] with protection modes 0
Event: 17.462 Thread 0x00007fa81f03a800 Thread added: 0x00007fa81f03a800
Event: 17.464 Protecting memory [0x000000030e3f1000,0x000000030e3f5000] with protection modes 3
Event: 17.464 Thread 0x00007fa81f03a800 Thread exited: 0x00007fa81f03a800
Event: 18.485 Loading shared library /Users/chenweilin/Desktop/java/javafx-sdk-11.0.2/lib/libgstreamer-lite.dylib failed, dlopen(/Users/chenweilin/Desktop/java/javafx-sdk-11.0.2/lib/libgstreamer-lite.dylib, 1): no suitable image found.  Did find:
	/Users/chenweilin/Des
Event: 18.493 loading class java/lang/ClassLoaderHelper
Event: 18.493 loading class java/lang/ClassLoaderHelper done
Event: 18.496 loading class java/lang/Throwable$WrappedPrintStream
Event: 18.496 loading class java/lang/Throwable$PrintStreamOrWriter
Event: 18.496 loading class java/lang/Throwable$PrintStreamOrWriter done
Event: 18.496 loading class java/lang/Throwable$WrappedPrintStream done


Dynamic libraries:
0x00007ffdffe5d000 	/Library/Apple/usr/libexec/oah/runtime
0x00007fff35136000 	/System/Library/Frameworks/Cocoa.framework/Versions/A/Cocoa
0x00007fff22108000 	/System/Library/Frameworks/Security.framework/Versions/A/Security
0x00007fff33343000 	/System/Library/Frameworks/ApplicationServices.framework/Versions/A/ApplicationServices
0x00007fff2a5cf000 	/usr/lib/libz.1.dylib
0x000000010ce08000 	/Library/Java/JavaVirtualMachines/temurin-11.jdk/Contents/Home/lib/jli/libjli.dylib
0x00007fff2a69b000 	/usr/lib/libSystem.B.dylib
0x00007fff22b36000 	/System/Library/Frameworks/AppKit.framework/Versions/C/AppKit
0x00007fff25a1d000 	/System/Library/Frameworks/CoreData.framework/Versions/A/CoreData
0x00007fff210a1000 	/System/Library/Frameworks/Foundation.framework/Versions/C/Foundation
0x00007fff2387f000 	/System/Library/PrivateFrameworks/UIFoundation.framework/Versions/A/UIFoundation
0x00007fff2fe19000 	/System/Library/PrivateFrameworks/RemoteViewServices.framework/Versions/A/RemoteViewServices
0x00007fff28bc9000 	/System/Library/PrivateFrameworks/XCTTargetBootstrap.framework/Versions/A/XCTTargetBootstrap
0x00007fff2b91b000 	/usr/lib/libspindump.dylib
0x00007fff23ace000 	/System/Library/Frameworks/UniformTypeIdentifiers.framework/Versions/A/UniformTypeIdentifiers
0x00007fff273c9000 	/usr/lib/libapp_launch_measurement.dylib
0x00007fff273cc000 	/System/Library/PrivateFrameworks/CoreAutoLayout.framework/Versions/A/CoreAutoLayout
0x00007fff2852c000 	/System/Library/Frameworks/Metal.framework/Versions/A/Metal
0x00007fff2922a000 	/usr/lib/liblangid.dylib
0x00007fff28bcd000 	/System/Library/PrivateFrameworks/CoreSVG.framework/Versions/A/CoreSVG
0x00007fff24b0d000 	/System/Library/PrivateFrameworks/SkyLight.framework/Versions/A/SkyLight
0x00007fff24e72000 	/System/Library/Frameworks/CoreGraphics.framework/Versions/A/CoreGraphics
0x00007fff30340000 	/System/Library/Frameworks/Accelerate.framework/Versions/A/Accelerate
0x00007fff2b359000 	/System/Library/PrivateFrameworks/IconServices.framework/Versions/A/IconServices
0x00007fff28510000 	/System/Library/Frameworks/IOSurface.framework/Versions/A/IOSurface
0x00007fff263b1000 	/usr/lib/libDiagnosticMessagesClient.dylib
0x00007fff28bb5000 	/System/Library/PrivateFrameworks/DFRFoundation.framework/Versions/A/DFRFoundation
0x00007fff2245d000 	/usr/lib/libicucore.A.dylib
0x00007fff2ce60000 	/System/Library/Frameworks/AudioToolbox.framework/Versions/A/AudioToolbox
0x00007fff2c0ea000 	/System/Library/PrivateFrameworks/DataDetectorsCore.framework/Versions/A/DataDetectorsCore
0x00007fff24a81000 	/usr/lib/libMobileGestalt.dylib
0x00007fff288b9000 	/System/Library/Frameworks/Carbon.framework/Versions/A/Frameworks/HIToolbox.framework/Versions/A/HIToolbox
0x00007fff26e0f000 	/System/Library/Frameworks/QuartzCore.framework/Versions/A/QuartzCore
0x00007fff2fe51000 	/System/Library/Frameworks/Carbon.framework/Versions/A/Frameworks/SpeechRecognition.framework/Versions/A/SpeechRecognition
0x00007fff2712e000 	/System/Library/PrivateFrameworks/CoreUI.framework/Versions/A/CoreUI
0x00007fff21a77000 	/System/Library/Frameworks/CoreAudio.framework/Versions/A/CoreAudio
0x00007fff2649c000 	/System/Library/Frameworks/DiskArbitration.framework/Versions/A/DiskArbitration
0x00007fff2bce8000 	/System/Library/PrivateFrameworks/MultitouchSupport.framework/Versions/A/MultitouchSupport
0x00007fff2c0e1000 	/System/Library/PrivateFrameworks/InternationalSupport.framework/Versions/A/InternationalSupport
0x00007fff24a80000 	/usr/lib/libenergytrace.dylib
0x00007fff22a2d000 	/System/Library/Frameworks/IOKit.framework/Versions/A/IOKit
0x00007fff30184000 	/System/Library/Frameworks/CoreServices.framework/Versions/A/CoreServices
0x00007fff2735b000 	/System/Library/PrivateFrameworks/PerformanceAnalysis.framework/Versions/A/PerformanceAnalysis
0x00007fff6bc46000 	/System/Library/Frameworks/OpenGL.framework/Versions/A/OpenGL
0x00007fff2c165000 	/System/Library/PrivateFrameworks/UserActivity.framework/Versions/A/UserActivity
0x00007fff201ea000 	/usr/lib/libobjc.A.dylib
0x00007fff25524000 	/System/Library/Frameworks/ColorSync.framework/Versions/A/ColorSync
0x00007fff203ca000 	/System/Library/Frameworks/CoreFoundation.framework/Versions/A/CoreFoundation
0x00007fff28e38000 	/System/Library/Frameworks/CoreImage.framework/Versions/A/CoreImage
0x00007fff21891000 	/System/Library/Frameworks/CoreText.framework/Versions/A/CoreText
0x00007fff28bf7000 	/System/Library/Frameworks/ImageIO.framework/Versions/A/ImageIO
0x00007fff2a6a1000 	/System/Library/PrivateFrameworks/SoftLinking.framework/Versions/A/SoftLinking
0x00007fff27414000 	/usr/lib/libxml2.2.dylib
0x00007fff202b0000 	/usr/lib/libc++.1.dylib
0x00007fff2a90e000 	/usr/lib/libcompression.dylib
0x00007fff2c013000 	/System/Library/PrivateFrameworks/TextureIO.framework/Versions/A/TextureIO
0x00007fff2affe000 	/usr/lib/libate.dylib
0x00007fff2a695000 	/usr/lib/system/libcache.dylib
0x00007fff2a651000 	/usr/lib/system/libcommonCrypto.dylib
0x00007fff2a67b000 	/usr/lib/system/libcompiler_rt.dylib
0x00007fff2a670000 	/usr/lib/system/libcopyfile.dylib
0x00007fff200da000 	/usr/lib/system/libcorecrypto.dylib
0x00007fff201a5000 	/usr/lib/system/libdispatch.dylib
0x00007fff20358000 	/usr/lib/system/libdyld.dylib
0x00007fff2a68c000 	/usr/lib/system/libkeymgr.dylib
0x00007fff2dbf7000 	/usr/lib/system/liblaunch.dylib
0x00007fff2a62f000 	/usr/lib/system/libmacho.dylib
0x00007fff29e23000 	/usr/lib/system/libquarantine.dylib
0x00007fff2a689000 	/usr/lib/system/libremovefile.dylib
0x00007fff24ade000 	/usr/lib/system/libsystem_asl.dylib
0x00007fff2008a000 	/usr/lib/system/libsystem_blocks.dylib
0x00007fff20227000 	/usr/lib/system/libsystem_c.dylib
0x00007fff2a683000 	/usr/lib/system/libsystem_collections.dylib
0x00007fff2921b000 	/usr/lib/system/libsystem_configuration.dylib
0x00007fff284ff000 	/usr/lib/system/libsystem_containermanager.dylib
0x00007fff2a3ce000 	/usr/lib/system/libsystem_coreservices.dylib
0x00007fff226bd000 	/usr/lib/system/libsystem_darwin.dylib
0x00007fff2a68d000 	/usr/lib/system/libsystem_dnssd.dylib
0x00007fff20224000 	/usr/lib/system/libsystem_featureflags.dylib
0x00007fff2039e000 	/usr/lib/system/libsystem_info.dylib
0x00007fff2a5e2000 	/usr/lib/system/libsystem_m.dylib
0x00007fff20178000 	/usr/lib/system/libsystem_malloc.dylib
0x00007fff24a71000 	/usr/lib/system/libsystem_networkextension.dylib
0x00007fff22adc000 	/usr/lib/system/libsystem_notify.dylib
0x00007fff30086000 	/usr/lib/system/libsystem_product_info_filter.dylib
0x00007fff2921f000 	/usr/lib/system/libsystem_sandbox.dylib
0x00007fff2a686000 	/usr/lib/system/libsystem_secinit.dylib
0x00007fff2031c000 	/usr/lib/system/libsystem_kernel.dylib
0x00007fff20394000 	/usr/lib/system/libsystem_platform.dylib
0x00007fff2034c000 	/usr/lib/system/libsystem_pthread.dylib
0x00007fff261ed000 	/usr/lib/system/libsystem_symptoms.dylib
0x00007fff200c2000 	/usr/lib/system/libsystem_trace.dylib
0x00007fff2a65d000 	/usr/lib/system/libunwind.dylib
0x00007fff2008c000 	/usr/lib/system/libxpc.dylib
0x00007fff20306000 	/usr/lib/libc++abi.dylib
0x00007fff2a668000 	/usr/lib/liboah.dylib
0x00007fff2ad2a000 	/usr/lib/liblzma.5.dylib
0x00007fff20db5000 	/System/Library/Frameworks/SystemConfiguration.framework/Versions/A/SystemConfiguration
0x00007fff2a69d000 	/usr/lib/libfakelink.dylib
0x00007fff245d2000 	/System/Library/Frameworks/CFNetwork.framework/Versions/A/CFNetwork
0x00007fff2a7dd000 	/usr/lib/libarchive.2.dylib
0x00007fff20e33000 	/usr/lib/libCRFSuite.dylib
0x00007fff29e4a000 	/usr/lib/libbsm.0.dylib
0x00007fff23f4b000 	/usr/lib/libnetwork.dylib
0x00007fff2a6a2000 	/usr/lib/libpcap.A.dylib
0x00007fff261e6000 	/usr/lib/libdns_services.dylib
0x00007fff2ad43000 	/usr/lib/libcoretls_cfhelpers.dylib
0x00007fff2a8dc000 	/usr/lib/libapple_nghttp2.dylib
0x00007fff2a635000 	/usr/lib/system/libkxld.dylib
0x00007fff25e64000 	/usr/lib/libsqlite3.dylib
0x00007fff2a3b1000 	/System/Library/PrivateFrameworks/AppleFSCompression.framework/Versions/A/AppleFSCompression
0x00007fff29e32000 	/usr/lib/libcoretls.dylib
0x00007fff2a909000 	/usr/lib/libpam.2.dylib
0x00007fff2ae41000 	/usr/lib/libxar.1.dylib
0x00007fff29226000 	/System/Library/PrivateFrameworks/AppleSystemInfo.framework/Versions/A/AppleSystemInfo
0x00007fff29a74000 	/System/Library/PrivateFrameworks/IOMobileFramebuffer.framework/Versions/A/IOMobileFramebuffer
0x00007fff2a3c1000 	/usr/lib/libbz2.1.0.dylib
0x00007fff2a6da000 	/usr/lib/libiconv.2.dylib
0x00007fff2a62e000 	/usr/lib/libcharset.1.dylib
0x00007fff27397000 	/System/Library/Frameworks/CoreServices.framework/Versions/A/Frameworks/FSEvents.framework/Versions/A/FSEvents
0x00007fff226c7000 	/System/Library/Frameworks/CoreServices.framework/Versions/A/Frameworks/CarbonCore.framework/Versions/A/CarbonCore
0x00007fff26401000 	/System/Library/Frameworks/CoreServices.framework/Versions/A/Frameworks/Metadata.framework/Versions/A/Metadata
0x00007fff2a3d3000 	/System/Library/Frameworks/CoreServices.framework/Versions/A/Frameworks/OSServices.framework/Versions/A/OSServices
0x00007fff2a84f000 	/System/Library/Frameworks/CoreServices.framework/Versions/A/Frameworks/SearchKit.framework/Versions/A/SearchKit
0x00007fff26171000 	/System/Library/Frameworks/CoreServices.framework/Versions/A/Frameworks/AE.framework/Versions/A/AE
0x00007fff20868000 	/System/Library/Frameworks/CoreServices.framework/Versions/A/Frameworks/LaunchServices.framework/Versions/A/LaunchServices
0x00007fff2acda000 	/System/Library/Frameworks/CoreServices.framework/Versions/A/Frameworks/DictionaryServices.framework/Versions/A/DictionaryServices
0x00007fff273a4000 	/System/Library/Frameworks/CoreServices.framework/Versions/A/Frameworks/SharedFileList.framework/Versions/A/SharedFileList
0x00007fff29e26000 	/usr/lib/libCheckFix.dylib
0x00007fff24af5000 	/System/Library/PrivateFrameworks/TCC.framework/Versions/A/TCC
0x00007fff2922c000 	/System/Library/PrivateFrameworks/CoreNLP.framework/Versions/A/CoreNLP
0x00007fff263b4000 	/System/Library/PrivateFrameworks/MetadataUtilities.framework/Versions/A/MetadataUtilities
0x00007fff20e68000 	/usr/lib/libmecabra.dylib
0x00007fff2a130000 	/System/Library/Frameworks/MLCompute.framework/Versions/A/MLCompute
0x00007fff29e5b000 	/usr/lib/libmecab.dylib
0x00007fff29ea5000 	/usr/lib/libgermantok.dylib
0x00007fff2a8b7000 	/usr/lib/libThaiTokenizer.dylib
0x00007fff2ae7c000 	/usr/lib/libChineseTokenizer.dylib
0x00007fff2a907000 	/System/Library/Frameworks/MetalPerformanceShaders.framework/Versions/A/MetalPerformanceShaders
0x00007fff264a3000 	/System/Library/Frameworks/Accelerate.framework/Versions/A/Frameworks/vImage.framework/Versions/A/vImage
0x00007fff3015e000 	/System/Library/Frameworks/Accelerate.framework/Versions/A/Frameworks/vecLib.framework/Versions/A/vecLib
0x00007fff2ae87000 	/System/Library/Frameworks/Accelerate.framework/Versions/A/Frameworks/vecLib.framework/Versions/A/libvMisc.dylib
0x00007fff298d4000 	/System/Library/Frameworks/Accelerate.framework/Versions/A/Frameworks/vecLib.framework/Versions/A/libvDSP.dylib
0x00007fff20b71000 	/System/Library/Frameworks/Accelerate.framework/Versions/A/Frameworks/vecLib.framework/Versions/A/libBLAS.dylib
0x00007fff2a935000 	/System/Library/Frameworks/Accelerate.framework/Versions/A/Frameworks/vecLib.framework/Versions/A/libLAPACK.dylib
0x00007fff29eab000 	/System/Library/Frameworks/Accelerate.framework/Versions/A/Frameworks/vecLib.framework/Versions/A/libLinearAlgebra.dylib
0x00007fff2a8f4000 	/System/Library/Frameworks/Accelerate.framework/Versions/A/Frameworks/vecLib.framework/Versions/A/libSparseBLAS.dylib
0x00007fff2a92f000 	/System/Library/Frameworks/Accelerate.framework/Versions/A/Frameworks/vecLib.framework/Versions/A/libQuadrature.dylib
0x00007fff292d8000 	/System/Library/Frameworks/Accelerate.framework/Versions/A/Frameworks/vecLib.framework/Versions/A/libBNNS.dylib
0x00007fff20d46000 	/System/Library/Frameworks/Accelerate.framework/Versions/A/Frameworks/vecLib.framework/Versions/A/libSparse.dylib
0x00007fff291b4000 	/System/Library/Frameworks/MetalPerformanceShaders.framework/Versions/A/Frameworks/MPSCore.framework/Versions/A/MPSCore
0x00007fff2a320000 	/System/Library/Frameworks/MetalPerformanceShaders.framework/Versions/A/Frameworks/MPSImage.framework/Versions/A/MPSImage
0x00007fff29ec1000 	/System/Library/Frameworks/MetalPerformanceShaders.framework/Versions/A/Frameworks/MPSNeuralNetwork.framework/Versions/A/MPSNeuralNetwork
0x00007fff2a292000 	/System/Library/Frameworks/MetalPerformanceShaders.framework/Versions/A/Frameworks/MPSMatrix.framework/Versions/A/MPSMatrix
0x00007fff2a0e0000 	/System/Library/Frameworks/MetalPerformanceShaders.framework/Versions/A/Frameworks/MPSRayIntersector.framework/Versions/A/MPSRayIntersector
0x00007fff2a2c9000 	/System/Library/Frameworks/MetalPerformanceShaders.framework/Versions/A/Frameworks/MPSNDArray.framework/Versions/A/MPSNDArray
0x00007fff20a9d000 	/System/Library/PrivateFrameworks/MetalTools.framework/Versions/A/MetalTools
0x00007fff29224000 	/System/Library/PrivateFrameworks/AggregateDictionary.framework/Versions/A/AggregateDictionary
0x00007fff26381000 	/System/Library/PrivateFrameworks/CoreAnalytics.framework/Versions/A/CoreAnalytics
0x00007fff2a8b9000 	/System/Library/PrivateFrameworks/AppleSauce.framework/Versions/A/AppleSauce
0x00007fff28522000 	/System/Library/PrivateFrameworks/IOAccelerator.framework/Versions/A/IOAccelerator
0x00007fff6bc3a000 	/System/Library/Frameworks/OpenGL.framework/Versions/A/Libraries/libCoreFSCache.dylib
0x00007fff21400000 	/System/Library/PrivateFrameworks/LanguageModeling.framework/Versions/A/LanguageModeling
0x00007fff29a62000 	/System/Library/PrivateFrameworks/CoreEmoji.framework/Versions/A/CoreEmoji
0x00007fff292d1000 	/System/Library/PrivateFrameworks/LinguisticData.framework/Versions/A/LinguisticData
0x00007fff20cf8000 	/System/Library/PrivateFrameworks/Lexicon.framework/Versions/A/Lexicon
0x00007fff2a7cb000 	/usr/lib/libcmph.dylib
0x00007fff27377000 	/System/Library/Frameworks/OpenDirectory.framework/Versions/A/Frameworks/CFOpenDirectory.framework/Versions/A/CFOpenDirectory
0x00007fff27367000 	/System/Library/Frameworks/OpenDirectory.framework/Versions/A/OpenDirectory
0x00007fff2ad45000 	/System/Library/PrivateFrameworks/APFS.framework/Versions/A/APFS
0x00007fff29d88000 	/System/Library/Frameworks/SecurityFoundation.framework/Versions/A/SecurityFoundation
0x00007fff2ae4f000 	/usr/lib/libutil.dylib
0x00007fff229f2000 	/System/Library/PrivateFrameworks/CoreServicesStore.framework/Versions/A/CoreServicesStore
0x00007fff29e1e000 	/System/Library/Frameworks/ServiceManagement.framework/Versions/A/ServiceManagement
0x00007fff2ae53000 	/usr/lib/libxslt.1.dylib
0x00007fff29e14000 	/System/Library/PrivateFrameworks/BackgroundTaskManagement.framework/Versions/A/BackgroundTaskManagement
0x00007fff2bf5e000 	/System/Library/Frameworks/ImageIO.framework/Versions/A/Resources/libRadiance.dylib
0x00007fff2bf67000 	/System/Library/Frameworks/ImageIO.framework/Versions/A/Resources/libJPEG.dylib
0x00007fff2beb2000 	/System/Library/Frameworks/ImageIO.framework/Versions/A/Resources/libPng.dylib
0x00007fff2bed9000 	/System/Library/Frameworks/ImageIO.framework/Versions/A/Resources/libTIFF.dylib
0x00007fff2bfbc000 	/System/Library/Frameworks/ImageIO.framework/Versions/A/Resources/libGIF.dylib
0x00007fff2bc05000 	/System/Library/Frameworks/ImageIO.framework/Versions/A/Resources/libJP2.dylib
0x00007fff2b321000 	/usr/lib/libexpat.1.dylib
0x00007fff2bbbb000 	/System/Library/PrivateFrameworks/AppleJPEG.framework/Versions/A/AppleJPEG
0x00007fff28758000 	/System/Library/PrivateFrameworks/FontServices.framework/libFontParser.dylib
0x00007fff26128000 	/System/Library/PrivateFrameworks/RunningBoardServices.framework/Versions/A/RunningBoardServices
0x00007fff2bce4000 	/System/Library/PrivateFrameworks/WatchdogClient.framework/Versions/A/WatchdogClient
0x00007fff214e9000 	/System/Library/Frameworks/CoreDisplay.framework/Versions/A/CoreDisplay
0x00007fff2866d000 	/System/Library/Frameworks/CoreMedia.framework/Versions/A/CoreMedia
0x00007fff274f7000 	/System/Library/Frameworks/CoreVideo.framework/Versions/A/CoreVideo
0x00007fff2bd1f000 	/System/Library/Frameworks/VideoToolbox.framework/Versions/A/VideoToolbox
0x00007fff260a8000 	/System/Library/PrivateFrameworks/BaseBoard.framework/Versions/A/BaseBoard
0x00007fff2b465000 	/System/Library/PrivateFrameworks/PersistentConnection.framework/Versions/A/PersistentConnection
0x00007fff25e4e000 	/System/Library/PrivateFrameworks/ProtocolBuffer.framework/Versions/A/ProtocolBuffer
0x00007fff26090000 	/System/Library/PrivateFrameworks/CommonUtilities.framework/Versions/A/CommonUtilities
0x00007fff2bb7e000 	/System/Library/PrivateFrameworks/Bom.framework/Versions/A/Bom
0x00007fff2bf56000 	/System/Library/PrivateFrameworks/GPUWrangler.framework/Versions/A/GPUWrangler
0x00007fff2bf39000 	/System/Library/PrivateFrameworks/IOPresentment.framework/Versions/A/IOPresentment
0x00007fff2bf61000 	/System/Library/PrivateFrameworks/DSExternalDisplay.framework/Versions/A/DSExternalDisplay
0x00007fff2bfc1000 	/System/Library/PrivateFrameworks/CMCaptureCore.framework/Versions/A/CMCaptureCore
0x00007fff2b901000 	/System/Library/PrivateFrameworks/AppServerSupport.framework/Versions/A/AppServerSupport
0x00007fff2d99a000 	/System/Library/PrivateFrameworks/perfdata.framework/Versions/A/perfdata
0x00007fff29d77000 	/System/Library/PrivateFrameworks/AssertionServices.framework/Versions/A/AssertionServices
0x00007fff21620000 	/System/Library/PrivateFrameworks/AudioToolboxCore.framework/Versions/A/AudioToolboxCore
0x00007fff28650000 	/System/Library/PrivateFrameworks/caulk.framework/Versions/A/caulk
0x00007fff3cdd2000 	/System/Library/PrivateFrameworks/SystemPolicy.framework/Versions/A/SystemPolicy
0x00007fff2b130000 	/usr/lib/libIOReport.dylib
0x00007fff2d1d6000 	/usr/lib/libSMC.dylib
0x00007fff2be7e000 	/usr/lib/libAudioToolboxUtility.dylib
0x00007fff3d72c000 	/usr/lib/libmis.dylib
0x00007fff6bc96000 	/System/Library/Frameworks/OpenGL.framework/Versions/A/Libraries/libGLU.dylib
0x00007fff6bc59000 	/System/Library/Frameworks/OpenGL.framework/Versions/A/Libraries/libGFXShared.dylib
0x00007fff6be67000 	/System/Library/Frameworks/OpenGL.framework/Versions/A/Libraries/libGL.dylib
0x00007fff6bc62000 	/System/Library/Frameworks/OpenGL.framework/Versions/A/Libraries/libGLImage.dylib
0x00007fff6bc56000 	/System/Library/Frameworks/OpenGL.framework/Versions/A/Libraries/libCVMSPluginSupport.dylib
0x00007fff6bc41000 	/System/Library/Frameworks/OpenGL.framework/Versions/A/Libraries/libCoreVMClient.dylib
0x00007fff6d2b1000 	/System/Library/Frameworks/OpenCL.framework/Versions/A/OpenCL
0x00007fff2b48e000 	/System/Library/PrivateFrameworks/GraphVisualizer.framework/Versions/A/GraphVisualizer
0x00007fff2b49d000 	/System/Library/PrivateFrameworks/FaceCore.framework/Versions/A/FaceCore
0x00007fff2b8b9000 	/System/Library/PrivateFrameworks/OTSVG.framework/Versions/A/OTSVG
0x00007fff270ec000 	/System/Library/Frameworks/ApplicationServices.framework/Versions/A/Frameworks/ATS.framework/Versions/A/Resources/libFontRegistry.dylib
0x00007fff2b908000 	/System/Library/PrivateFrameworks/FontServices.framework/libhvf.dylib
0x00007fff2b2cd000 	/System/Library/PrivateFrameworks/AppleVA.framework/Versions/A/AppleVA
0x00007fff2d01e000 	/System/Library/Frameworks/ApplicationServices.framework/Versions/A/Frameworks/ATS.framework/Versions/A/ATS
0x00007fff2d331000 	/System/Library/Frameworks/ApplicationServices.framework/Versions/A/Frameworks/ColorSyncLegacy.framework/Versions/A/ColorSyncLegacy
0x00007fff2561b000 	/System/Library/Frameworks/ApplicationServices.framework/Versions/A/Frameworks/HIServices.framework/Versions/A/HIServices
0x00007fff2d316000 	/System/Library/Frameworks/ApplicationServices.framework/Versions/A/Frameworks/LangAnalysis.framework/Versions/A/LangAnalysis
0x00007fff2bfcb000 	/System/Library/Frameworks/ApplicationServices.framework/Versions/A/Frameworks/PrintCore.framework/Versions/A/PrintCore
0x00007fff2d339000 	/System/Library/Frameworks/ApplicationServices.framework/Versions/A/Frameworks/QD.framework/Versions/A/QD
0x00007fff2d00e000 	/System/Library/Frameworks/ApplicationServices.framework/Versions/A/Frameworks/SpeechSynthesis.framework/Versions/A/SpeechSynthesis
0x00007fff2bf8c000 	/System/Library/Frameworks/ApplicationServices.framework/Versions/A/Frameworks/ATSUI.framework/Versions/A/ATSUI
0x00007fff2d2b6000 	/usr/lib/libcups.2.dylib
0x00007fff2d326000 	/System/Library/PrivateFrameworks/NetAuth.framework/Versions/A/NetAuth
0x00007fff2d9b5000 	/System/Library/Frameworks/Kerberos.framework/Versions/A/Kerberos
0x00007fff2d9c5000 	/System/Library/Frameworks/GSS.framework/Versions/A/GSS
0x00007fff2d08b000 	/usr/lib/libresolv.9.dylib
0x00007fff2b91e000 	/System/Library/PrivateFrameworks/Heimdal.framework/Versions/A/Heimdal
0x00007fff33658000 	/System/Library/Frameworks/Kerberos.framework/Versions/A/Libraries/libHeimdalProxy.dylib
0x00007fff261f5000 	/System/Library/Frameworks/Network.framework/Versions/A/Network
0x00007fff2b33a000 	/usr/lib/libheimdal-asn1.dylib
0x00007fff2da16000 	/System/Library/PrivateFrameworks/CommonAuth.framework/Versions/A/CommonAuth
0x00007fff27545000 	/System/Library/PrivateFrameworks/login.framework/Versions/A/Frameworks/loginsupport.framework/Versions/A/loginsupport
0x00007fff2cf95000 	/System/Library/PrivateFrameworks/AudioSession.framework/Versions/A/AudioSession
0x00007fff2cffb000 	/usr/lib/libAudioStatistics.dylib
0x00007fff2b3c6000 	/System/Library/PrivateFrameworks/MediaExperience.framework/Versions/A/MediaExperience
0x00007fff2ce2e000 	/System/Library/PrivateFrameworks/AudioSession.framework/libSessionUtility.dylib
0x00007fff2d9a6000 	/usr/lib/libperfcheck.dylib
0x00007fff2d345000 	/System/Library/PrivateFrameworks/AudioResourceArbitration.framework/Versions/A/AudioResourceArbitration
0x00007fff2b344000 	/System/Library/PrivateFrameworks/IconFoundation.framework/Versions/A/IconFoundation
0x00007fff2fe41000 	/System/Library/PrivateFrameworks/SpeechRecognitionCore.framework/Versions/A/SpeechRecognitionCore
0x00007fff5d049000 	/System/Library/CoreServices/Encodings/libTraditionalChineseConverter.dylib
0x000000010ce79000 	/Library/Java/JavaVirtualMachines/temurin-11.jdk/Contents/Home/lib/server/libjvm.dylib
0x000000010f104000 	/Library/Java/JavaVirtualMachines/temurin-11.jdk/Contents/Home/lib/libverify.dylib
0x000000010f17e000 	/Library/Java/JavaVirtualMachines/temurin-11.jdk/Contents/Home/lib/libjava.dylib
0x000000010f1e5000 	/Library/Java/JavaVirtualMachines/temurin-11.jdk/Contents/Home/lib/libjimage.dylib
0x000000010f1fe000 	/Library/Java/JavaVirtualMachines/temurin-11.jdk/Contents/Home/lib/libinstrument.dylib
0x000000010f262000 	/Library/Java/JavaVirtualMachines/temurin-11.jdk/Contents/Home/lib/libzip.dylib
0x000000010f63e000 	/Library/Java/JavaVirtualMachines/temurin-11.jdk/Contents/Home/lib/libnio.dylib
0x000000010f66a000 	/Library/Java/JavaVirtualMachines/temurin-11.jdk/Contents/Home/lib/libnet.dylib
0x00000001343f0000 	/Users/chenweilin/Desktop/java/javafx-sdk-11.0.2/lib/libprism_es2.dylib
0x00007fff229b3000 	/System/Library/PrivateFrameworks/CoreServicesInternal.framework/Versions/A/CoreServicesInternal
0x00007fff6be72000 	/System/Library/Frameworks/OpenGL.framework/Versions/A/Resources/GLEngine.bundle/GLEngine
0x00007fff6bcd3000 	/System/Library/Frameworks/OpenGL.framework/Versions/A/Libraries/libGLProgrammability.dylib
0x00000001344d0000 	/System/Library/Extensions/AppleMetalOpenGLRenderer.bundle/Contents/MacOS/AppleMetalOpenGLRenderer
0x00007fff6bff0000 	/System/Library/Frameworks/OpenGL.framework/Versions/A/Resources/GLRendererFloat.bundle/GLRendererFloat
0x000000013464d000 	/System/Library/Extensions/AGXMetal13_3.bundle/Contents/MacOS/AGXMetal13_3
0x00007fff3875c000 	/System/Library/PrivateFrameworks/IOGPU.framework/Versions/A/IOGPU
0x00007fff697ef000 	/System/Library/PrivateFrameworks/GPUCompiler.framework/Versions/31001/Libraries/libmetal_timestamp.dylib
0x0000000135a5d000 	/Users/chenweilin/Desktop/java/javafx-sdk-11.0.2/lib/libglass.dylib
0x00007fff311c8000 	/System/Library/Frameworks/FileProvider.framework/Versions/A/FileProvider
0x00007fff26013000 	/System/Library/Frameworks/Accounts.framework/Versions/A/Accounts
0x00007fff31318000 	/System/Library/PrivateFrameworks/GenerationalStorage.framework/Versions/A/GenerationalStorage
0x00007fff31cb2000 	/System/Library/PrivateFrameworks/CoreSymbolication.framework/Versions/A/CoreSymbolication
0x00007fff30be8000 	/System/Library/PrivateFrameworks/SymptomDiagnosticReporter.framework/Versions/A/SymptomDiagnosticReporter
0x00007fff23ae1000 	/System/Library/PrivateFrameworks/DesktopServicesPriv.framework/Versions/A/DesktopServicesPriv
0x00007fff22ae8000 	/usr/lib/libsandbox.1.dylib
0x00007fff27570000 	/System/Library/PrivateFrameworks/UserManagement.framework/Versions/A/UserManagement
0x00007fff29d54000 	/System/Library/PrivateFrameworks/MobileKeyBag.framework/Versions/A/MobileKeyBag
0x00007fff346da000 	/System/Library/PrivateFrameworks/ChunkingLibrary.framework/Versions/A/ChunkingLibrary
0x00007fff31c76000 	/System/Library/PrivateFrameworks/DebugSymbols.framework/Versions/A/DebugSymbols
0x00007fff2e3d9000 	/System/Library/PrivateFrameworks/Sharing.framework/Versions/A/Sharing
0x00007fff32c5a000 	/System/Library/PrivateFrameworks/Apple80211.framework/Versions/A/Apple80211
0x00007fff2a401000 	/System/Library/PrivateFrameworks/AuthKit.framework/Versions/A/AuthKit
0x00007fff29b52000 	/System/Library/PrivateFrameworks/CoreUtils.framework/Versions/A/CoreUtils
0x00007fff29a7f000 	/System/Library/Frameworks/CoreWLAN.framework/Versions/A/CoreWLAN
0x00007fff2e525000 	/System/Library/Frameworks/IOBluetooth.framework/Versions/A/IOBluetooth
0x00007fff32cbe000 	/System/Library/PrivateFrameworks/CoreWiFi.framework/Versions/A/CoreWiFi
0x00007fff2da9c000 	/System/Library/PrivateFrameworks/CorePhoneNumbers.framework/Versions/A/CorePhoneNumbers
0x00007fff30cef000 	/System/Library/PrivateFrameworks/DiskManagement.framework/Versions/A/DiskManagement
0x00007fff30c05000 	/System/Library/PrivateFrameworks/AppleIDAuthSupport.framework/Versions/A/AppleIDAuthSupport
0x00007fff2da7c000 	/System/Library/PrivateFrameworks/KeychainCircle.framework/Versions/A/KeychainCircle
0x00007fff30cbb000 	/System/Library/PrivateFrameworks/MediaKit.framework/Versions/A/MediaKit
0x00007fff30c12000 	/System/Library/Frameworks/DiscRecording.framework/Versions/A/DiscRecording
0x00007fff2b241000 	/usr/lib/libCoreStorage.dylib
0x00007fff330f9000 	/usr/lib/libcsfde.dylib
0x00007fff2e660000 	/System/Library/PrivateFrameworks/ProtectedCloudStorage.framework/Versions/A/ProtectedCloudStorage
0x00007fff330f1000 	/System/Library/PrivateFrameworks/EFILogin.framework/Versions/A/EFILogin
0x00007fff3370b000 	/System/Library/Frameworks/AudioUnit.framework/Versions/A/AudioUnit
0x00007fff30b82000 	/System/Library/Frameworks/CoreBluetooth.framework/Versions/A/CoreBluetooth
0x00007fff2b239000 	/usr/lib/libMatch.1.dylib
0x000000010f5f7000 	/usr/lib/libobjc-trampolines.dylib
0x00007fff413ee000 	/System/Library/Frameworks/Accelerate.framework/Versions/A/Frameworks/vImage.framework/Versions/A/Libraries/libCGInterfaces.dylib
0x00007fff2726f000 	/System/Library/PrivateFrameworks/ViewBridge.framework/Versions/A/ViewBridge
0x00007fff77aaf000 	/usr/lib/libRosetta.dylib
0x000000013a62e000 	/Users/chenweilin/Desktop/java/javafx-sdk-11.0.2/lib/libjavafx_font.dylib
0x000000013a943000 	/Users/chenweilin/Desktop/java/javafx-sdk-11.0.2/lib/libjfxwebkit.dylib
0x00007fff2b9df000 	/System/Library/PrivateFrameworks/login.framework/Versions/A/login
0x0000000146cc7000 	/Library/Java/JavaVirtualMachines/temurin-11.jdk/Contents/Home/lib/libsunec.dylib
0x000000014856a000 	/Users/chenweilin/Desktop/java/javafx-sdk-11.0.2/lib/libglib-lite.dylib
0x00007fff2dbf8000 	/usr/lib/libffi.dylib


VM Arguments:
jvm_args: -javaagent:/Applications/IntelliJ IDEA CE Apple Silicon M1.app/Contents/lib/idea_rt.jar=64114:/Applications/IntelliJ IDEA CE Apple Silicon M1.app/Contents/bin -Dfile.encoding=UTF-8 --module-path=/Users/chenweilin/Desktop/java/javafx-sdk-11.0.2/lib/javafx.fxml.jar:/Users/chenweilin/Desktop/java/javafx-sdk-11.0.2/lib/javafx.media.jar:/Users/chenweilin/Desktop/java/javafx-sdk-11.0.2/lib/javafx.base.jar:/Users/chenweilin/Desktop/java/javafx-sdk-11.0.2/lib/javafx.web.jar:/Users/chenweilin/Desktop/java/javafx-sdk-11.0.2/lib/javafx.graphics.jar:/Users/chenweilin/Desktop/java/javafx-sdk-11.0.2/lib/javafx.controls.jar:/Users/chenweilin/Desktop/java/13/CSS/target/classes -Djdk.module.main=com.example.css 
java_command: com.example.css/com.example.css.Main
java_class_path (initial): /Users/chenweilin/Desktop/java/javafx-sdk-11.0.2/lib/javafx-swt.jar:/Users/chenweilin/Desktop/java/javafx-sdk-11.0.2/lib/javafx.swing.jar
Launcher Type: SUN_STANDARD

[Global flags]
     intx CICompilerCount                          = 4                                         {product} {ergonomic}
     uint ConcGCThreads                            = 2                                         {product} {ergonomic}
     uint G1ConcRefinementThreads                  = 8                                         {product} {ergonomic}
   size_t G1HeapRegionSize                         = 1048576                                   {product} {ergonomic}
    uintx GCDrainStackTargetSize                   = 64                                        {product} {ergonomic}
   size_t InitialHeapSize                          = 134217728                                 {product} {ergonomic}
   size_t MarkStackSize                            = 4194304                                   {product} {ergonomic}
   size_t MaxHeapSize                              = 2147483648                                {product} {ergonomic}
   size_t MaxNewSize                               = 1287651328                                {product} {ergonomic}
   size_t MinHeapDeltaBytes                        = 1048576                                   {product} {ergonomic}
    uintx NonNMethodCodeHeapSize                   = 5836300                                {pd product} {ergonomic}
    uintx NonProfiledCodeHeapSize                  = 122910970                              {pd product} {ergonomic}
    uintx ProfiledCodeHeapSize                     = 122910970                              {pd product} {ergonomic}
    uintx ReservedCodeCacheSize                    = 251658240                              {pd product} {ergonomic}
     bool SegmentedCodeCache                       = true                                      {product} {ergonomic}
     bool UseCompressedClassPointers               = true                                 {lp64_product} {ergonomic}
     bool UseCompressedOops                        = true                                 {lp64_product} {ergonomic}
     bool UseG1GC                                  = true                                      {product} {ergonomic}

Logging:
Log output configuration:
 #0: stdout all=warning uptime,level,tags
 #1: stderr all=off uptime,level,tags

Environment Variables:
PATH=/Library/Frameworks/Python.framework/Versions/3.9/bin:/usr/local/bin:/usr/bin:/bin:/usr/sbin:/sbin:/Library/Apple/usr/bin
SHELL=/bin/zsh
LC_CTYPE=zh_TW.UTF-8

Signal Handlers:
SIGSEGV: [libjvm.dylib+0x7c73e4], sa_mask[0]=11111111111111111111111111111111, sa_flags=SA_ONSTACK|SA_RESTART|SA_SIGINFO
SIGBUS: [libjvm.dylib+0x7c73e4], sa_mask[0]=11111111111111111111111111111111, sa_flags=SA_RESTART|SA_SIGINFO
SIGFPE: [libjvm.dylib+0x7c73e4], sa_mask[0]=11111111111111111111111111111111, sa_flags=SA_RESTART|SA_SIGINFO
SIGPIPE: [libjvm.dylib+0x62c4e1], sa_mask[0]=11111111111111111111111111111111, sa_flags=SA_RESTART|SA_SIGINFO
SIGXFSZ: [libjvm.dylib+0x62c4e1], sa_mask[0]=11111111111111111111111111111111, sa_flags=SA_RESTART|SA_SIGINFO
SIGILL: [libjvm.dylib+0x7c73e4], sa_mask[0]=11111111111111111111111111111111, sa_flags=SA_RESTART|SA_SIGINFO
SIGUSR2: [libjvm.dylib+0x62cac9], sa_mask[0]=00100000000000000000000000000000, sa_flags=SA_RESTART|SA_SIGINFO
SIGHUP: [libjvm.dylib+0x62b667], sa_mask[0]=11111111111111111111111111111111, sa_flags=SA_RESTART|SA_SIGINFO
SIGINT: [libjvm.dylib+0x62b667], sa_mask[0]=11111111111111111111111111111111, sa_flags=SA_RESTART|SA_SIGINFO
SIGTERM: [libjvm.dylib+0x62b667], sa_mask[0]=11111111111111111111111111111111, sa_flags=SA_RESTART|SA_SIGINFO
SIGQUIT: [libjvm.dylib+0x62b667], sa_mask[0]=11111111111111111111111111111111, sa_flags=SA_RESTART|SA_SIGINFO


---------------  S Y S T E M  ---------------

OS:uname:Darwin 20.5.0 Darwin Kernel Version 20.5.0: Sat May  8 05:10:31 PDT 2021; root:xnu-7195.121.3~9/RELEASE_ARM64_T8101 x86_64
OS uptime: 23 days 22:11 hours
rlimit (soft/hard): STACK 8176k/65520k , CORE 0k/infinity , NPROC 1333/2000 , NOFILE 10240/infinity , AS infinity/infinity , CPU infinity/infinity , DATA infinity/infinity , FSIZE infinity/infinity , MEMLOCK infinity/infinity , RSS infinity/infinity
load average:1.73 1.75 1.73

CPU:total 8 (initial active 8) (1 cores per cpu, 1 threads per core) family 6 model 44 stepping 0 microcode 0x0, cmov, cx8, fxsr, mmx, sse, sse2, sse3, ssse3, sse4.1, sse4.2, popcnt, aes, clmul, tsc, tscinvbit, tscinv

Memory: 4k page, physical 8388608k(25884k free), swap 2097152k(1116928k free)

vm_info: OpenJDK 64-Bit Server VM (11.0.12+7) for bsd-amd64 JRE (11.0.12+7), built on Jul 21 2021 09:19:19 by "jenkins" with clang 4.2.1 Compatible Apple LLVM 10.0.1 (clang-1001.0.46.4)

END.
