#
# A fatal error has been detected by the Java Runtime Environment:
#
#  SIGSEGV (0xb) at pc=0x00000001119d0a54, pid=72219, tid=259
#
# JRE version: OpenJDK Runtime Environment Temurin-11.0.12+7 (11.0.12+7) (build 11.0.12+7)
# Java VM: OpenJDK 64-Bit Server VM Temurin-11.0.12+7 (11.0.12+7, mixed mode, tiered, compressed oops, g1 gc, bsd-amd64)
# Problematic frame:
# V  [libjvm.dylib+0x1d0a54]  _ZN14AccessInternal19PostRuntimeDispatchIN12G1BarrierSet13AccessBarrierILy1097844ES1_EELNS_11BarrierTypeE2ELy1097844EE18oop_access_barrierEPv+0x4
#
# No core dump will be written. Core dumps have been disabled. To enable core dumping, try "ulimit -c unlimited" before starting Java again
#
# If you would like to submit a bug report, please visit:
#   https://github.com/adoptium/adoptium-support/issues
#

---------------  S U M M A R Y ------------

Command Line: -javaagent:/Applications/IntelliJ IDEA CE Apple Silicon M1.app/Contents/lib/idea_rt.jar=64133:/Applications/IntelliJ IDEA CE Apple Silicon M1.app/Contents/bin -Dfile.encoding=UTF-8 --module-path=/Users/chenweilin/Desktop/java/javafx-sdk-11.0.2/lib/javafx.fxml.jar:/Users/chenweilin/Desktop/java/javafx-sdk-11.0.2/lib/javafx.media.jar:/Users/chenweilin/Desktop/java/javafx-sdk-11.0.2/lib/javafx.base.jar:/Users/chenweilin/Desktop/java/javafx-sdk-11.0.2/lib/javafx.web.jar:/Users/chenweilin/Desktop/java/javafx-sdk-11.0.2/lib/javafx.graphics.jar:/Users/chenweilin/Desktop/java/javafx-sdk-11.0.2/lib/javafx.controls.jar:/Users/chenweilin/Desktop/java/13/CSS/target/classes -Djdk.module.main=com.example.css com.example.css/com.example.css.Main

Host: iMac21,2 x86_64 2400 MHz, 8 cores, 8G, Darwin 20.5.0
Time: Sat Sep 18 00:32:21 2021 CST elapsed time: 14.705676 seconds (0d 0h 0m 14s)

---------------  T H R E A D  ---------------

Current thread (0x00007ff7d6d2c000):  JavaThread "JavaFX Application Thread" [_thread_in_vm, id=259, stack(0x000000030db19000,0x000000030e319000)]

Stack: [0x000000030db19000,0x000000030e319000],  sp=0x000000030e3129b0,  free space=8166k
Native frames: (J=compiled Java code, A=aot compiled Java code, j=interpreted, Vv=VM code, C=native code)
V  [libjvm.dylib+0x1d0a54]  _ZN14AccessInternal19PostRuntimeDispatchIN12G1BarrierSet13AccessBarrierILy1097844ES1_EELNS_11BarrierTypeE2ELy1097844EE18oop_access_barrierEPv+0x4
V  [libjvm.dylib+0x4067cf]  jni_GetArrayLength+0xb7
C  [libjfxwebkit.dylib+0x1648ad0]  _ZN7WebCore18MediaPlayerPrivate17GetSupportedTypesEv+0x180
C  [libjfxwebkit.dylib+0x1648803]  _ZN7WebCore18MediaPlayerPrivate23MediaEngineSupportsTypeERKNS_28MediaEngineSupportParametersE+0xc3
C  [libjfxwebkit.dylib+0x1606be7]  _ZN7WebCoreL35bestMediaEngineForSupportParametersERKNS_28MediaEngineSupportParametersEPKNS_18MediaPlayerFactoryE+0x237
C  [libjfxwebkit.dylib+0x16073e1]  _ZN7WebCore11MediaPlayer12supportsTypeERKNS_28MediaEngineSupportParametersE+0xe1
C  [libjfxwebkit.dylib+0x10c8f66]  _ZN7WebCore17DOMImplementation14createDocumentERKN3WTF6StringEPNS_5FrameERKNS_3URLE+0x316
C  [libjfxwebkit.dylib+0x1411fb6]  _ZN7WebCore14DocumentWriter14createDocumentERKNS_3URLE+0x96
C  [libjfxwebkit.dylib+0x140abe1]  _ZN7WebCore14DocumentWriter5beginERKNS_3URLEbPNS_8DocumentE+0x61
C  [libjfxwebkit.dylib+0x1a0120a]  _ZN7WebCore8SVGImage11dataChangedEb+0x35a
C  [libjfxwebkit.dylib+0x14805ab]  _ZN7WebCore11CachedImage15updateImageDataEb+0x4b
C  [libjfxwebkit.dylib+0x1480933]  _ZN7WebCore11CachedImage13finishLoadingEPNS_12SharedBufferE+0x93
C  [libjfxwebkit.dylib+0x1455673]  _ZN7WebCore17SubresourceLoader16didFinishLoadingERKNS_18NetworkLoadMetricsE+0x1e3
C  [libjfxwebkit.dylib+0x144dea0]  _ZN7WebCore14ResourceLoader16didFinishLoadingEPNS_14ResourceHandleE+0xc0
j  com.sun.webkit.network.URLLoader.twkDidFinishLoading(J)V+0 javafx.web
j  com.sun.webkit.network.URLLoader.notifyDidFinishLoading()V+41 javafx.web
j  com.sun.webkit.network.URLLoader.lambda$didFinishLoading$5()V+8 javafx.web
j  com.sun.webkit.network.URLLoader$$Lambda$426.run()V+4 javafx.web
j  com.sun.javafx.application.PlatformImpl.lambda$runLater$10(Ljava/lang/Runnable;)Ljava/lang/Void;+1 javafx.graphics
j  com.sun.javafx.application.PlatformImpl$$Lambda$89.run()Ljava/lang/Object;+4 javafx.graphics
v  ~StubRoutines::call_stub
V  [libjvm.dylib+0x3b910e]  _ZN9JavaCalls11call_helperEP9JavaValueRK12methodHandleP17JavaCallArgumentsP6Thread+0x21a
V  [libjvm.dylib+0x43676b]  JVM_DoPrivileged+0x6df
J 2049  java.security.AccessController.doPrivileged(Ljava/security/PrivilegedAction;Ljava/security/AccessControlContext;)Ljava/lang/Object; java.base@11.0.12 (0 bytes) @ 0x0000000123d22e25 [0x0000000123d22d40+0x00000000000000e5]
j  com.sun.javafx.application.PlatformImpl.lambda$runLater$11(Ljava/lang/Runnable;Ljava/security/AccessControlContext;)V+7 javafx.graphics
j  com.sun.javafx.application.PlatformImpl$$Lambda$88.run()V+8 javafx.graphics
J 3618 c1 com.sun.glass.ui.InvokeLaterDispatcher$Future.run()V javafx.graphics (91 bytes) @ 0x000000011ce14e34 [0x000000011ce14d20+0x0000000000000114]
v  ~StubRoutines::call_stub
V  [libjvm.dylib+0x3b910e]  _ZN9JavaCalls11call_helperEP9JavaValueRK12methodHandleP17JavaCallArgumentsP6Thread+0x21a
V  [libjvm.dylib+0x3f5591]  _ZL20jni_invoke_nonstaticP7JNIEnv_P9JavaValueP8_jobject11JNICallTypeP10_jmethodIDP18JNI_ArgumentPusherP6Thread+0x262
V  [libjvm.dylib+0x3f9c76]  jni_CallVoidMethod+0x1d6
C  [libglass.dylib+0x879c]  -[GlassRunnable run]+0x6c
C  [Foundation+0x80bc1]  __NSThreadPerformPerform+0xcc
C  [CoreFoundation+0x816dc]  __CFRUNLOOP_IS_CALLING_OUT_TO_A_SOURCE0_PERFORM_FUNCTION__+0x11
C  [CoreFoundation+0x81644]  __CFRunLoopDoSource0+0xb4
C  [CoreFoundation+0x813ba]  __CFRunLoopDoSources0+0xf2
C  [CoreFoundation+0x7fdc8]  __CFRunLoopRun+0x381
C  [CoreFoundation+0x7f380]  CFRunLoopRunSpecific+0x237
C  [HIToolbox+0x30ab3]  RunCurrentEventLoopInMode+0x124
C  [HIToolbox+0x30815]  ReceiveNextEventCommon+0x24b
C  [HIToolbox+0x305b3]  _BlockUntilNextEventMatchingListInModeWithFilter+0x46
C  [AppKit+0x3e6f2]  _DPSNextEvent+0x360
C  [AppKit+0x3cec5]  -[NSApplication(NSEvent) _nextEventMatchingEventMask:untilDate:inMode:dequeue:]+0x554
C  [AppKit+0x2f239]  -[NSApplication run]+0x24a
C  [libglass.dylib+0xa80c]  -[GlassApplication runLoop:]+0x78c
C  [Foundation+0x80bc1]  __NSThreadPerformPerform+0xcc
C  [CoreFoundation+0x816dc]  __CFRUNLOOP_IS_CALLING_OUT_TO_A_SOURCE0_PERFORM_FUNCTION__+0x11
C  [CoreFoundation+0x81644]  __CFRunLoopDoSource0+0xb4
C  [CoreFoundation+0x813ba]  __CFRunLoopDoSources0+0xf2
C  [CoreFoundation+0x7fdc8]  __CFRunLoopRun+0x381
C  [CoreFoundation+0x7f380]  CFRunLoopRunSpecific+0x237
C  [libjli.dylib+0x664e]  CreateExecutionEnvironment+0x18e
C  [libjli.dylib+0x285e]  JLI_Launch+0x52a
C  [java+0x1807]  main+0x177
C  [libdyld.dylib+0x15f5d]  start+0x1

Java frames: (J=compiled Java code, j=interpreted, Vv=VM code)
j  com.sun.webkit.network.URLLoader.twkDidFinishLoading(J)V+0 javafx.web
j  com.sun.webkit.network.URLLoader.notifyDidFinishLoading()V+41 javafx.web
j  com.sun.webkit.network.URLLoader.lambda$didFinishLoading$5()V+8 javafx.web
j  com.sun.webkit.network.URLLoader$$Lambda$426.run()V+4 javafx.web
j  com.sun.javafx.application.PlatformImpl.lambda$runLater$10(Ljava/lang/Runnable;)Ljava/lang/Void;+1 javafx.graphics
j  com.sun.javafx.application.PlatformImpl$$Lambda$89.run()Ljava/lang/Object;+4 javafx.graphics
v  ~StubRoutines::call_stub
J 2049  java.security.AccessController.doPrivileged(Ljava/security/PrivilegedAction;Ljava/security/AccessControlContext;)Ljava/lang/Object; java.base@11.0.12 (0 bytes) @ 0x0000000123d22db3 [0x0000000123d22d40+0x0000000000000073]
j  com.sun.javafx.application.PlatformImpl.lambda$runLater$11(Ljava/lang/Runnable;Ljava/security/AccessControlContext;)V+7 javafx.graphics
j  com.sun.javafx.application.PlatformImpl$$Lambda$88.run()V+8 javafx.graphics
J 3618 c1 com.sun.glass.ui.InvokeLaterDispatcher$Future.run()V javafx.graphics (91 bytes) @ 0x000000011ce14e34 [0x000000011ce14d20+0x0000000000000114]
v  ~StubRoutines::call_stub

siginfo: si_signo: 11 (SIGSEGV), si_code: 1 (SEGV_MAPERR), si_addr: 0x0000000000000000

Register to memory mapping:

RAX=0x0 is NULL
RBX=0x00007ff7d6d2c000 is a thread
RCX=0x0000000000000002 is an unknown value
RDX=0x0000000000000002 is an unknown value
RSP=0x000000030e3129b0 is pointing into the stack for thread: 0x00007ff7d6d2c000
RBP=0x000000030e3129b0 is pointing into the stack for thread: 0x00007ff7d6d2c000
RSI=0x0 is NULL
RDI=0x0 is NULL
R8 =0x0 is NULL
R9 =0x0000000000000001 is an unknown value
R10=0x00000001121e97e0: _ZN19TemplateInterpreter13_active_tableE+0x4800 in /Library/Java/JavaVirtualMachines/temurin-11.jdk/Contents/Home/lib/server/libjvm.dylib at 0x0000000111800000
R11=0x0000000131db6e00 is pointing into metadata
R12=0x00007ff7d6d2c348 points into unknown readable memory: 0x000000011218bd58 | 58 bd 18 12 01 00 00 00
R13=0x0 is NULL
R14=0x00007ff7d6d2c348 points into unknown readable memory: 0x000000011218bd58 | 58 bd 18 12 01 00 00 00
R15=0x0 is NULL


Registers:
RAX=0x0000000000000000, RBX=0x00007ff7d6d2c000, RCX=0x0000000000000002, RDX=0x0000000000000002
RSP=0x000000030e3129b0, RBP=0x000000030e3129b0, RSI=0x0000000000000000, RDI=0x0000000000000000
R8 =0x0000000000000000, R9 =0x0000000000000001, R10=0x00000001121e97e0, R11=0x0000000131db6e00
R12=0x00007ff7d6d2c348, R13=0x0000000000000000, R14=0x00007ff7d6d2c348, R15=0x0000000000000000
RIP=0x00000001119d0a54, EFLAGS=0x0000000000000246, ERR=0x0000000000000004
  TRAPNO=0x000000000000000e

Top of Stack: (sp=0x000000030e3129b0)
0x000000030e3129b0:   000000030e3129e0 0000000111c067cf
0x000000030e3129c0:   00007ff7d6d2c000 000000011218bd58
0x000000030e3129d0:   0000000000000000 000000030e312b60
0x000000030e3129e0:   000000030e312a50 000000013c3a2ad0
0x000000030e3129f0:   00007ff7d6d2c348 000000013c2c0140
0x000000030e312a00:   0000000000000000 0000000000000000
0x000000030e312a10:   0000000000000000 0000000000000000
0x000000030e312a20:   0000000000000000 0000000000000000
0x000000030e312a30:   0000000000000000 0000000000000000
0x000000030e312a40:   0000000000000000 000000030e312b60
0x000000030e312a50:   000000030e312ab0 000000013c3a2803
0x000000030e312a60:   000000030e312a80 000000013c901cca
0x000000030e312a70:   0000000000000000 0000000000000000
0x000000030e312a80:   0000000300000000 0000000143141380
0x000000030e312a90:   0000000000000000 0000000000000000
0x000000030e312aa0:   0000000000000038 0000000000000000
0x000000030e312ab0:   000000030e312b10 000000013c360be7
0x000000030e312ac0:   000000030e312b60 00007fff20315239
0x000000030e312ad0:   0000000000000000 000000013e83f8c8
0x000000030e312ae0:   0000000000000000 0000000149c8ad58
0x000000030e312af0:   0000000149059990 0000000149c7bbe0
0x000000030e312b00:   000000030e312b60 0000000000000000
0x000000030e312b10:   000000030e312b50 000000013c3613e1
0x000000030e312b20:   0000000000000000 0000000149c70918
0x000000030e312b30:   0000000000000000 000000014344b090
0x000000030e312b40:   000000030e312c90 000000030e312c40
0x000000030e312b50:   000000030e312c00 000000013be22f66
0x000000030e312b60:   0000000149c7bbb8 0000000000000000
0x000000030e312b70:   000000008007f4b0 0000000000000000
0x000000030e312b80:   0000000000000000 0000000000000000
0x000000030e312b90:   0000000000000000 0000000000000000
0x000000030e312ba0:   0000000000000000 0000000000000000 

Instructions: (pc=0x00000001119d0a54)
0x00000001119d0954:   ff 17 48 8b 18 48 8b 03 48 89 df ff 50 28 84 c0
0x00000001119d0964:   74 14 48 83 c3 28 48 89 df eb 4a 45 31 f6 4c 89
0x00000001119d0974:   f0 5b 41 5e 5d c3 48 8d 05 d7 c5 80 00 48 8b 18
0x00000001119d0984:   48 85 db 74 25 48 89 df e8 b1 20 43 00 48 8d 3d
0x00000001119d0994:   e0 de 80 00 48 83 c7 68 4c 89 f6 e8 56 f9 4a 00
0x00000001119d09a4:   48 89 df e8 30 21 43 00 eb c4 48 8d 3d c3 de 80
0x00000001119d09b4:   00 48 83 c7 68 4c 89 f6 e8 39 f9 4a 00 eb af 90
0x00000001119d09c4:   55 48 89 e5 53 50 48 89 fb 48 8d 05 c4 b1 7f 00
0x00000001119d09d4:   80 38 00 74 07 e8 1a 00 00 00 eb 05 e8 3b 5d 00
0x00000001119d09e4:   00 48 89 05 b4 7e 7b 00 48 89 df 48 83 c4 08 5b
0x00000001119d09f4:   5d ff e0 90 48 8d 05 31 44 7f 00 48 8b 00 8b 40
0x00000001119d0a04:   10 ff c8 83 f8 04 73 0e 48 98 48 8d 0d ab 9b 77
0x00000001119d0a14:   00 48 8b 04 c1 c3 55 48 89 e5 48 8d 3d e2 27 62
0x00000001119d0a24:   00 48 8d 15 06 28 62 00 be ef 00 00 00 31 c0 e8
0x00000001119d0a34:   a5 9a 0a 00 e8 a3 94 45 00 31 c0 5d c3 90 90 90
0x00000001119d0a44:   55 48 89 e5 48 8b 07 5d c3 90 90 90 55 48 89 e5
0x00000001119d0a54:   48 8b 07 5d c3 90 90 90 55 48 89 e5 48 8b 07 5d
0x00000001119d0a64:   c3 90 90 90 55 48 89 e5 48 8b 37 48 85 f6 74 10
0x00000001119d0a74:   48 8d 05 b5 43 7f 00 48 8b 38 5d e9 be 9c 4e 00
0x00000001119d0a84:   31 c0 5d c3 55 48 89 e5 41 56 53 49 89 f6 48 89
0x00000001119d0a94:   fb 48 8d 05 fc b0 7f 00 80 38 00 74 07 e8 1a 00
0x00000001119d0aa4:   00 00 eb 05 e8 ab ab ff ff 48 89 05 ec ac 7b 00
0x00000001119d0ab4:   48 89 df 4c 89 f6 5b 41 5e 5d ff e0 48 8d 05 69
0x00000001119d0ac4:   43 7f 00 48 8b 00 8b 40 10 ff c8 83 f8 04 73 0e
0x00000001119d0ad4:   48 98 48 8d 0d 23 9b 77 00 48 8b 04 c1 c3 55 48
0x00000001119d0ae4:   89 e5 48 8d 3d 1a 27 62 00 48 8d 15 3e 27 62 00
0x00000001119d0af4:   be ef 00 00 00 31 c0 e8 dd 99 0a 00 e8 db 93 45
0x00000001119d0b04:   00 31 c0 5d c3 90 90 90 55 48 89 e5 8b 04 37 48
0x00000001119d0b14:   85 c0 74 12 48 8d 15 e1 76 7d 00 8a 4a 08 48 d3
0x00000001119d0b24:   e0 48 03 02 eb 02 31 c0 5d c3 90 90 55 48 89 e5
0x00000001119d0b34:   8b 04 37 48 85 c0 74 12 48 8d 15 bd 76 7d 00 8a
0x00000001119d0b44:   4a 08 48 d3 e0 48 03 02 eb 02 31 c0 5d c3 90 90 


Stack slot to memory mapping:
stack at sp + 0 slots: 0x000000030e3129e0 is pointing into the stack for thread: 0x00007ff7d6d2c000
stack at sp + 1 slots: 0x0000000111c067cf: jni_GetArrayLength+0xb7 in /Library/Java/JavaVirtualMachines/temurin-11.jdk/Contents/Home/lib/server/libjvm.dylib at 0x0000000111800000
stack at sp + 2 slots: 0x00007ff7d6d2c000 is a thread
stack at sp + 3 slots: 0x000000011218bd58: jni_NativeInterface+0 in /Library/Java/JavaVirtualMachines/temurin-11.jdk/Contents/Home/lib/server/libjvm.dylib at 0x0000000111800000
stack at sp + 4 slots: 0x0 is NULL
stack at sp + 5 slots: 0x000000030e312b60 is pointing into the stack for thread: 0x00007ff7d6d2c000
stack at sp + 6 slots: 0x000000030e312a50 is pointing into the stack for thread: 0x00007ff7d6d2c000
stack at sp + 7 slots: 0x000000013c3a2ad0: _ZN7WebCore18MediaPlayerPrivate17GetSupportedTypesEv+0x180 in /Users/chenweilin/Desktop/java/javafx-sdk-11.0.2/lib/libjfxwebkit.dylib at 0x000000013ad5a000


---------------  P R O C E S S  ---------------

Threads class SMR info:
_java_thread_list=0x00007ff7859abb80, length=39, elements={
0x00007ff7d580a000, 0x00007ff7d502a800, 0x00007ff7d682a000, 0x00007ff7d60c3800,
0x00007ff7d5038000, 0x00007ff7d502c800, 0x00007ff7d5815800, 0x00007ff7d5822800,
0x00007ff7d60c4000, 0x00007ff7d5872800, 0x00007ff7d5964800, 0x00007ff7d6d2b000,
0x00007ff7d6d2c000, 0x00007ff7d5751800, 0x00007ff7d6d3e800, 0x00007ff7d609b800,
0x00007ff7d5d71800, 0x00007ff7d5780800, 0x00007ff786051000, 0x00007ff7d6deb000,
0x00007ff7d6de3000, 0x00007ff7862af000, 0x00007ff7d5abf800, 0x00007ff7d60d1800,
0x00007ff7862ea000, 0x00007ff7d5af7800, 0x00007ff7d5af8000, 0x00007ff7862eb000,
0x00007ff7d5af9000, 0x00007ff7862ed800, 0x00007ff7d6957000, 0x00007ff786314800,
0x00007ff7d6a84800, 0x00007ff7d6a85800, 0x00007ff7d6ce5800, 0x00007ff78632a000,
0x00007ff78633b000, 0x00007ff7d6ce9000, 0x00007ff7d6cea000
}

Java Threads: ( => current thread )
  0x00007ff7d580a000 JavaThread "main" [_thread_blocked, id=6915, stack(0x000000030e39c000,0x000000030e49c000)]
  0x00007ff7d502a800 JavaThread "Reference Handler" daemon [_thread_blocked, id=16643, stack(0x000000030eab1000,0x000000030ebb1000)]
  0x00007ff7d682a000 JavaThread "Finalizer" daemon [_thread_blocked, id=21763, stack(0x000000030ebb4000,0x000000030ecb4000)]
  0x00007ff7d60c3800 JavaThread "Signal Dispatcher" daemon [_thread_blocked, id=23299, stack(0x000000030edc7000,0x000000030eec7000)]
  0x00007ff7d5038000 JavaThread "Service Thread" daemon [_thread_blocked, id=23811, stack(0x000000030eeca000,0x000000030efca000)]
  0x00007ff7d502c800 JavaThread "C2 CompilerThread0" daemon [_thread_blocked, id=24323, stack(0x000000030efcd000,0x000000030f0cd000)]
  0x00007ff7d5815800 JavaThread "C1 CompilerThread0" daemon [_thread_blocked, id=24835, stack(0x000000030f0d0000,0x000000030f1d0000)]
  0x00007ff7d5822800 JavaThread "Sweeper thread" daemon [_thread_blocked, id=39939, stack(0x000000030f1d3000,0x000000030f2d3000)]
  0x00007ff7d60c4000 JavaThread "Common-Cleaner" daemon [_thread_blocked, id=26115, stack(0x000000030f2d6000,0x000000030f3d6000)]
  0x00007ff7d5872800 JavaThread "Monitor Ctrl-Break" daemon [_thread_in_native, id=38659, stack(0x000000030f3d9000,0x000000030f4d9000)]
  0x00007ff7d5964800 JavaThread "QuantumRenderer-0" daemon [_thread_blocked, id=26883, stack(0x000000030f5df000,0x000000030f6df000)]
  0x00007ff7d6d2b000 JavaThread "InvokeLaterDispatcher" daemon [_thread_blocked, id=44835, stack(0x000000030f87b000,0x000000030f97b000)]
=>0x00007ff7d6d2c000 JavaThread "JavaFX Application Thread" [_thread_in_vm, id=259, stack(0x000000030db19000,0x000000030e319000)]
  0x00007ff7d5751800 JavaThread "Thread-2" daemon [_thread_in_native, id=51971, stack(0x000000030f97e000,0x000000030f9fe000)]
  0x00007ff7d6d3e800 JavaThread "JavaFX-Launcher" [_thread_blocked, id=71447, stack(0x000000030fa84000,0x000000030fb84000)]
  0x00007ff7d609b800 JavaThread "Attach Listener" daemon [_thread_blocked, id=60419, stack(0x0000000310096000,0x0000000310196000)]
  0x00007ff7d5d71800 JavaThread "Prism Font Disposer" daemon [_thread_blocked, id=65795, stack(0x000000031021c000,0x000000031031c000)]
  0x00007ff7d5780800 JavaThread "Disposer" daemon [_thread_blocked, id=61187, stack(0x000000031031f000,0x000000031041f000)]
  0x00007ff786051000 JavaThread "Cleaner-0" daemon [_thread_blocked, id=169987, stack(0x00000003108ba000,0x00000003109ba000)]
  0x00007ff7d6deb000 JavaThread "URL-Loader-1" daemon [_thread_blocked, id=169291, stack(0x00000003109bd000,0x0000000310abd000)]
  0x00007ff7d6de3000 JavaThread "Keep-Alive-Timer" daemon [_thread_blocked, id=94867, stack(0x0000000310ac0000,0x0000000310bc0000)]
  0x00007ff7862af000 JavaThread "URL-Loader-2" daemon [_thread_blocked, id=96539, stack(0x0000000310bc3000,0x0000000310cc3000)]
  0x00007ff7d5abf800 JavaThread "URL-Loader-3" daemon [_thread_blocked, id=166915, stack(0x0000000310cc6000,0x0000000310dc6000)]
  0x00007ff7d60d1800 JavaThread "URL-Loader-4" daemon [_thread_blocked, id=166147, stack(0x0000000310dc9000,0x0000000310ec9000)]
  0x00007ff7862ea000 JavaThread "URL-Loader-5" daemon [_thread_blocked, id=97539, stack(0x0000000310ecc000,0x0000000310fcc000)]
  0x00007ff7d5af7800 JavaThread "URL-Loader-6" daemon [_thread_blocked, id=165379, stack(0x0000000310fcf000,0x00000003110cf000)]
  0x00007ff7d5af8000 JavaThread "URL-Loader-7" daemon [_thread_blocked, id=164867, stack(0x00000003110d2000,0x00000003111d2000)]
  0x00007ff7862eb000 JavaThread "URL-Loader-8" daemon [_thread_blocked, id=163843, stack(0x00000003111d5000,0x00000003112d5000)]
  0x00007ff7d5af9000 JavaThread "URL-Loader-9" daemon [_thread_blocked, id=163367, stack(0x00000003112d8000,0x00000003113d8000)]
  0x00007ff7862ed800 JavaThread "URL-Loader-10" daemon [_thread_blocked, id=162871, stack(0x00000003113db000,0x00000003114db000)]
  0x00007ff7d6957000 JavaThread "URL-Loader-11" daemon [_thread_blocked, id=161803, stack(0x00000003114de000,0x00000003115de000)]
  0x00007ff786314800 JavaThread "URL-Loader-12" daemon [_thread_blocked, id=100495, stack(0x00000003115e1000,0x00000003116e1000)]
  0x00007ff7d6a84800 JavaThread "URL-Loader-13" daemon [_thread_blocked, id=101231, stack(0x00000003116e4000,0x00000003117e4000)]
  0x00007ff7d6a85800 JavaThread "URL-Loader-14" daemon [_thread_blocked, id=161143, stack(0x000000031186a000,0x000000031196a000)]
  0x00007ff7d6ce5800 JavaThread "Thread-4" daemon [_thread_in_native, id=102155, stack(0x00000003119f0000,0x0000000311a70000)]
  0x00007ff78632a000 JavaThread "URL-Loader-15" daemon [_thread_blocked, id=102659, stack(0x0000000311af6000,0x0000000311bf6000)]
  0x00007ff78633b000 JavaThread "URL-Loader-16" daemon [_thread_blocked, id=157443, stack(0x0000000311bf9000,0x0000000311cf9000)]
  0x00007ff7d6ce9000 JavaThread "URL-Loader-17" daemon [_thread_blocked, id=156931, stack(0x0000000311cfc000,0x0000000311dfc000)]
  0x00007ff7d6cea000 JavaThread "URL-Loader-18" daemon [_thread_blocked, id=103939, stack(0x0000000311dff000,0x0000000311eff000)]

Other Threads:
  0x00007ff7d5817000 VMThread "VM Thread" [stack: 0x000000030e9ae000,0x000000030eaae000] [id=15875]
  0x00007ff7b5811000 WatcherThread [stack: 0x000000030f4dc000,0x000000030f5dc000] [id=26627]
  0x00007ff7d6010000 GCTaskThread "GC Thread#0" [stack: 0x000000030e49f000,0x000000030e59f000] [id=13059]
  0x00007ff7d6d40000 GCTaskThread "GC Thread#1" [stack: 0x000000030fb87000,0x000000030fc87000] [id=56471]
  0x00007ff7d5d47800 GCTaskThread "GC Thread#2" [stack: 0x000000030fc8a000,0x000000030fd8a000] [id=58631]
  0x00007ff7d6d71800 GCTaskThread "GC Thread#3" [stack: 0x000000030fd8d000,0x000000030fe8d000] [id=69123]
  0x00007ff7d5d4c000 GCTaskThread "GC Thread#4" [stack: 0x000000030fe90000,0x000000030ff90000] [id=68611]
  0x00007ff7d575a000 GCTaskThread "GC Thread#5" [stack: 0x000000030ff93000,0x0000000310093000] [id=59139]
  0x00007ff7d6030800 ConcurrentGCThread "G1 Main Marker" [stack: 0x000000030e5a2000,0x000000030e6a2000] [id=13571]
  0x00007ff7d6031000 ConcurrentGCThread "G1 Conc#0" [stack: 0x000000030e6a5000,0x000000030e7a5000] [id=19203]
  0x00007ff7d57da800 ConcurrentGCThread "G1 Conc#1" [stack: 0x0000000310422000,0x0000000310522000] [id=63499]
  0x00007ff7d6092000 ConcurrentGCThread "G1 Refine#0" [stack: 0x000000030e7a8000,0x000000030e8a8000] [id=14595]
  0x00007ff7d6092800 ConcurrentGCThread "G1 Young RemSet Sampling" [stack: 0x000000030e8ab000,0x000000030e9ab000] [id=18947]

Threads with active compile tasks:

VM state:not at safepoint (normal execution)

VM Mutex/Monitor currently owned by a thread: None

Heap address: 0x0000000780000000, size: 2048 MB, Compressed Oops mode: Zero based, Oop shift amount: 3
Narrow klass base: 0x0000000800000000, Narrow klass shift: 0
Compressed class space size: 1073741824 Address: 0x0000000800000000

Heap:
 garbage-first heap   total 131072K, used 68519K [0x0000000780000000, 0x0000000800000000)
  region size 1024K, 60 young (61440K), 5 survivors (5120K)
 Metaspace       used 32438K, capacity 33684K, committed 33792K, reserved 1079296K
  class space    used 3954K, capacity 4509K, committed 4608K, reserved 1048576K
Heap Regions: E=young(eden), S=young(survivor), O=old, HS=humongous(starts), HC=humongous(continues), CS=collection set, F=free, A=archive, TAMS=top-at-mark-start (previous, next)
|   0|0x0000000780000000, 0x0000000780100000, 0x0000000780100000|100%| O|  |TAMS 0x0000000780057400, 0x0000000780000000| Untracked 
|   1|0x0000000780100000, 0x0000000780200000, 0x0000000780200000|100%|HS|  |TAMS 0x0000000780100000, 0x0000000780100000| Complete 
|   2|0x0000000780200000, 0x0000000780300000, 0x0000000780300000|100%|HC|  |TAMS 0x0000000780200000, 0x0000000780200000| Complete 
|   3|0x0000000780300000, 0x0000000780400000, 0x0000000780400000|100%| O|  |TAMS 0x0000000780300000, 0x0000000780300000| Untracked 
|   4|0x0000000780400000, 0x0000000780500000, 0x0000000780500000|100%| O|  |TAMS 0x0000000780400000, 0x0000000780400000| Untracked 
|   5|0x0000000780500000, 0x0000000780600000, 0x0000000780600000|100%| O|  |TAMS 0x0000000780500000, 0x0000000780500000| Untracked 
|   6|0x0000000780600000, 0x0000000780700000, 0x0000000780700000|100%| O|  |TAMS 0x0000000780600000, 0x0000000780600000| Untracked 
|   7|0x0000000780700000, 0x0000000780800000, 0x0000000780800000|100%| O|  |TAMS 0x0000000780700000, 0x0000000780700000| Untracked 
|   8|0x0000000780800000, 0x00000007808a0e00, 0x0000000780900000| 62%| O|  |TAMS 0x0000000780800000, 0x0000000780800000| Untracked 
|   9|0x0000000780900000, 0x0000000780900000, 0x0000000780a00000|  0%| F|  |TAMS 0x0000000780900000, 0x0000000780900000| Untracked 
|  10|0x0000000780a00000, 0x0000000780a00000, 0x0000000780b00000|  0%| F|  |TAMS 0x0000000780a00000, 0x0000000780a00000| Untracked 
|  11|0x0000000780b00000, 0x0000000780b00000, 0x0000000780c00000|  0%| F|  |TAMS 0x0000000780b00000, 0x0000000780b00000| Untracked 
|  12|0x0000000780c00000, 0x0000000780c00000, 0x0000000780d00000|  0%| F|  |TAMS 0x0000000780c00000, 0x0000000780c00000| Untracked 
|  13|0x0000000780d00000, 0x0000000780d00000, 0x0000000780e00000|  0%| F|  |TAMS 0x0000000780d00000, 0x0000000780d00000| Untracked 
|  14|0x0000000780e00000, 0x0000000780e00000, 0x0000000780f00000|  0%| F|  |TAMS 0x0000000780e00000, 0x0000000780e00000| Untracked 
|  15|0x0000000780f00000, 0x0000000780f00000, 0x0000000781000000|  0%| F|  |TAMS 0x0000000780f00000, 0x0000000780f00000| Untracked 
|  16|0x0000000781000000, 0x0000000781000000, 0x0000000781100000|  0%| F|  |TAMS 0x0000000781000000, 0x0000000781000000| Untracked 
|  17|0x0000000781100000, 0x0000000781100000, 0x0000000781200000|  0%| F|  |TAMS 0x0000000781100000, 0x0000000781100000| Untracked 
|  18|0x0000000781200000, 0x0000000781200000, 0x0000000781300000|  0%| F|  |TAMS 0x0000000781200000, 0x0000000781200000| Untracked 
|  19|0x0000000781300000, 0x0000000781300000, 0x0000000781400000|  0%| F|  |TAMS 0x0000000781300000, 0x0000000781300000| Untracked 
|  20|0x0000000781400000, 0x0000000781400000, 0x0000000781500000|  0%| F|  |TAMS 0x0000000781400000, 0x0000000781400000| Untracked 
|  21|0x0000000781500000, 0x0000000781500000, 0x0000000781600000|  0%| F|  |TAMS 0x0000000781500000, 0x0000000781500000| Untracked 
|  22|0x0000000781600000, 0x0000000781600000, 0x0000000781700000|  0%| F|  |TAMS 0x0000000781600000, 0x0000000781600000| Untracked 
|  23|0x0000000781700000, 0x0000000781700000, 0x0000000781800000|  0%| F|  |TAMS 0x0000000781700000, 0x0000000781700000| Untracked 
|  24|0x0000000781800000, 0x0000000781800000, 0x0000000781900000|  0%| F|  |TAMS 0x0000000781800000, 0x0000000781800000| Untracked 
|  25|0x0000000781900000, 0x0000000781900000, 0x0000000781a00000|  0%| F|  |TAMS 0x0000000781900000, 0x0000000781900000| Untracked 
|  26|0x0000000781a00000, 0x0000000781a00000, 0x0000000781b00000|  0%| F|  |TAMS 0x0000000781a00000, 0x0000000781a00000| Untracked 
|  27|0x0000000781b00000, 0x0000000781b00000, 0x0000000781c00000|  0%| F|  |TAMS 0x0000000781b00000, 0x0000000781b00000| Untracked 
|  28|0x0000000781c00000, 0x0000000781c00000, 0x0000000781d00000|  0%| F|  |TAMS 0x0000000781c00000, 0x0000000781c00000| Untracked 
|  29|0x0000000781d00000, 0x0000000781d00000, 0x0000000781e00000|  0%| F|  |TAMS 0x0000000781d00000, 0x0000000781d00000| Untracked 
|  30|0x0000000781e00000, 0x0000000781e00000, 0x0000000781f00000|  0%| F|  |TAMS 0x0000000781e00000, 0x0000000781e00000| Untracked 
|  31|0x0000000781f00000, 0x0000000781f00000, 0x0000000782000000|  0%| F|  |TAMS 0x0000000781f00000, 0x0000000781f00000| Untracked 
|  32|0x0000000782000000, 0x0000000782000000, 0x0000000782100000|  0%| F|  |TAMS 0x0000000782000000, 0x0000000782000000| Untracked 
|  33|0x0000000782100000, 0x0000000782100000, 0x0000000782200000|  0%| F|  |TAMS 0x0000000782100000, 0x0000000782100000| Untracked 
|  34|0x0000000782200000, 0x0000000782200000, 0x0000000782300000|  0%| F|  |TAMS 0x0000000782200000, 0x0000000782200000| Untracked 
|  35|0x0000000782300000, 0x0000000782300000, 0x0000000782400000|  0%| F|  |TAMS 0x0000000782300000, 0x0000000782300000| Untracked 
|  36|0x0000000782400000, 0x0000000782400000, 0x0000000782500000|  0%| F|  |TAMS 0x0000000782400000, 0x0000000782400000| Untracked 
|  37|0x0000000782500000, 0x0000000782500000, 0x0000000782600000|  0%| F|  |TAMS 0x0000000782500000, 0x0000000782500000| Untracked 
|  38|0x0000000782600000, 0x0000000782600000, 0x0000000782700000|  0%| F|  |TAMS 0x0000000782600000, 0x0000000782600000| Untracked 
|  39|0x0000000782700000, 0x0000000782700000, 0x0000000782800000|  0%| F|  |TAMS 0x0000000782700000, 0x0000000782700000| Untracked 
|  40|0x0000000782800000, 0x0000000782800000, 0x0000000782900000|  0%| F|  |TAMS 0x0000000782800000, 0x0000000782800000| Untracked 
|  41|0x0000000782900000, 0x0000000782900000, 0x0000000782a00000|  0%| F|  |TAMS 0x0000000782900000, 0x0000000782900000| Untracked 
|  42|0x0000000782a00000, 0x0000000782a00000, 0x0000000782b00000|  0%| F|  |TAMS 0x0000000782a00000, 0x0000000782a00000| Untracked 
|  43|0x0000000782b00000, 0x0000000782b00000, 0x0000000782c00000|  0%| F|  |TAMS 0x0000000782b00000, 0x0000000782b00000| Untracked 
|  44|0x0000000782c00000, 0x0000000782c00000, 0x0000000782d00000|  0%| F|  |TAMS 0x0000000782c00000, 0x0000000782c00000| Untracked 
|  45|0x0000000782d00000, 0x0000000782d00000, 0x0000000782e00000|  0%| F|  |TAMS 0x0000000782d00000, 0x0000000782d00000| Untracked 
|  46|0x0000000782e00000, 0x0000000782e00000, 0x0000000782f00000|  0%| F|  |TAMS 0x0000000782e00000, 0x0000000782e00000| Untracked 
|  47|0x0000000782f00000, 0x0000000782f00000, 0x0000000783000000|  0%| F|  |TAMS 0x0000000782f00000, 0x0000000782f00000| Untracked 
|  48|0x0000000783000000, 0x0000000783000000, 0x0000000783100000|  0%| F|  |TAMS 0x0000000783000000, 0x0000000783000000| Untracked 
|  49|0x0000000783100000, 0x0000000783100000, 0x0000000783200000|  0%| F|  |TAMS 0x0000000783100000, 0x0000000783100000| Untracked 
|  50|0x0000000783200000, 0x0000000783200000, 0x0000000783300000|  0%| F|  |TAMS 0x0000000783200000, 0x0000000783200000| Untracked 
|  51|0x0000000783300000, 0x0000000783300000, 0x0000000783400000|  0%| F|  |TAMS 0x0000000783300000, 0x0000000783300000| Untracked 
|  52|0x0000000783400000, 0x0000000783400000, 0x0000000783500000|  0%| F|  |TAMS 0x0000000783400000, 0x0000000783400000| Untracked 
|  53|0x0000000783500000, 0x0000000783500000, 0x0000000783600000|  0%| F|  |TAMS 0x0000000783500000, 0x0000000783500000| Untracked 
|  54|0x0000000783600000, 0x0000000783600000, 0x0000000783700000|  0%| F|  |TAMS 0x0000000783600000, 0x0000000783600000| Untracked 
|  55|0x0000000783700000, 0x0000000783700000, 0x0000000783800000|  0%| F|  |TAMS 0x0000000783700000, 0x0000000783700000| Untracked 
|  56|0x0000000783800000, 0x0000000783800000, 0x0000000783900000|  0%| F|  |TAMS 0x0000000783800000, 0x0000000783800000| Untracked 
|  57|0x0000000783900000, 0x0000000783900000, 0x0000000783a00000|  0%| F|  |TAMS 0x0000000783900000, 0x0000000783900000| Untracked 
|  58|0x0000000783a00000, 0x0000000783a00000, 0x0000000783b00000|  0%| F|  |TAMS 0x0000000783a00000, 0x0000000783a00000| Untracked 
|  59|0x0000000783b00000, 0x0000000783b00000, 0x0000000783c00000|  0%| F|  |TAMS 0x0000000783b00000, 0x0000000783b00000| Untracked 
|  60|0x0000000783c00000, 0x0000000783c00000, 0x0000000783d00000|  0%| F|  |TAMS 0x0000000783c00000, 0x0000000783c00000| Untracked 
|  61|0x0000000783d00000, 0x0000000783d00000, 0x0000000783e00000|  0%| F|  |TAMS 0x0000000783d00000, 0x0000000783d00000| Untracked 
|  62|0x0000000783e00000, 0x0000000783e00000, 0x0000000783f00000|  0%| F|  |TAMS 0x0000000783e00000, 0x0000000783e00000| Untracked 
|  63|0x0000000783f00000, 0x0000000783f00000, 0x0000000784000000|  0%| F|  |TAMS 0x0000000783f00000, 0x0000000783f00000| Untracked 
|  64|0x0000000784000000, 0x0000000784000000, 0x0000000784100000|  0%| F|  |TAMS 0x0000000784000000, 0x0000000784000000| Untracked 
|  65|0x0000000784100000, 0x0000000784100000, 0x0000000784200000|  0%| F|  |TAMS 0x0000000784100000, 0x0000000784100000| Untracked 
|  66|0x0000000784200000, 0x0000000784200000, 0x0000000784300000|  0%| F|  |TAMS 0x0000000784200000, 0x0000000784200000| Untracked 
|  67|0x0000000784300000, 0x0000000784300000, 0x0000000784400000|  0%| F|  |TAMS 0x0000000784300000, 0x0000000784300000| Untracked 
|  68|0x0000000784400000, 0x00000007844c3258, 0x0000000784500000| 76%| E|  |TAMS 0x0000000784400000, 0x0000000784400000| Complete 
|  69|0x0000000784500000, 0x0000000784600000, 0x0000000784600000|100%| E|CS|TAMS 0x0000000784500000, 0x0000000784500000| Complete 
|  70|0x0000000784600000, 0x0000000784700000, 0x0000000784700000|100%| E|CS|TAMS 0x0000000784600000, 0x0000000784600000| Complete 
|  71|0x0000000784700000, 0x0000000784800000, 0x0000000784800000|100%| E|CS|TAMS 0x0000000784700000, 0x0000000784700000| Complete 
|  72|0x0000000784800000, 0x0000000784900000, 0x0000000784900000|100%| E|CS|TAMS 0x0000000784800000, 0x0000000784800000| Complete 
|  73|0x0000000784900000, 0x0000000784a00000, 0x0000000784a00000|100%| E|CS|TAMS 0x0000000784900000, 0x0000000784900000| Complete 
|  74|0x0000000784a00000, 0x0000000784b00000, 0x0000000784b00000|100%| E|CS|TAMS 0x0000000784a00000, 0x0000000784a00000| Complete 
|  75|0x0000000784b00000, 0x0000000784c00000, 0x0000000784c00000|100%| E|CS|TAMS 0x0000000784b00000, 0x0000000784b00000| Complete 
|  76|0x0000000784c00000, 0x0000000784c49170, 0x0000000784d00000| 28%| S|CS|TAMS 0x0000000784c00000, 0x0000000784c00000| Complete 
|  77|0x0000000784d00000, 0x0000000784e00000, 0x0000000784e00000|100%| S|CS|TAMS 0x0000000784d00000, 0x0000000784d00000| Complete 
|  78|0x0000000784e00000, 0x0000000784f00000, 0x0000000784f00000|100%| S|CS|TAMS 0x0000000784e00000, 0x0000000784e00000| Complete 
|  79|0x0000000784f00000, 0x0000000785000000, 0x0000000785000000|100%| S|CS|TAMS 0x0000000784f00000, 0x0000000784f00000| Complete 
|  80|0x0000000785000000, 0x0000000785100000, 0x0000000785100000|100%| S|CS|TAMS 0x0000000785000000, 0x0000000785000000| Complete 
|  81|0x0000000785100000, 0x0000000785200000, 0x0000000785200000|100%| E|CS|TAMS 0x0000000785100000, 0x0000000785100000| Complete 
|  82|0x0000000785200000, 0x0000000785300000, 0x0000000785300000|100%| E|CS|TAMS 0x0000000785200000, 0x0000000785200000| Complete 
|  83|0x0000000785300000, 0x0000000785400000, 0x0000000785400000|100%| E|CS|TAMS 0x0000000785300000, 0x0000000785300000| Complete 
|  84|0x0000000785400000, 0x0000000785500000, 0x0000000785500000|100%| E|CS|TAMS 0x0000000785400000, 0x0000000785400000| Complete 
|  85|0x0000000785500000, 0x0000000785600000, 0x0000000785600000|100%| E|CS|TAMS 0x0000000785500000, 0x0000000785500000| Complete 
|  86|0x0000000785600000, 0x0000000785700000, 0x0000000785700000|100%| E|CS|TAMS 0x0000000785600000, 0x0000000785600000| Complete 
|  87|0x0000000785700000, 0x0000000785800000, 0x0000000785800000|100%| E|CS|TAMS 0x0000000785700000, 0x0000000785700000| Complete 
|  88|0x0000000785800000, 0x0000000785900000, 0x0000000785900000|100%| E|CS|TAMS 0x0000000785800000, 0x0000000785800000| Complete 
|  89|0x0000000785900000, 0x0000000785a00000, 0x0000000785a00000|100%| E|CS|TAMS 0x0000000785900000, 0x0000000785900000| Complete 
|  90|0x0000000785a00000, 0x0000000785b00000, 0x0000000785b00000|100%| E|CS|TAMS 0x0000000785a00000, 0x0000000785a00000| Complete 
|  91|0x0000000785b00000, 0x0000000785c00000, 0x0000000785c00000|100%| E|CS|TAMS 0x0000000785b00000, 0x0000000785b00000| Complete 
|  92|0x0000000785c00000, 0x0000000785d00000, 0x0000000785d00000|100%| E|CS|TAMS 0x0000000785c00000, 0x0000000785c00000| Complete 
|  93|0x0000000785d00000, 0x0000000785e00000, 0x0000000785e00000|100%| E|CS|TAMS 0x0000000785d00000, 0x0000000785d00000| Complete 
|  94|0x0000000785e00000, 0x0000000785f00000, 0x0000000785f00000|100%| E|CS|TAMS 0x0000000785e00000, 0x0000000785e00000| Complete 
|  95|0x0000000785f00000, 0x0000000786000000, 0x0000000786000000|100%| E|CS|TAMS 0x0000000785f00000, 0x0000000785f00000| Complete 
|  96|0x0000000786000000, 0x0000000786100000, 0x0000000786100000|100%| E|CS|TAMS 0x0000000786000000, 0x0000000786000000| Complete 
|  97|0x0000000786100000, 0x0000000786200000, 0x0000000786200000|100%| E|CS|TAMS 0x0000000786100000, 0x0000000786100000| Complete 
|  98|0x0000000786200000, 0x0000000786300000, 0x0000000786300000|100%| E|CS|TAMS 0x0000000786200000, 0x0000000786200000| Complete 
|  99|0x0000000786300000, 0x0000000786400000, 0x0000000786400000|100%| E|CS|TAMS 0x0000000786300000, 0x0000000786300000| Complete 
| 100|0x0000000786400000, 0x0000000786500000, 0x0000000786500000|100%| E|CS|TAMS 0x0000000786400000, 0x0000000786400000| Complete 
| 101|0x0000000786500000, 0x0000000786600000, 0x0000000786600000|100%| E|CS|TAMS 0x0000000786500000, 0x0000000786500000| Complete 
| 102|0x0000000786600000, 0x0000000786700000, 0x0000000786700000|100%| E|CS|TAMS 0x0000000786600000, 0x0000000786600000| Complete 
| 103|0x0000000786700000, 0x0000000786800000, 0x0000000786800000|100%| E|CS|TAMS 0x0000000786700000, 0x0000000786700000| Complete 
| 104|0x0000000786800000, 0x0000000786900000, 0x0000000786900000|100%| E|CS|TAMS 0x0000000786800000, 0x0000000786800000| Complete 
| 105|0x0000000786900000, 0x0000000786a00000, 0x0000000786a00000|100%| E|CS|TAMS 0x0000000786900000, 0x0000000786900000| Complete 
| 106|0x0000000786a00000, 0x0000000786b00000, 0x0000000786b00000|100%| E|CS|TAMS 0x0000000786a00000, 0x0000000786a00000| Complete 
| 107|0x0000000786b00000, 0x0000000786c00000, 0x0000000786c00000|100%| E|CS|TAMS 0x0000000786b00000, 0x0000000786b00000| Complete 
| 108|0x0000000786c00000, 0x0000000786d00000, 0x0000000786d00000|100%| E|CS|TAMS 0x0000000786c00000, 0x0000000786c00000| Complete 
| 109|0x0000000786d00000, 0x0000000786e00000, 0x0000000786e00000|100%| E|CS|TAMS 0x0000000786d00000, 0x0000000786d00000| Complete 
| 110|0x0000000786e00000, 0x0000000786f00000, 0x0000000786f00000|100%| E|CS|TAMS 0x0000000786e00000, 0x0000000786e00000| Complete 
| 111|0x0000000786f00000, 0x0000000787000000, 0x0000000787000000|100%| E|CS|TAMS 0x0000000786f00000, 0x0000000786f00000| Complete 
| 112|0x0000000787000000, 0x0000000787100000, 0x0000000787100000|100%| E|CS|TAMS 0x0000000787000000, 0x0000000787000000| Complete 
| 113|0x0000000787100000, 0x0000000787200000, 0x0000000787200000|100%| E|CS|TAMS 0x0000000787100000, 0x0000000787100000| Complete 
| 114|0x0000000787200000, 0x0000000787300000, 0x0000000787300000|100%| E|CS|TAMS 0x0000000787200000, 0x0000000787200000| Complete 
| 115|0x0000000787300000, 0x0000000787400000, 0x0000000787400000|100%| E|CS|TAMS 0x0000000787300000, 0x0000000787300000| Complete 
| 116|0x0000000787400000, 0x0000000787500000, 0x0000000787500000|100%| E|CS|TAMS 0x0000000787400000, 0x0000000787400000| Complete 
| 117|0x0000000787500000, 0x0000000787600000, 0x0000000787600000|100%| E|CS|TAMS 0x0000000787500000, 0x0000000787500000| Complete 
| 118|0x0000000787600000, 0x0000000787700000, 0x0000000787700000|100%| E|CS|TAMS 0x0000000787600000, 0x0000000787600000| Complete 
| 119|0x0000000787700000, 0x0000000787800000, 0x0000000787800000|100%| E|CS|TAMS 0x0000000787700000, 0x0000000787700000| Complete 
| 120|0x0000000787800000, 0x0000000787900000, 0x0000000787900000|100%| E|CS|TAMS 0x0000000787800000, 0x0000000787800000| Complete 
| 121|0x0000000787900000, 0x0000000787a00000, 0x0000000787a00000|100%| E|CS|TAMS 0x0000000787900000, 0x0000000787900000| Complete 
| 122|0x0000000787a00000, 0x0000000787b00000, 0x0000000787b00000|100%| E|CS|TAMS 0x0000000787a00000, 0x0000000787a00000| Complete 
| 123|0x0000000787b00000, 0x0000000787c00000, 0x0000000787c00000|100%| E|CS|TAMS 0x0000000787b00000, 0x0000000787b00000| Complete 
| 124|0x0000000787c00000, 0x0000000787d00000, 0x0000000787d00000|100%| E|CS|TAMS 0x0000000787c00000, 0x0000000787c00000| Complete 
| 125|0x0000000787d00000, 0x0000000787e00000, 0x0000000787e00000|100%| E|CS|TAMS 0x0000000787d00000, 0x0000000787d00000| Complete 
| 126|0x0000000787e00000, 0x0000000787f00000, 0x0000000787f00000|100%| E|CS|TAMS 0x0000000787e00000, 0x0000000787e00000| Complete 
| 127|0x0000000787f00000, 0x0000000788000000, 0x0000000788000000|100%| E|CS|TAMS 0x0000000787f00000, 0x0000000787f00000| Complete 

Card table byte_map: [0x000000012b592000,0x000000012b992000] _byte_map_base: 0x0000000127992000

Marking Bits (Prev, Next): (CMBitMap*) 0x00007ff7d6027a50, (CMBitMap*) 0x00007ff7d6027a18
 Prev Bits: [0x000000012dd92000, 0x000000012fd92000)
 Next Bits: [0x000000012bd92000, 0x000000012dd92000)

Polling page: 0x0000000104fa6000

Metaspace:

Usage:
  Non-class:     28.49 MB capacity,    27.82 MB ( 98%) used,   554.91 KB (  2%) free+waste,   136.31 KB ( <1%) overhead. 
      Class:      4.40 MB capacity,     3.86 MB ( 88%) used,   485.16 KB ( 11%) free+waste,    69.12 KB (  2%) overhead. 
       Both:     32.89 MB capacity,    31.68 MB ( 96%) used,     1.02 MB (  3%) free+waste,   205.44 KB ( <1%) overhead. 

Virtual space:
  Non-class space:       30.00 MB reserved,      28.50 MB ( 95%) committed 
      Class space:        1.00 GB reserved,       4.50 MB ( <1%) committed 
             Both:        1.03 GB reserved,      33.00 MB (  3%) committed 

Chunk freelists:
   Non-Class:  9.00 KB
       Class:  3.00 KB
        Both:  12.00 KB

MaxMetaspaceSize: unlimited
CompressedClassSpaceSize: 1.00 GB
Initial GC threshold: 20.80 MB
Current GC threshold: 35.00 MB
CDS: off

CodeHeap 'non-profiled nmethods': size=120032Kb used=1733Kb max_used=1733Kb free=118298Kb
 bounds [0x0000000123c5a000, 0x0000000123eca000, 0x000000012b192000]
CodeHeap 'profiled nmethods': size=120028Kb used=7776Kb max_used=7776Kb free=112251Kb
 bounds [0x000000011c723000, 0x000000011cec3000, 0x0000000123c5a000]
CodeHeap 'non-nmethods': size=5700Kb used=1542Kb max_used=1556Kb free=4157Kb
 bounds [0x000000011c192000, 0x000000011c402000, 0x000000011c723000]
 total_blobs=4808 nmethods=3896 adapters=825
 compilation: enabled
              stopped_count=0, restarted_count=0
 full_count=0

Compilation events (20 events):
Event: 9.025 Thread 0x00007ff7d502c800 nmethod 3893 0x0000000123e08990 code [0x0000000123e08b40, 0x0000000123e091e8]
Event: 9.025 Thread 0x00007ff7d502c800 3895       4       sun.security.util.math.intpoly.IntegerPolynomialP256::mult (943 bytes)
Event: 9.034 Thread 0x00007ff7d5815800 3896       3       java.security.Provider$UString::equals (33 bytes)
Event: 9.035 Thread 0x00007ff7d5815800 nmethod 3896 0x000000011ceb5710 code [0x000000011ceb58e0, 0x000000011ceb5cc0]
Event: 9.038 Thread 0x00007ff7d502c800 nmethod 3895 0x0000000123e09310 code [0x0000000123e094c0, 0x0000000123e09f68]
Event: 9.038 Thread 0x00007ff7d502c800 3885       4       sun.security.util.math.intpoly.IntegerPolynomialP256::carryReduce (454 bytes)
Event: 9.039 Thread 0x00007ff7d502c800 nmethod 3885 0x0000000123e0a190 code [0x0000000123e0a320, 0x0000000123e0a5f8]
Event: 9.039 Thread 0x00007ff7d502c800 3870       4       sun.security.util.math.intpoly.IntegerPolynomial$Element::isSummand (20 bytes)
Event: 9.040 Thread 0x00007ff7d502c800 nmethod 3870 0x0000000123e0a710 code [0x0000000123e0a8a0, 0x0000000123e0a938]
Event: 9.040 Thread 0x00007ff7d502c800 3869       4       sun.security.util.math.intpoly.IntegerPolynomial$MutableElement::setValue (33 bytes)
Event: 9.041 Thread 0x00007ff7d502c800 nmethod 3869 0x0000000123e0aa10 code [0x0000000123e0abc0, 0x0000000123e0ad58]
Event: 9.041 Thread 0x00007ff7d502c800 3878       4       sun.security.util.math.intpoly.IntegerPolynomial$MutableElement::setProduct (31 bytes)
Event: 9.041 Thread 0x00007ff7d502c800 nmethod 3878 0x0000000123e0ae90 code [0x0000000123e0b040, 0x0000000123e0b198]
Event: 14.690 Thread 0x00007ff7d5815800 3897       3       java.lang.invoke.DelegatingMethodHandle::makeReinvokerForm (10 bytes)
Event: 14.690 Thread 0x00007ff7d5815800 nmethod 3897 0x000000011ceb5e10 code [0x000000011ceb5fc0, 0x000000011ceb60e0]
Event: 14.690 Thread 0x00007ff7d5815800 3898       3       java.lang.invoke.DelegatingMethodHandle::makeReinvokerForm (344 bytes)
Event: 14.693 Thread 0x00007ff7d5815800 nmethod 3898 0x000000011ceb6190 code [0x000000011ceb6560, 0x000000011ceb86f0]
Event: 14.693 Thread 0x00007ff7d5815800 3899       3       java.lang.invoke.LambdaForm$DMH/0x0000000800449040::invokeStatic (21 bytes)
Event: 14.694 Thread 0x00007ff7d5815800 nmethod 3899 0x000000011ceb9510 code [0x000000011ceb96e0, 0x000000011ceb9b50]
Event: 14.701 Thread 0x00007ff7d5815800 3901   !   3       java.io.PrintStream::write (83 bytes)

GC Heap History (6 events):
Event: 1.003 GC heap before
{Heap before GC invocations=0 (full 0):
 garbage-first heap   total 131072K, used 23552K [0x0000000780000000, 0x0000000800000000)
  region size 1024K, 24 young (24576K), 0 survivors (0K)
 Metaspace       used 13087K, capacity 13455K, committed 13696K, reserved 1060864K
  class space    used 1422K, capacity 1577K, committed 1664K, reserved 1048576K
}
Event: 1.013 GC heap after
{Heap after GC invocations=1 (full 0):
 garbage-first heap   total 131072K, used 3421K [0x0000000780000000, 0x0000000800000000)
  region size 1024K, 3 young (3072K), 3 survivors (3072K)
 Metaspace       used 13087K, capacity 13455K, committed 13696K, reserved 1060864K
  class space    used 1422K, capacity 1577K, committed 1664K, reserved 1048576K
}
Event: 1.978 GC heap before
{Heap before GC invocations=1 (full 0):
 garbage-first heap   total 131072K, used 29021K [0x0000000780000000, 0x0000000800000000)
  region size 1024K, 29 young (29696K), 3 survivors (3072K)
 Metaspace       used 20671K, capacity 21201K, committed 21248K, reserved 1067008K
  class space    used 2547K, capacity 2789K, committed 2816K, reserved 1048576K
}
Event: 1.991 GC heap after
{Heap after GC invocations=2 (full 0):
 garbage-first heap   total 131072K, used 6588K [0x0000000780000000, 0x0000000800000000)
  region size 1024K, 7 young (7168K), 7 survivors (7168K)
 Metaspace       used 20671K, capacity 21201K, committed 21248K, reserved 1067008K
  class space    used 2547K, capacity 2789K, committed 2816K, reserved 1048576K
}
Event: 5.707 GC heap before
{Heap before GC invocations=3 (full 0):
 garbage-first heap   total 131072K, used 48572K [0x0000000780000000, 0x0000000800000000)
  region size 1024K, 47 young (48128K), 7 survivors (7168K)
 Metaspace       used 29378K, capacity 30503K, committed 30848K, reserved 1075200K
  class space    used 3649K, capacity 4141K, committed 4224K, reserved 1048576K
}
Event: 5.728 GC heap after
{Heap after GC invocations=4 (full 0):
 garbage-first heap   total 131072K, used 13223K [0x0000000780000000, 0x0000000800000000)
  region size 1024K, 5 young (5120K), 5 survivors (5120K)
 Metaspace       used 29378K, capacity 30503K, committed 30848K, reserved 1075200K
  class space    used 3649K, capacity 4141K, committed 4224K, reserved 1048576K
}

Deoptimization events (20 events):
Event: 8.985 Thread 0x00007ff78633b000 Uncommon trap: trap_request=0xffffffde fr.pc=0x0000000123ddc56c relative=0x00000000000000cc
Event: 8.985 Thread 0x00007ff78633b000 Uncommon trap: reason=class_check action=maybe_recompile pc=0x0000000123ddc56c method=sun.security.util.math.intpoly.IntegerPolynomial$MutableElement.setValue(Lsun/security/util/math/IntegerModuloP;)Lsun/security/util/math/intpoly/IntegerPolynomial$Mutabl
Event: 8.985 Thread 0x00007ff78633b000 DEOPT PACKING pc=0x0000000123ddc56c sp=0x0000000311cf6260
Event: 8.985 Thread 0x00007ff78633b000 DEOPT UNPACKING pc=0x000000011c1dbe9f sp=0x0000000311cf61c0 mode 2
Event: 8.985 Thread 0x00007ff78633b000 Uncommon trap: trap_request=0xffffffde fr.pc=0x0000000123ddc56c relative=0x00000000000000cc
Event: 8.985 Thread 0x00007ff78633b000 Uncommon trap: reason=class_check action=maybe_recompile pc=0x0000000123ddc56c method=sun.security.util.math.intpoly.IntegerPolynomial$MutableElement.setValue(Lsun/security/util/math/IntegerModuloP;)Lsun/security/util/math/intpoly/IntegerPolynomial$Mutabl
Event: 8.985 Thread 0x00007ff78633b000 DEOPT PACKING pc=0x0000000123ddc56c sp=0x0000000311cf6260
Event: 8.985 Thread 0x00007ff78633b000 DEOPT UNPACKING pc=0x000000011c1dbe9f sp=0x0000000311cf61c0 mode 2
Event: 8.985 Thread 0x00007ff78633b000 Uncommon trap: trap_request=0xffffffde fr.pc=0x0000000123ddc56c relative=0x00000000000000cc
Event: 8.985 Thread 0x00007ff78633b000 Uncommon trap: reason=class_check action=maybe_recompile pc=0x0000000123ddc56c method=sun.security.util.math.intpoly.IntegerPolynomial$MutableElement.setValue(Lsun/security/util/math/IntegerModuloP;)Lsun/security/util/math/intpoly/IntegerPolynomial$Mutabl
Event: 8.985 Thread 0x00007ff78633b000 DEOPT PACKING pc=0x0000000123ddc56c sp=0x0000000311cf6260
Event: 8.985 Thread 0x00007ff78633b000 DEOPT UNPACKING pc=0x000000011c1dbe9f sp=0x0000000311cf61c0 mode 2
Event: 8.986 Thread 0x00007ff78633b000 Uncommon trap: trap_request=0xffffffde fr.pc=0x0000000123ddc56c relative=0x00000000000000cc
Event: 8.986 Thread 0x00007ff78633b000 Uncommon trap: reason=class_check action=maybe_recompile pc=0x0000000123ddc56c method=sun.security.util.math.intpoly.IntegerPolynomial$MutableElement.setValue(Lsun/security/util/math/IntegerModuloP;)Lsun/security/util/math/intpoly/IntegerPolynomial$Mutabl
Event: 8.986 Thread 0x00007ff78633b000 DEOPT PACKING pc=0x0000000123ddc56c sp=0x0000000311cf6230
Event: 8.986 Thread 0x00007ff78633b000 DEOPT UNPACKING pc=0x000000011c1dbe9f sp=0x0000000311cf6190 mode 2
Event: 14.698 Thread 0x00007ff7d6d2c000 Uncommon trap: trap_request=0xffffff4d fr.pc=0x0000000123d1a358 relative=0x0000000000000578
Event: 14.698 Thread 0x00007ff7d6d2c000 Uncommon trap: reason=unstable_if action=reinterpret pc=0x0000000123d1a358 method=jdk.internal.module.Checks.isJavaIdentifier(Ljava/lang/String;)Z @ 4 c2
Event: 14.698 Thread 0x00007ff7d6d2c000 DEOPT PACKING pc=0x0000000123d1a358 sp=0x000000030e310270
Event: 14.698 Thread 0x00007ff7d6d2c000 DEOPT UNPACKING pc=0x000000011c1dbe9f sp=0x000000030e310230 mode 2

Classes redefined (0 events):
No events

Internal exceptions (20 events):
Event: 4.371 Thread 0x00007ff7d6d2c000 Exception <a 'java/lang/NoSuchMethodError'{0x0000000787073b60}: 'java.lang.Object java.lang.invoke.DirectMethodHandle$Holder.invokeStatic(java.lang.Object, java.lang.Object, java.lang.Object, java.lang.Object, java.lang.Object, java.lang.Object, java.lang.Object, java.lang.Object, java.lang.Object, java.lang.Object, java.lang.Object, java.lang.Object, java.lang.Object, int, int, java.lang.Object)'> (0x0000000787073b60) thrown at [./src/hotspot/share/interpreter/linkResolver.cpp, line 773]
Event: 4.374 Thread 0x00007ff7d6d2c000 Exception <a 'java/lang/NoSuchMethodError'{0x0000000787083de0}: 'java.lang.Object java.lang.invoke.DelegatingMethodHandle$Holder.reinvoke_L(java.lang.Object, long, java.lang.Object)'> (0x0000000787083de0) thrown at [./src/hotspot/share/interpreter/linkResolver.cpp, line 773]
Event: 4.380 Thread 0x00007ff7d6d2c000 Exception <a 'java/lang/NoSuchMethodError'{0x0000000786f03768}: 'java.lang.Object java.lang.invoke.DelegatingMethodHandle$Holder.reinvoke_L(java.lang.Object, java.lang.Object, int, int, long, int, java.lang.Object, java.lang.Object, java.lang.Object, int)'> (0x0000000786f03768) thrown at [./src/hotspot/share/interpreter/linkResolver.cpp, line 773]
Event: 4.382 Thread 0x00007ff7d6d2c000 Exception <a 'java/lang/NoSuchMethodError'{0x0000000786f626d8}: 'java.lang.Object java.lang.invoke.DirectMethodHandle$Holder.invokeSpecial(java.lang.Object, java.lang.Object, int, int, int, long, int, java.lang.Object, java.lang.Object, java.lang.Object, int)'> (0x0000000786f626d8) thrown at [./src/hotspot/share/interpreter/linkResolver.cpp, line 773]
Event: 4.382 Thread 0x00007ff7d6d2c000 Exception <a 'java/lang/NoSuchMethodError'{0x0000000786f66228}: 'java.lang.Object java.lang.invoke.DelegatingMethodHandle$Holder.reinvoke_L(java.lang.Object, int, int, int, long, int, java.lang.Object, java.lang.Object, java.lang.Object, int)'> (0x0000000786f66228) thrown at [./src/hotspot/share/interpreter/linkResolver.cpp, line 773]
Event: 5.025 Thread 0x00007ff7d6deb000 Implicit null exception at 0x0000000123cc9815 to 0x0000000123cc9a10
Event: 5.026 Thread 0x00007ff7d6deb000 Implicit null exception at 0x0000000123cb58f8 to 0x0000000123cb5986
Event: 5.026 Thread 0x00007ff7d6deb000 Implicit null exception at 0x0000000123cf76af to 0x0000000123cf7729
Event: 5.310 Thread 0x00007ff7d6deb000 Exception <a 'java/lang/NoSuchMethodError'{0x0000000785bcb140}: 'int java.lang.invoke.DirectMethodHandle$Holder.invokeSpecialIFC(java.lang.Object, java.lang.Object, int)'> (0x0000000785bcb140) thrown at [./src/hotspot/share/interpreter/linkResolver.cpp, line 773]
Event: 5.325 Thread 0x00007ff7d6deb000 Exception <a 'java/lang/NoSuchMethodError'{0x0000000785a0cc50}: 'int java.lang.invoke.DirectMethodHandle$Holder.invokeStaticInit(java.lang.Object, java.lang.Object, java.lang.Object, java.lang.Object)'> (0x0000000785a0cc50) thrown at [./src/hotspot/share/interpreter/linkResolver.cpp, line 773]
Event: 5.327 Thread 0x00007ff7d6deb000 Exception <a 'java/lang/IncompatibleClassChangeError'{0x0000000785a15b68}: Found class java.lang.Object, but interface was expected> (0x0000000785a15b68) thrown at [./src/hotspot/share/interpreter/linkResolver.cpp, line 839]
Event: 5.835 Thread 0x00007ff7d6deb000 Implicit null exception at 0x0000000123d880ac to 0x0000000123d881da
Event: 6.206 Thread 0x00007ff7d6d2c000 Exception <a 'java/lang/NoSuchMethodError'{0x00000007879e9f78}: 'java.lang.Object java.lang.invoke.DelegatingMethodHandle$Holder.reinvoke_L(java.lang.Object, java.lang.Object, int, int, long, int, int, java.lang.Object, java.lang.Object, int)'> (0x00000007879e9f78) thrown at [./src/hotspot/share/interpreter/linkResolver.cpp, line 773]
Event: 6.210 Thread 0x00007ff7d6d2c000 Exception <a 'java/lang/NoSuchMethodError'{0x000000078784a508}: 'java.lang.Object java.lang.invoke.DirectMethodHandle$Holder.invokeSpecial(java.lang.Object, java.lang.Object, int, int, int, long, int, int, java.lang.Object, java.lang.Object, int)'> (0x000000078784a508) thrown at [./src/hotspot/share/interpreter/linkResolver.cpp, line 773]
Event: 6.210 Thread 0x00007ff7d6d2c000 Exception <a 'java/lang/NoSuchMethodError'{0x000000078784dca8}: 'java.lang.Object java.lang.invoke.DelegatingMethodHandle$Holder.reinvoke_L(java.lang.Object, int, int, int, long, int, int, java.lang.Object, java.lang.Object, int)'> (0x000000078784dca8) thrown at [./src/hotspot/share/interpreter/linkResolver.cpp, line 773]
Event: 6.855 Thread 0x00007ff7d6ce5800 Exception <a 'sun/nio/fs/UnixException'{0x00000007851fd010}> (0x00000007851fd010) thrown at [./src/hotspot/share/prims/jni.cpp, line 615]
Event: 14.687 Thread 0x00007ff7d6d2c000 Exception <a 'java/lang/UnsatisfiedLinkError'{0x0000000784b2eb50}> (0x0000000784b2eb50) thrown at [./src/hotspot/share/prims/jvm.cpp, line 3466]
Event: 14.687 Thread 0x00007ff7d6d2c000 Exception <a 'java/lang/UnsatisfiedLinkError'{0x0000000784b2eb50}> (0x0000000784b2eb50) thrown at [./src/hotspot/share/prims/jni.cpp, line 615]
Event: 14.699 Thread 0x00007ff7d6d2c000 Exception <a 'java/lang/UnsatisfiedLinkError'{0x0000000784b36d08}> (0x0000000784b36d08) thrown at [./src/hotspot/share/prims/jvm.cpp, line 1310]
Event: 14.699 Thread 0x00007ff7d6d2c000 Exception <a 'java/lang/UnsatisfiedLinkError'{0x0000000784b36d08}> (0x0000000784b36d08) thrown at [./src/hotspot/share/oops/instanceKlass.cpp, line 1029]

Events (20 events):
Event: 10.261 Executing VM operation: RevokeBias done
Event: 10.261 Executing VM operation: RevokeBias
Event: 10.261 Executing VM operation: RevokeBias done
Event: 10.261 Executing VM operation: RevokeBias
Event: 10.261 Executing VM operation: RevokeBias done
Event: 10.262 Executing VM operation: BulkRevokeBias
Event: 10.262 Executing VM operation: BulkRevokeBias done
Event: 10.262 Executing VM operation: RevokeBias
Event: 10.263 Executing VM operation: RevokeBias done
Event: 10.263 Executing VM operation: RevokeBias
Event: 10.263 Executing VM operation: RevokeBias done
Event: 10.263 Executing VM operation: RevokeBias
Event: 10.263 Executing VM operation: RevokeBias done
Event: 14.687 Loading shared library /Users/chenweilin/Desktop/java/javafx-sdk-11.0.2/lib/libjfxmedia.dylib failed, dlopen(/Users/chenweilin/Desktop/java/javafx-sdk-11.0.2/lib/libjfxmedia.dylib, 1): no suitable image found.  Did find:
	/Users/chenweilin/Desktop/java/ja
Event: 14.693 loading class java/lang/ClassLoaderHelper
Event: 14.694 loading class java/lang/ClassLoaderHelper done
Event: 14.700 loading class java/lang/Throwable$WrappedPrintStream
Event: 14.700 loading class java/lang/Throwable$PrintStreamOrWriter
Event: 14.700 loading class java/lang/Throwable$PrintStreamOrWriter done
Event: 14.700 loading class java/lang/Throwable$WrappedPrintStream done


Dynamic libraries:
0x00007ffdffceb000 	/Library/Apple/usr/libexec/oah/runtime
0x00007fff35136000 	/System/Library/Frameworks/Cocoa.framework/Versions/A/Cocoa
0x00007fff22108000 	/System/Library/Frameworks/Security.framework/Versions/A/Security
0x00007fff33343000 	/System/Library/Frameworks/ApplicationServices.framework/Versions/A/ApplicationServices
0x00007fff2a5cf000 	/usr/lib/libz.1.dylib
0x000000010d246000 	/Library/Java/JavaVirtualMachines/temurin-11.jdk/Contents/Home/lib/jli/libjli.dylib
0x00007fff2a69b000 	/usr/lib/libSystem.B.dylib
0x00007fff22b36000 	/System/Library/Frameworks/AppKit.framework/Versions/C/AppKit
0x00007fff25a1d000 	/System/Library/Frameworks/CoreData.framework/Versions/A/CoreData
0x00007fff210a1000 	/System/Library/Frameworks/Foundation.framework/Versions/C/Foundation
0x00007fff2387f000 	/System/Library/PrivateFrameworks/UIFoundation.framework/Versions/A/UIFoundation
0x00007fff2fe19000 	/System/Library/PrivateFrameworks/RemoteViewServices.framework/Versions/A/RemoteViewServices
0x00007fff28bc9000 	/System/Library/PrivateFrameworks/XCTTargetBootstrap.framework/Versions/A/XCTTargetBootstrap
0x00007fff2b91b000 	/usr/lib/libspindump.dylib
0x00007fff23ace000 	/System/Library/Frameworks/UniformTypeIdentifiers.framework/Versions/A/UniformTypeIdentifiers
0x00007fff273c9000 	/usr/lib/libapp_launch_measurement.dylib
0x00007fff273cc000 	/System/Library/PrivateFrameworks/CoreAutoLayout.framework/Versions/A/CoreAutoLayout
0x00007fff2852c000 	/System/Library/Frameworks/Metal.framework/Versions/A/Metal
0x00007fff2922a000 	/usr/lib/liblangid.dylib
0x00007fff28bcd000 	/System/Library/PrivateFrameworks/CoreSVG.framework/Versions/A/CoreSVG
0x00007fff24b0d000 	/System/Library/PrivateFrameworks/SkyLight.framework/Versions/A/SkyLight
0x00007fff24e72000 	/System/Library/Frameworks/CoreGraphics.framework/Versions/A/CoreGraphics
0x00007fff30340000 	/System/Library/Frameworks/Accelerate.framework/Versions/A/Accelerate
0x00007fff2b359000 	/System/Library/PrivateFrameworks/IconServices.framework/Versions/A/IconServices
0x00007fff28510000 	/System/Library/Frameworks/IOSurface.framework/Versions/A/IOSurface
0x00007fff263b1000 	/usr/lib/libDiagnosticMessagesClient.dylib
0x00007fff28bb5000 	/System/Library/PrivateFrameworks/DFRFoundation.framework/Versions/A/DFRFoundation
0x00007fff2245d000 	/usr/lib/libicucore.A.dylib
0x00007fff2ce60000 	/System/Library/Frameworks/AudioToolbox.framework/Versions/A/AudioToolbox
0x00007fff2c0ea000 	/System/Library/PrivateFrameworks/DataDetectorsCore.framework/Versions/A/DataDetectorsCore
0x00007fff24a81000 	/usr/lib/libMobileGestalt.dylib
0x00007fff288b9000 	/System/Library/Frameworks/Carbon.framework/Versions/A/Frameworks/HIToolbox.framework/Versions/A/HIToolbox
0x00007fff26e0f000 	/System/Library/Frameworks/QuartzCore.framework/Versions/A/QuartzCore
0x00007fff2fe51000 	/System/Library/Frameworks/Carbon.framework/Versions/A/Frameworks/SpeechRecognition.framework/Versions/A/SpeechRecognition
0x00007fff2712e000 	/System/Library/PrivateFrameworks/CoreUI.framework/Versions/A/CoreUI
0x00007fff21a77000 	/System/Library/Frameworks/CoreAudio.framework/Versions/A/CoreAudio
0x00007fff2649c000 	/System/Library/Frameworks/DiskArbitration.framework/Versions/A/DiskArbitration
0x00007fff2bce8000 	/System/Library/PrivateFrameworks/MultitouchSupport.framework/Versions/A/MultitouchSupport
0x00007fff2c0e1000 	/System/Library/PrivateFrameworks/InternationalSupport.framework/Versions/A/InternationalSupport
0x00007fff24a80000 	/usr/lib/libenergytrace.dylib
0x00007fff22a2d000 	/System/Library/Frameworks/IOKit.framework/Versions/A/IOKit
0x00007fff30184000 	/System/Library/Frameworks/CoreServices.framework/Versions/A/CoreServices
0x00007fff2735b000 	/System/Library/PrivateFrameworks/PerformanceAnalysis.framework/Versions/A/PerformanceAnalysis
0x00007fff6bc46000 	/System/Library/Frameworks/OpenGL.framework/Versions/A/OpenGL
0x00007fff2c165000 	/System/Library/PrivateFrameworks/UserActivity.framework/Versions/A/UserActivity
0x00007fff201ea000 	/usr/lib/libobjc.A.dylib
0x00007fff25524000 	/System/Library/Frameworks/ColorSync.framework/Versions/A/ColorSync
0x00007fff203ca000 	/System/Library/Frameworks/CoreFoundation.framework/Versions/A/CoreFoundation
0x00007fff28e38000 	/System/Library/Frameworks/CoreImage.framework/Versions/A/CoreImage
0x00007fff21891000 	/System/Library/Frameworks/CoreText.framework/Versions/A/CoreText
0x00007fff28bf7000 	/System/Library/Frameworks/ImageIO.framework/Versions/A/ImageIO
0x00007fff2a6a1000 	/System/Library/PrivateFrameworks/SoftLinking.framework/Versions/A/SoftLinking
0x00007fff27414000 	/usr/lib/libxml2.2.dylib
0x00007fff202b0000 	/usr/lib/libc++.1.dylib
0x00007fff2a90e000 	/usr/lib/libcompression.dylib
0x00007fff2c013000 	/System/Library/PrivateFrameworks/TextureIO.framework/Versions/A/TextureIO
0x00007fff2affe000 	/usr/lib/libate.dylib
0x00007fff2a695000 	/usr/lib/system/libcache.dylib
0x00007fff2a651000 	/usr/lib/system/libcommonCrypto.dylib
0x00007fff2a67b000 	/usr/lib/system/libcompiler_rt.dylib
0x00007fff2a670000 	/usr/lib/system/libcopyfile.dylib
0x00007fff200da000 	/usr/lib/system/libcorecrypto.dylib
0x00007fff201a5000 	/usr/lib/system/libdispatch.dylib
0x00007fff20358000 	/usr/lib/system/libdyld.dylib
0x00007fff2a68c000 	/usr/lib/system/libkeymgr.dylib
0x00007fff2dbf7000 	/usr/lib/system/liblaunch.dylib
0x00007fff2a62f000 	/usr/lib/system/libmacho.dylib
0x00007fff29e23000 	/usr/lib/system/libquarantine.dylib
0x00007fff2a689000 	/usr/lib/system/libremovefile.dylib
0x00007fff24ade000 	/usr/lib/system/libsystem_asl.dylib
0x00007fff2008a000 	/usr/lib/system/libsystem_blocks.dylib
0x00007fff20227000 	/usr/lib/system/libsystem_c.dylib
0x00007fff2a683000 	/usr/lib/system/libsystem_collections.dylib
0x00007fff2921b000 	/usr/lib/system/libsystem_configuration.dylib
0x00007fff284ff000 	/usr/lib/system/libsystem_containermanager.dylib
0x00007fff2a3ce000 	/usr/lib/system/libsystem_coreservices.dylib
0x00007fff226bd000 	/usr/lib/system/libsystem_darwin.dylib
0x00007fff2a68d000 	/usr/lib/system/libsystem_dnssd.dylib
0x00007fff20224000 	/usr/lib/system/libsystem_featureflags.dylib
0x00007fff2039e000 	/usr/lib/system/libsystem_info.dylib
0x00007fff2a5e2000 	/usr/lib/system/libsystem_m.dylib
0x00007fff20178000 	/usr/lib/system/libsystem_malloc.dylib
0x00007fff24a71000 	/usr/lib/system/libsystem_networkextension.dylib
0x00007fff22adc000 	/usr/lib/system/libsystem_notify.dylib
0x00007fff30086000 	/usr/lib/system/libsystem_product_info_filter.dylib
0x00007fff2921f000 	/usr/lib/system/libsystem_sandbox.dylib
0x00007fff2a686000 	/usr/lib/system/libsystem_secinit.dylib
0x00007fff2031c000 	/usr/lib/system/libsystem_kernel.dylib
0x00007fff20394000 	/usr/lib/system/libsystem_platform.dylib
0x00007fff2034c000 	/usr/lib/system/libsystem_pthread.dylib
0x00007fff261ed000 	/usr/lib/system/libsystem_symptoms.dylib
0x00007fff200c2000 	/usr/lib/system/libsystem_trace.dylib
0x00007fff2a65d000 	/usr/lib/system/libunwind.dylib
0x00007fff2008c000 	/usr/lib/system/libxpc.dylib
0x00007fff20306000 	/usr/lib/libc++abi.dylib
0x00007fff2a668000 	/usr/lib/liboah.dylib
0x00007fff2ad2a000 	/usr/lib/liblzma.5.dylib
0x00007fff20db5000 	/System/Library/Frameworks/SystemConfiguration.framework/Versions/A/SystemConfiguration
0x00007fff2a69d000 	/usr/lib/libfakelink.dylib
0x00007fff245d2000 	/System/Library/Frameworks/CFNetwork.framework/Versions/A/CFNetwork
0x00007fff2a7dd000 	/usr/lib/libarchive.2.dylib
0x00007fff20e33000 	/usr/lib/libCRFSuite.dylib
0x00007fff29e4a000 	/usr/lib/libbsm.0.dylib
0x00007fff23f4b000 	/usr/lib/libnetwork.dylib
0x00007fff2a6a2000 	/usr/lib/libpcap.A.dylib
0x00007fff261e6000 	/usr/lib/libdns_services.dylib
0x00007fff2ad43000 	/usr/lib/libcoretls_cfhelpers.dylib
0x00007fff2a8dc000 	/usr/lib/libapple_nghttp2.dylib
0x00007fff2a635000 	/usr/lib/system/libkxld.dylib
0x00007fff25e64000 	/usr/lib/libsqlite3.dylib
0x00007fff2a3b1000 	/System/Library/PrivateFrameworks/AppleFSCompression.framework/Versions/A/AppleFSCompression
0x00007fff29e32000 	/usr/lib/libcoretls.dylib
0x00007fff2a909000 	/usr/lib/libpam.2.dylib
0x00007fff2ae41000 	/usr/lib/libxar.1.dylib
0x00007fff29226000 	/System/Library/PrivateFrameworks/AppleSystemInfo.framework/Versions/A/AppleSystemInfo
0x00007fff29a74000 	/System/Library/PrivateFrameworks/IOMobileFramebuffer.framework/Versions/A/IOMobileFramebuffer
0x00007fff2a3c1000 	/usr/lib/libbz2.1.0.dylib
0x00007fff2a6da000 	/usr/lib/libiconv.2.dylib
0x00007fff2a62e000 	/usr/lib/libcharset.1.dylib
0x00007fff27397000 	/System/Library/Frameworks/CoreServices.framework/Versions/A/Frameworks/FSEvents.framework/Versions/A/FSEvents
0x00007fff226c7000 	/System/Library/Frameworks/CoreServices.framework/Versions/A/Frameworks/CarbonCore.framework/Versions/A/CarbonCore
0x00007fff26401000 	/System/Library/Frameworks/CoreServices.framework/Versions/A/Frameworks/Metadata.framework/Versions/A/Metadata
0x00007fff2a3d3000 	/System/Library/Frameworks/CoreServices.framework/Versions/A/Frameworks/OSServices.framework/Versions/A/OSServices
0x00007fff2a84f000 	/System/Library/Frameworks/CoreServices.framework/Versions/A/Frameworks/SearchKit.framework/Versions/A/SearchKit
0x00007fff26171000 	/System/Library/Frameworks/CoreServices.framework/Versions/A/Frameworks/AE.framework/Versions/A/AE
0x00007fff20868000 	/System/Library/Frameworks/CoreServices.framework/Versions/A/Frameworks/LaunchServices.framework/Versions/A/LaunchServices
0x00007fff2acda000 	/System/Library/Frameworks/CoreServices.framework/Versions/A/Frameworks/DictionaryServices.framework/Versions/A/DictionaryServices
0x00007fff273a4000 	/System/Library/Frameworks/CoreServices.framework/Versions/A/Frameworks/SharedFileList.framework/Versions/A/SharedFileList
0x00007fff29e26000 	/usr/lib/libCheckFix.dylib
0x00007fff24af5000 	/System/Library/PrivateFrameworks/TCC.framework/Versions/A/TCC
0x00007fff2922c000 	/System/Library/PrivateFrameworks/CoreNLP.framework/Versions/A/CoreNLP
0x00007fff263b4000 	/System/Library/PrivateFrameworks/MetadataUtilities.framework/Versions/A/MetadataUtilities
0x00007fff20e68000 	/usr/lib/libmecabra.dylib
0x00007fff2a130000 	/System/Library/Frameworks/MLCompute.framework/Versions/A/MLCompute
0x00007fff29e5b000 	/usr/lib/libmecab.dylib
0x00007fff29ea5000 	/usr/lib/libgermantok.dylib
0x00007fff2a8b7000 	/usr/lib/libThaiTokenizer.dylib
0x00007fff2ae7c000 	/usr/lib/libChineseTokenizer.dylib
0x00007fff2a907000 	/System/Library/Frameworks/MetalPerformanceShaders.framework/Versions/A/MetalPerformanceShaders
0x00007fff264a3000 	/System/Library/Frameworks/Accelerate.framework/Versions/A/Frameworks/vImage.framework/Versions/A/vImage
0x00007fff3015e000 	/System/Library/Frameworks/Accelerate.framework/Versions/A/Frameworks/vecLib.framework/Versions/A/vecLib
0x00007fff2ae87000 	/System/Library/Frameworks/Accelerate.framework/Versions/A/Frameworks/vecLib.framework/Versions/A/libvMisc.dylib
0x00007fff298d4000 	/System/Library/Frameworks/Accelerate.framework/Versions/A/Frameworks/vecLib.framework/Versions/A/libvDSP.dylib
0x00007fff20b71000 	/System/Library/Frameworks/Accelerate.framework/Versions/A/Frameworks/vecLib.framework/Versions/A/libBLAS.dylib
0x00007fff2a935000 	/System/Library/Frameworks/Accelerate.framework/Versions/A/Frameworks/vecLib.framework/Versions/A/libLAPACK.dylib
0x00007fff29eab000 	/System/Library/Frameworks/Accelerate.framework/Versions/A/Frameworks/vecLib.framework/Versions/A/libLinearAlgebra.dylib
0x00007fff2a8f4000 	/System/Library/Frameworks/Accelerate.framework/Versions/A/Frameworks/vecLib.framework/Versions/A/libSparseBLAS.dylib
0x00007fff2a92f000 	/System/Library/Frameworks/Accelerate.framework/Versions/A/Frameworks/vecLib.framework/Versions/A/libQuadrature.dylib
0x00007fff292d8000 	/System/Library/Frameworks/Accelerate.framework/Versions/A/Frameworks/vecLib.framework/Versions/A/libBNNS.dylib
0x00007fff20d46000 	/System/Library/Frameworks/Accelerate.framework/Versions/A/Frameworks/vecLib.framework/Versions/A/libSparse.dylib
0x00007fff291b4000 	/System/Library/Frameworks/MetalPerformanceShaders.framework/Versions/A/Frameworks/MPSCore.framework/Versions/A/MPSCore
0x00007fff2a320000 	/System/Library/Frameworks/MetalPerformanceShaders.framework/Versions/A/Frameworks/MPSImage.framework/Versions/A/MPSImage
0x00007fff29ec1000 	/System/Library/Frameworks/MetalPerformanceShaders.framework/Versions/A/Frameworks/MPSNeuralNetwork.framework/Versions/A/MPSNeuralNetwork
0x00007fff2a292000 	/System/Library/Frameworks/MetalPerformanceShaders.framework/Versions/A/Frameworks/MPSMatrix.framework/Versions/A/MPSMatrix
0x00007fff2a0e0000 	/System/Library/Frameworks/MetalPerformanceShaders.framework/Versions/A/Frameworks/MPSRayIntersector.framework/Versions/A/MPSRayIntersector
0x00007fff2a2c9000 	/System/Library/Frameworks/MetalPerformanceShaders.framework/Versions/A/Frameworks/MPSNDArray.framework/Versions/A/MPSNDArray
0x00007fff20a9d000 	/System/Library/PrivateFrameworks/MetalTools.framework/Versions/A/MetalTools
0x00007fff29224000 	/System/Library/PrivateFrameworks/AggregateDictionary.framework/Versions/A/AggregateDictionary
0x00007fff26381000 	/System/Library/PrivateFrameworks/CoreAnalytics.framework/Versions/A/CoreAnalytics
0x00007fff2a8b9000 	/System/Library/PrivateFrameworks/AppleSauce.framework/Versions/A/AppleSauce
0x00007fff28522000 	/System/Library/PrivateFrameworks/IOAccelerator.framework/Versions/A/IOAccelerator
0x00007fff6bc3a000 	/System/Library/Frameworks/OpenGL.framework/Versions/A/Libraries/libCoreFSCache.dylib
0x00007fff21400000 	/System/Library/PrivateFrameworks/LanguageModeling.framework/Versions/A/LanguageModeling
0x00007fff29a62000 	/System/Library/PrivateFrameworks/CoreEmoji.framework/Versions/A/CoreEmoji
0x00007fff292d1000 	/System/Library/PrivateFrameworks/LinguisticData.framework/Versions/A/LinguisticData
0x00007fff20cf8000 	/System/Library/PrivateFrameworks/Lexicon.framework/Versions/A/Lexicon
0x00007fff2a7cb000 	/usr/lib/libcmph.dylib
0x00007fff27377000 	/System/Library/Frameworks/OpenDirectory.framework/Versions/A/Frameworks/CFOpenDirectory.framework/Versions/A/CFOpenDirectory
0x00007fff27367000 	/System/Library/Frameworks/OpenDirectory.framework/Versions/A/OpenDirectory
0x00007fff2ad45000 	/System/Library/PrivateFrameworks/APFS.framework/Versions/A/APFS
0x00007fff29d88000 	/System/Library/Frameworks/SecurityFoundation.framework/Versions/A/SecurityFoundation
0x00007fff2ae4f000 	/usr/lib/libutil.dylib
0x00007fff229f2000 	/System/Library/PrivateFrameworks/CoreServicesStore.framework/Versions/A/CoreServicesStore
0x00007fff29e1e000 	/System/Library/Frameworks/ServiceManagement.framework/Versions/A/ServiceManagement
0x00007fff2ae53000 	/usr/lib/libxslt.1.dylib
0x00007fff29e14000 	/System/Library/PrivateFrameworks/BackgroundTaskManagement.framework/Versions/A/BackgroundTaskManagement
0x00007fff2bf5e000 	/System/Library/Frameworks/ImageIO.framework/Versions/A/Resources/libRadiance.dylib
0x00007fff2bf67000 	/System/Library/Frameworks/ImageIO.framework/Versions/A/Resources/libJPEG.dylib
0x00007fff2beb2000 	/System/Library/Frameworks/ImageIO.framework/Versions/A/Resources/libPng.dylib
0x00007fff2bed9000 	/System/Library/Frameworks/ImageIO.framework/Versions/A/Resources/libTIFF.dylib
0x00007fff2bfbc000 	/System/Library/Frameworks/ImageIO.framework/Versions/A/Resources/libGIF.dylib
0x00007fff2bc05000 	/System/Library/Frameworks/ImageIO.framework/Versions/A/Resources/libJP2.dylib
0x00007fff2b321000 	/usr/lib/libexpat.1.dylib
0x00007fff2bbbb000 	/System/Library/PrivateFrameworks/AppleJPEG.framework/Versions/A/AppleJPEG
0x00007fff28758000 	/System/Library/PrivateFrameworks/FontServices.framework/libFontParser.dylib
0x00007fff26128000 	/System/Library/PrivateFrameworks/RunningBoardServices.framework/Versions/A/RunningBoardServices
0x00007fff2bce4000 	/System/Library/PrivateFrameworks/WatchdogClient.framework/Versions/A/WatchdogClient
0x00007fff214e9000 	/System/Library/Frameworks/CoreDisplay.framework/Versions/A/CoreDisplay
0x00007fff2866d000 	/System/Library/Frameworks/CoreMedia.framework/Versions/A/CoreMedia
0x00007fff274f7000 	/System/Library/Frameworks/CoreVideo.framework/Versions/A/CoreVideo
0x00007fff2bd1f000 	/System/Library/Frameworks/VideoToolbox.framework/Versions/A/VideoToolbox
0x00007fff260a8000 	/System/Library/PrivateFrameworks/BaseBoard.framework/Versions/A/BaseBoard
0x00007fff2b465000 	/System/Library/PrivateFrameworks/PersistentConnection.framework/Versions/A/PersistentConnection
0x00007fff25e4e000 	/System/Library/PrivateFrameworks/ProtocolBuffer.framework/Versions/A/ProtocolBuffer
0x00007fff26090000 	/System/Library/PrivateFrameworks/CommonUtilities.framework/Versions/A/CommonUtilities
0x00007fff2bb7e000 	/System/Library/PrivateFrameworks/Bom.framework/Versions/A/Bom
0x00007fff2bf56000 	/System/Library/PrivateFrameworks/GPUWrangler.framework/Versions/A/GPUWrangler
0x00007fff2bf39000 	/System/Library/PrivateFrameworks/IOPresentment.framework/Versions/A/IOPresentment
0x00007fff2bf61000 	/System/Library/PrivateFrameworks/DSExternalDisplay.framework/Versions/A/DSExternalDisplay
0x00007fff2bfc1000 	/System/Library/PrivateFrameworks/CMCaptureCore.framework/Versions/A/CMCaptureCore
0x00007fff2b901000 	/System/Library/PrivateFrameworks/AppServerSupport.framework/Versions/A/AppServerSupport
0x00007fff2d99a000 	/System/Library/PrivateFrameworks/perfdata.framework/Versions/A/perfdata
0x00007fff29d77000 	/System/Library/PrivateFrameworks/AssertionServices.framework/Versions/A/AssertionServices
0x00007fff21620000 	/System/Library/PrivateFrameworks/AudioToolboxCore.framework/Versions/A/AudioToolboxCore
0x00007fff28650000 	/System/Library/PrivateFrameworks/caulk.framework/Versions/A/caulk
0x00007fff3cdd2000 	/System/Library/PrivateFrameworks/SystemPolicy.framework/Versions/A/SystemPolicy
0x00007fff2b130000 	/usr/lib/libIOReport.dylib
0x00007fff2d1d6000 	/usr/lib/libSMC.dylib
0x00007fff2be7e000 	/usr/lib/libAudioToolboxUtility.dylib
0x00007fff3d72c000 	/usr/lib/libmis.dylib
0x00007fff6bc96000 	/System/Library/Frameworks/OpenGL.framework/Versions/A/Libraries/libGLU.dylib
0x00007fff6bc59000 	/System/Library/Frameworks/OpenGL.framework/Versions/A/Libraries/libGFXShared.dylib
0x00007fff6be67000 	/System/Library/Frameworks/OpenGL.framework/Versions/A/Libraries/libGL.dylib
0x00007fff6bc62000 	/System/Library/Frameworks/OpenGL.framework/Versions/A/Libraries/libGLImage.dylib
0x00007fff6bc56000 	/System/Library/Frameworks/OpenGL.framework/Versions/A/Libraries/libCVMSPluginSupport.dylib
0x00007fff6bc41000 	/System/Library/Frameworks/OpenGL.framework/Versions/A/Libraries/libCoreVMClient.dylib
0x00007fff6d2b1000 	/System/Library/Frameworks/OpenCL.framework/Versions/A/OpenCL
0x00007fff2b48e000 	/System/Library/PrivateFrameworks/GraphVisualizer.framework/Versions/A/GraphVisualizer
0x00007fff2b49d000 	/System/Library/PrivateFrameworks/FaceCore.framework/Versions/A/FaceCore
0x00007fff2b8b9000 	/System/Library/PrivateFrameworks/OTSVG.framework/Versions/A/OTSVG
0x00007fff270ec000 	/System/Library/Frameworks/ApplicationServices.framework/Versions/A/Frameworks/ATS.framework/Versions/A/Resources/libFontRegistry.dylib
0x00007fff2b908000 	/System/Library/PrivateFrameworks/FontServices.framework/libhvf.dylib
0x00007fff2b2cd000 	/System/Library/PrivateFrameworks/AppleVA.framework/Versions/A/AppleVA
0x00007fff2d01e000 	/System/Library/Frameworks/ApplicationServices.framework/Versions/A/Frameworks/ATS.framework/Versions/A/ATS
0x00007fff2d331000 	/System/Library/Frameworks/ApplicationServices.framework/Versions/A/Frameworks/ColorSyncLegacy.framework/Versions/A/ColorSyncLegacy
0x00007fff2561b000 	/System/Library/Frameworks/ApplicationServices.framework/Versions/A/Frameworks/HIServices.framework/Versions/A/HIServices
0x00007fff2d316000 	/System/Library/Frameworks/ApplicationServices.framework/Versions/A/Frameworks/LangAnalysis.framework/Versions/A/LangAnalysis
0x00007fff2bfcb000 	/System/Library/Frameworks/ApplicationServices.framework/Versions/A/Frameworks/PrintCore.framework/Versions/A/PrintCore
0x00007fff2d339000 	/System/Library/Frameworks/ApplicationServices.framework/Versions/A/Frameworks/QD.framework/Versions/A/QD
0x00007fff2d00e000 	/System/Library/Frameworks/ApplicationServices.framework/Versions/A/Frameworks/SpeechSynthesis.framework/Versions/A/SpeechSynthesis
0x00007fff2bf8c000 	/System/Library/Frameworks/ApplicationServices.framework/Versions/A/Frameworks/ATSUI.framework/Versions/A/ATSUI
0x00007fff2d2b6000 	/usr/lib/libcups.2.dylib
0x00007fff2d326000 	/System/Library/PrivateFrameworks/NetAuth.framework/Versions/A/NetAuth
0x00007fff2d9b5000 	/System/Library/Frameworks/Kerberos.framework/Versions/A/Kerberos
0x00007fff2d9c5000 	/System/Library/Frameworks/GSS.framework/Versions/A/GSS
0x00007fff2d08b000 	/usr/lib/libresolv.9.dylib
0x00007fff2b91e000 	/System/Library/PrivateFrameworks/Heimdal.framework/Versions/A/Heimdal
0x00007fff33658000 	/System/Library/Frameworks/Kerberos.framework/Versions/A/Libraries/libHeimdalProxy.dylib
0x00007fff261f5000 	/System/Library/Frameworks/Network.framework/Versions/A/Network
0x00007fff2b33a000 	/usr/lib/libheimdal-asn1.dylib
0x00007fff2da16000 	/System/Library/PrivateFrameworks/CommonAuth.framework/Versions/A/CommonAuth
0x00007fff27545000 	/System/Library/PrivateFrameworks/login.framework/Versions/A/Frameworks/loginsupport.framework/Versions/A/loginsupport
0x00007fff2cf95000 	/System/Library/PrivateFrameworks/AudioSession.framework/Versions/A/AudioSession
0x00007fff2cffb000 	/usr/lib/libAudioStatistics.dylib
0x00007fff2b3c6000 	/System/Library/PrivateFrameworks/MediaExperience.framework/Versions/A/MediaExperience
0x00007fff2ce2e000 	/System/Library/PrivateFrameworks/AudioSession.framework/libSessionUtility.dylib
0x00007fff2d9a6000 	/usr/lib/libperfcheck.dylib
0x00007fff2d345000 	/System/Library/PrivateFrameworks/AudioResourceArbitration.framework/Versions/A/AudioResourceArbitration
0x00007fff2b344000 	/System/Library/PrivateFrameworks/IconFoundation.framework/Versions/A/IconFoundation
0x00007fff2fe41000 	/System/Library/PrivateFrameworks/SpeechRecognitionCore.framework/Versions/A/SpeechRecognitionCore
0x00007fff5d049000 	/System/Library/CoreServices/Encodings/libTraditionalChineseConverter.dylib
0x0000000111800000 	/Library/Java/JavaVirtualMachines/temurin-11.jdk/Contents/Home/lib/server/libjvm.dylib
0x000000010d2b7000 	/Library/Java/JavaVirtualMachines/temurin-11.jdk/Contents/Home/lib/libverify.dylib
0x000000010d331000 	/Library/Java/JavaVirtualMachines/temurin-11.jdk/Contents/Home/lib/libjava.dylib
0x000000010d398000 	/Library/Java/JavaVirtualMachines/temurin-11.jdk/Contents/Home/lib/libjimage.dylib
0x000000010d3b1000 	/Library/Java/JavaVirtualMachines/temurin-11.jdk/Contents/Home/lib/libinstrument.dylib
0x000000010d415000 	/Library/Java/JavaVirtualMachines/temurin-11.jdk/Contents/Home/lib/libzip.dylib
0x00000001343e2000 	/Library/Java/JavaVirtualMachines/temurin-11.jdk/Contents/Home/lib/libnio.dylib
0x000000013440e000 	/Library/Java/JavaVirtualMachines/temurin-11.jdk/Contents/Home/lib/libnet.dylib
0x0000000134832000 	/Users/chenweilin/Desktop/java/javafx-sdk-11.0.2/lib/libprism_es2.dylib
0x00007fff229b3000 	/System/Library/PrivateFrameworks/CoreServicesInternal.framework/Versions/A/CoreServicesInternal
0x00007fff6be72000 	/System/Library/Frameworks/OpenGL.framework/Versions/A/Resources/GLEngine.bundle/GLEngine
0x00007fff6bcd3000 	/System/Library/Frameworks/OpenGL.framework/Versions/A/Libraries/libGLProgrammability.dylib
0x0000000134914000 	/System/Library/Extensions/AppleMetalOpenGLRenderer.bundle/Contents/MacOS/AppleMetalOpenGLRenderer
0x00007fff6bff0000 	/System/Library/Frameworks/OpenGL.framework/Versions/A/Resources/GLRendererFloat.bundle/GLRendererFloat
0x0000000134a91000 	/System/Library/Extensions/AGXMetal13_3.bundle/Contents/MacOS/AGXMetal13_3
0x00007fff3875c000 	/System/Library/PrivateFrameworks/IOGPU.framework/Versions/A/IOGPU
0x00007fff697ef000 	/System/Library/PrivateFrameworks/GPUCompiler.framework/Versions/31001/Libraries/libmetal_timestamp.dylib
0x0000000135ea0000 	/Users/chenweilin/Desktop/java/javafx-sdk-11.0.2/lib/libglass.dylib
0x00007fff311c8000 	/System/Library/Frameworks/FileProvider.framework/Versions/A/FileProvider
0x00007fff26013000 	/System/Library/Frameworks/Accounts.framework/Versions/A/Accounts
0x00007fff31318000 	/System/Library/PrivateFrameworks/GenerationalStorage.framework/Versions/A/GenerationalStorage
0x00007fff31cb2000 	/System/Library/PrivateFrameworks/CoreSymbolication.framework/Versions/A/CoreSymbolication
0x00007fff30be8000 	/System/Library/PrivateFrameworks/SymptomDiagnosticReporter.framework/Versions/A/SymptomDiagnosticReporter
0x00007fff23ae1000 	/System/Library/PrivateFrameworks/DesktopServicesPriv.framework/Versions/A/DesktopServicesPriv
0x00007fff22ae8000 	/usr/lib/libsandbox.1.dylib
0x00007fff27570000 	/System/Library/PrivateFrameworks/UserManagement.framework/Versions/A/UserManagement
0x00007fff29d54000 	/System/Library/PrivateFrameworks/MobileKeyBag.framework/Versions/A/MobileKeyBag
0x00007fff346da000 	/System/Library/PrivateFrameworks/ChunkingLibrary.framework/Versions/A/ChunkingLibrary
0x00007fff31c76000 	/System/Library/PrivateFrameworks/DebugSymbols.framework/Versions/A/DebugSymbols
0x00007fff2e3d9000 	/System/Library/PrivateFrameworks/Sharing.framework/Versions/A/Sharing
0x00007fff32c5a000 	/System/Library/PrivateFrameworks/Apple80211.framework/Versions/A/Apple80211
0x00007fff2a401000 	/System/Library/PrivateFrameworks/AuthKit.framework/Versions/A/AuthKit
0x00007fff29b52000 	/System/Library/PrivateFrameworks/CoreUtils.framework/Versions/A/CoreUtils
0x00007fff29a7f000 	/System/Library/Frameworks/CoreWLAN.framework/Versions/A/CoreWLAN
0x00007fff2e525000 	/System/Library/Frameworks/IOBluetooth.framework/Versions/A/IOBluetooth
0x00007fff32cbe000 	/System/Library/PrivateFrameworks/CoreWiFi.framework/Versions/A/CoreWiFi
0x00007fff2da9c000 	/System/Library/PrivateFrameworks/CorePhoneNumbers.framework/Versions/A/CorePhoneNumbers
0x00007fff30cef000 	/System/Library/PrivateFrameworks/DiskManagement.framework/Versions/A/DiskManagement
0x00007fff30c05000 	/System/Library/PrivateFrameworks/AppleIDAuthSupport.framework/Versions/A/AppleIDAuthSupport
0x00007fff2da7c000 	/System/Library/PrivateFrameworks/KeychainCircle.framework/Versions/A/KeychainCircle
0x00007fff30cbb000 	/System/Library/PrivateFrameworks/MediaKit.framework/Versions/A/MediaKit
0x00007fff30c12000 	/System/Library/Frameworks/DiscRecording.framework/Versions/A/DiscRecording
0x00007fff2b241000 	/usr/lib/libCoreStorage.dylib
0x00007fff330f9000 	/usr/lib/libcsfde.dylib
0x00007fff2e660000 	/System/Library/PrivateFrameworks/ProtectedCloudStorage.framework/Versions/A/ProtectedCloudStorage
0x00007fff330f1000 	/System/Library/PrivateFrameworks/EFILogin.framework/Versions/A/EFILogin
0x00007fff3370b000 	/System/Library/Frameworks/AudioUnit.framework/Versions/A/AudioUnit
0x00007fff30b82000 	/System/Library/Frameworks/CoreBluetooth.framework/Versions/A/CoreBluetooth
0x00007fff2b239000 	/usr/lib/libMatch.1.dylib
0x0000000137566000 	/usr/lib/libobjc-trampolines.dylib
0x00007fff413ee000 	/System/Library/Frameworks/Accelerate.framework/Versions/A/Frameworks/vImage.framework/Versions/A/Libraries/libCGInterfaces.dylib
0x00007fff2726f000 	/System/Library/PrivateFrameworks/ViewBridge.framework/Versions/A/ViewBridge
0x00007fff77aaf000 	/usr/lib/libRosetta.dylib
0x000000013aa38000 	/Users/chenweilin/Desktop/java/javafx-sdk-11.0.2/lib/libjavafx_font.dylib
0x000000013ad5a000 	/Users/chenweilin/Desktop/java/javafx-sdk-11.0.2/lib/libjfxwebkit.dylib
0x00007fff2b9df000 	/System/Library/PrivateFrameworks/login.framework/Versions/A/login
0x0000000147282000 	/Library/Java/JavaVirtualMachines/temurin-11.jdk/Contents/Home/lib/libsunec.dylib
0x0000000149e46000 	/Users/chenweilin/Desktop/java/javafx-sdk-11.0.2/lib/libglib-lite.dylib
0x00007fff2dbf8000 	/usr/lib/libffi.dylib
0x000000014a100000 	/Users/chenweilin/Desktop/java/javafx-sdk-11.0.2/lib/libgstreamer-lite.dylib


VM Arguments:
jvm_args: -javaagent:/Applications/IntelliJ IDEA CE Apple Silicon M1.app/Contents/lib/idea_rt.jar=64133:/Applications/IntelliJ IDEA CE Apple Silicon M1.app/Contents/bin -Dfile.encoding=UTF-8 --module-path=/Users/chenweilin/Desktop/java/javafx-sdk-11.0.2/lib/javafx.fxml.jar:/Users/chenweilin/Desktop/java/javafx-sdk-11.0.2/lib/javafx.media.jar:/Users/chenweilin/Desktop/java/javafx-sdk-11.0.2/lib/javafx.base.jar:/Users/chenweilin/Desktop/java/javafx-sdk-11.0.2/lib/javafx.web.jar:/Users/chenweilin/Desktop/java/javafx-sdk-11.0.2/lib/javafx.graphics.jar:/Users/chenweilin/Desktop/java/javafx-sdk-11.0.2/lib/javafx.controls.jar:/Users/chenweilin/Desktop/java/13/CSS/target/classes -Djdk.module.main=com.example.css 
java_command: com.example.css/com.example.css.Main
java_class_path (initial): /Users/chenweilin/Desktop/java/javafx-sdk-11.0.2/lib/javafx-swt.jar:/Users/chenweilin/Desktop/java/javafx-sdk-11.0.2/lib/javafx.swing.jar
Launcher Type: SUN_STANDARD

[Global flags]
     intx CICompilerCount                          = 4                                         {product} {ergonomic}
     uint ConcGCThreads                            = 2                                         {product} {ergonomic}
     uint G1ConcRefinementThreads                  = 8                                         {product} {ergonomic}
   size_t G1HeapRegionSize                         = 1048576                                   {product} {ergonomic}
    uintx GCDrainStackTargetSize                   = 64                                        {product} {ergonomic}
   size_t InitialHeapSize                          = 134217728                                 {product} {ergonomic}
   size_t MarkStackSize                            = 4194304                                   {product} {ergonomic}
   size_t MaxHeapSize                              = 2147483648                                {product} {ergonomic}
   size_t MaxNewSize                               = 1287651328                                {product} {ergonomic}
   size_t MinHeapDeltaBytes                        = 1048576                                   {product} {ergonomic}
    uintx NonNMethodCodeHeapSize                   = 5836300                                {pd product} {ergonomic}
    uintx NonProfiledCodeHeapSize                  = 122910970                              {pd product} {ergonomic}
    uintx ProfiledCodeHeapSize                     = 122910970                              {pd product} {ergonomic}
    uintx ReservedCodeCacheSize                    = 251658240                              {pd product} {ergonomic}
     bool SegmentedCodeCache                       = true                                      {product} {ergonomic}
     bool UseCompressedClassPointers               = true                                 {lp64_product} {ergonomic}
     bool UseCompressedOops                        = true                                 {lp64_product} {ergonomic}
     bool UseG1GC                                  = true                                      {product} {ergonomic}

Logging:
Log output configuration:
 #0: stdout all=warning uptime,level,tags
 #1: stderr all=off uptime,level,tags

Environment Variables:
PATH=/Library/Frameworks/Python.framework/Versions/3.9/bin:/usr/local/bin:/usr/bin:/bin:/usr/sbin:/sbin:/Library/Apple/usr/bin
SHELL=/bin/zsh
LC_CTYPE=zh_TW.UTF-8

Signal Handlers:
SIGSEGV: [libjvm.dylib+0x7c73e4], sa_mask[0]=11111111111111111111111111111111, sa_flags=SA_ONSTACK|SA_RESTART|SA_SIGINFO
SIGBUS: [libjvm.dylib+0x7c73e4], sa_mask[0]=11111111111111111111111111111111, sa_flags=SA_RESTART|SA_SIGINFO
SIGFPE: [libjvm.dylib+0x7c73e4], sa_mask[0]=11111111111111111111111111111111, sa_flags=SA_RESTART|SA_SIGINFO
SIGPIPE: [libjvm.dylib+0x62c4e1], sa_mask[0]=11111111111111111111111111111111, sa_flags=SA_RESTART|SA_SIGINFO
SIGXFSZ: [libjvm.dylib+0x62c4e1], sa_mask[0]=11111111111111111111111111111111, sa_flags=SA_RESTART|SA_SIGINFO
SIGILL: [libjvm.dylib+0x7c73e4], sa_mask[0]=11111111111111111111111111111111, sa_flags=SA_RESTART|SA_SIGINFO
SIGUSR2: [libjvm.dylib+0x62cac9], sa_mask[0]=00100000000000000000000000000000, sa_flags=SA_RESTART|SA_SIGINFO
SIGHUP: [libjvm.dylib+0x62b667], sa_mask[0]=11111111111111111111111111111111, sa_flags=SA_RESTART|SA_SIGINFO
SIGINT: [libjvm.dylib+0x62b667], sa_mask[0]=11111111111111111111111111111111, sa_flags=SA_RESTART|SA_SIGINFO
SIGTERM: [libjvm.dylib+0x62b667], sa_mask[0]=11111111111111111111111111111111, sa_flags=SA_RESTART|SA_SIGINFO
SIGQUIT: [libjvm.dylib+0x62b667], sa_mask[0]=11111111111111111111111111111111, sa_flags=SA_RESTART|SA_SIGINFO


---------------  S Y S T E M  ---------------

OS:uname:Darwin 20.5.0 Darwin Kernel Version 20.5.0: Sat May  8 05:10:31 PDT 2021; root:xnu-7195.121.3~9/RELEASE_ARM64_T8101 x86_64
OS uptime: 23 days 22:11 hours
rlimit (soft/hard): STACK 8176k/65520k , CORE 0k/infinity , NPROC 1333/2000 , NOFILE 10240/infinity , AS infinity/infinity , CPU infinity/infinity , DATA infinity/infinity , FSIZE infinity/infinity , MEMLOCK infinity/infinity , RSS infinity/infinity
load average:2.12 1.84 1.76

CPU:total 8 (initial active 8) (1 cores per cpu, 1 threads per core) family 6 model 44 stepping 0 microcode 0x0, cmov, cx8, fxsr, mmx, sse, sse2, sse3, ssse3, sse4.1, sse4.2, popcnt, aes, clmul, tsc, tscinvbit, tscinv

Memory: 4k page, physical 8388608k(19988k free), swap 2097152k(1116928k free)

vm_info: OpenJDK 64-Bit Server VM (11.0.12+7) for bsd-amd64 JRE (11.0.12+7), built on Jul 21 2021 09:19:19 by "jenkins" with clang 4.2.1 Compatible Apple LLVM 10.0.1 (clang-1001.0.46.4)

END.
